Flow report for blocking_and_non-blocking
Mon Oct 05 16:20:51 2020
Quartus Prime Version 15.1.0 Build 185 10/21/2015 SJ Lite Edition


---------------------
; Table of Contents ;
---------------------
  1. Legal Notice
  2. Flow Summary
  3. Flow Settings
  4. Flow Non-Default Global Settings
  5. Flow Elapsed Time
  6. Flow OS Summary
  7. Flow Log
  8. Flow Messages
  9. Flow Suppressed Messages



----------------
; Legal Notice ;
----------------
Copyright (C) 1991-2015 Altera Corporation. All rights reserved.
Your use of Altera Corporation's design tools, logic functions 
and other software and tools, and its AMPP partner logic 
functions, and any output files from any of the foregoing 
(including device programming or simulation files), and any 
associated documentation or information are expressly subject 
to the terms and conditions of the Altera Program License 
Subscription Agreement, the Altera Quartus Prime License Agreement,
the Altera MegaCore Function License Agreement, or other 
applicable license agreement, including, without limitation, 
that your use is for the sole purpose of programming logic 
devices manufactured by Altera and sold by Altera or its 
authorized distributors.  Please refer to the applicable 
agreement for further details.



+-------------------------------------------------------------------------------+
; Flow Summary                                                                  ;
+---------------------------------+---------------------------------------------+
; Flow Status                     ; Successful - Mon Oct 05 16:20:51 2020       ;
; Quartus Prime Version           ; 15.1.0 Build 185 10/21/2015 SJ Lite Edition ;
; Revision Name                   ; blocking_and_non-blocking                   ;
; Top-level Entity Name           ; blocking_and_nonblocking                    ;
; Family                          ; Cyclone V                                   ;
; Device                          ; 5CSXFC6D6F31C6                              ;
; Timing Models                   ; Final                                       ;
; Logic utilization (in ALMs)     ; 2 / 41,910 ( < 1 % )                        ;
; Total registers                 ; 4                                           ;
; Total pins                      ; 6 / 499 ( 1 % )                             ;
; Total virtual pins              ; 0                                           ;
; Total block memory bits         ; 0 / 5,662,720 ( 0 % )                       ;
; Total DSP Blocks                ; 0 / 112 ( 0 % )                             ;
; Total HSSI RX PCSs              ; 0 / 9 ( 0 % )                               ;
; Total HSSI PMA RX Deserializers ; 0 / 9 ( 0 % )                               ;
; Total HSSI TX PCSs              ; 0 / 9 ( 0 % )                               ;
; Total HSSI PMA TX Serializers   ; 0 / 9 ( 0 % )                               ;
; Total PLLs                      ; 0 / 15 ( 0 % )                              ;
; Total DLLs                      ; 0 / 4 ( 0 % )                               ;
+---------------------------------+---------------------------------------------+


+-----------------------------------------------+
; Flow Settings                                 ;
+-------------------+---------------------------+
; Option            ; Setting                   ;
+-------------------+---------------------------+
; Start date & time ; 10/05/2020 16:19:51       ;
; Main task         ; Compilation               ;
; Revision Name     ; blocking_and_non-blocking ;
+-------------------+---------------------------+


+-----------------------------------------------------------------------------------------------------------------------------------------------------+
; Flow Non-Default Global Settings                                                                                                                    ;
+-------------------------------------+---------------------------------------+---------------------------+--------------------------+----------------+
; Assignment Name                     ; Value                                 ; Default Value             ; Entity Name              ; Section Id     ;
+-------------------------------------+---------------------------------------+---------------------------+--------------------------+----------------+
; COMPILER_SIGNATURE_ID               ; 929355109236.160188239107080          ; --                        ; --                       ; --             ;
; EDA_OUTPUT_DATA_FORMAT              ; Vhdl                                  ; --                        ; --                       ; eda_simulation ;
; EDA_SIMULATION_TOOL                 ; ModelSim-Altera (VHDL)                ; <None>                    ; --                       ; --             ;
; MAX_CORE_JUNCTION_TEMP              ; 85                                    ; --                        ; --                       ; --             ;
; MIN_CORE_JUNCTION_TEMP              ; 0                                     ; --                        ; --                       ; --             ;
; PARTITION_COLOR                     ; 16764057                              ; --                        ; blocking_and_nonblocking ; Top            ;
; PARTITION_FITTER_PRESERVATION_LEVEL ; PLACEMENT_AND_ROUTING                 ; --                        ; blocking_and_nonblocking ; Top            ;
; PARTITION_NETLIST_TYPE              ; SOURCE                                ; --                        ; blocking_and_nonblocking ; Top            ;
; POWER_BOARD_THERMAL_MODEL           ; None (CONSERVATIVE)                   ; --                        ; --                       ; --             ;
; POWER_PRESET_COOLING_SOLUTION       ; 23 MM HEAT SINK WITH 200 LFPM AIRFLOW ; --                        ; --                       ; --             ;
; PROJECT_OUTPUT_DIRECTORY            ; output_files                          ; --                        ; --                       ; --             ;
; TOP_LEVEL_ENTITY                    ; blocking_and_nonblocking              ; blocking_and_non-blocking ; --                       ; --             ;
+-------------------------------------+---------------------------------------+---------------------------+--------------------------+----------------+


+-------------------------------------------------------------------------------------------------------------------------------+
; Flow Elapsed Time                                                                                                             ;
+---------------------------+--------------+-------------------------+---------------------+------------------------------------+
; Module Name               ; Elapsed Time ; Average Processors Used ; Peak Virtual Memory ; Total CPU Time (on all processors) ;
+---------------------------+--------------+-------------------------+---------------------+------------------------------------+
; Analysis & Synthesis      ; 00:00:08     ; 1.0                     ; 5031 MB             ; 00:00:17                           ;
; Fitter                    ; 00:00:26     ; 1.0                     ; 6896 MB             ; 00:01:03                           ;
; Assembler                 ; 00:00:07     ; 1.0                     ; 5004 MB             ; 00:00:07                           ;
; TimeQuest Timing Analyzer ; 00:00:04     ; 1.0                     ; 5320 MB             ; 00:00:04                           ;
; EDA Netlist Writer        ; 00:00:01     ; 1.0                     ; 4906 MB             ; 00:00:01                           ;
; Total                     ; 00:00:46     ; --                      ; --                  ; 00:01:32                           ;
+---------------------------+--------------+-------------------------+---------------------+------------------------------------+


+----------------------------------------------------------------------------------------+
; Flow OS Summary                                                                        ;
+---------------------------+------------------+-----------+------------+----------------+
; Module Name               ; Machine Hostname ; OS Name   ; OS Version ; Processor type ;
+---------------------------+------------------+-----------+------------+----------------+
; Analysis & Synthesis      ; DESKTOP-SAVO7VV  ; Windows 8 ; 6.2        ; x86_64         ;
; Fitter                    ; DESKTOP-SAVO7VV  ; Windows 8 ; 6.2        ; x86_64         ;
; Assembler                 ; DESKTOP-SAVO7VV  ; Windows 8 ; 6.2        ; x86_64         ;
; TimeQuest Timing Analyzer ; DESKTOP-SAVO7VV  ; Windows 8 ; 6.2        ; x86_64         ;
; EDA Netlist Writer        ; DESKTOP-SAVO7VV  ; Windows 8 ; 6.2        ; x86_64         ;
+---------------------------+------------------+-----------+------------+----------------+


------------
; Flow Log ;
------------
quartus_map --read_settings_files=on --write_settings_files=off blocking_and_non-blocking -c blocking_and_non-blocking
quartus_fit --read_settings_files=off --write_settings_files=off blocking_and_non-blocking -c blocking_and_non-blocking
quartus_asm --read_settings_files=off --write_settings_files=off blocking_and_non-blocking -c blocking_and_non-blocking
quartus_sta blocking_and_non-blocking -c blocking_and_non-blocking
quartus_eda --read_settings_files=off --write_settings_files=off blocking_and_non-blocking -c blocking_and_non-blocking



