Analysis & Synthesis report for alu4
Mon Oct 05 19:33:49 2020
Quartus Prime Version 15.1.0 Build 185 10/21/2015 SJ Lite Edition


---------------------
; Table of Contents ;
---------------------
  1. Legal Notice
  2. Analysis & Synthesis Summary
  3. Analysis & Synthesis Settings
  4. Parallel Compilation
  5. Analysis & Synthesis Source Files Read
  6. Analysis & Synthesis Resource Usage Summary
  7. Analysis & Synthesis Resource Utilization by Entity
  8. General Register Statistics
  9. Multiplexer Restructuring Statistics (Restructuring Performed)
 10. Port Connectivity Checks: "cla4_ov:U7_sub"
 11. Port Connectivity Checks: "cla4_ov:U6_add"
 12. Post-Synthesis Netlist Statistics for Top Partition
 13. Elapsed Time Per Partition
 14. Analysis & Synthesis Messages



----------------
; Legal Notice ;
----------------
Copyright (C) 1991-2015 Altera Corporation. All rights reserved.
Your use of Altera Corporation's design tools, logic functions 
and other software and tools, and its AMPP partner logic 
functions, and any output files from any of the foregoing 
(including device programming or simulation files), and any 
associated documentation or information are expressly subject 
to the terms and conditions of the Altera Program License 
Subscription Agreement, the Altera Quartus Prime License Agreement,
the Altera MegaCore Function License Agreement, or other 
applicable license agreement, including, without limitation, 
that your use is for the sole purpose of programming logic 
devices manufactured by Altera and sold by Altera or its 
authorized distributors.  Please refer to the applicable 
agreement for further details.



+-------------------------------------------------------------------------------+
; Analysis & Synthesis Summary                                                  ;
+---------------------------------+---------------------------------------------+
; Analysis & Synthesis Status     ; Successful - Mon Oct 05 19:33:49 2020       ;
; Quartus Prime Version           ; 15.1.0 Build 185 10/21/2015 SJ Lite Edition ;
; Revision Name                   ; alu4                                        ;
; Top-level Entity Name           ; alu4                                        ;
; Family                          ; Cyclone V                                   ;
; Logic utilization (in ALMs)     ; N/A                                         ;
; Total registers                 ; 0                                           ;
; Total pins                      ; 19                                          ;
; Total virtual pins              ; 0                                           ;
; Total block memory bits         ; 0                                           ;
; Total DSP Blocks                ; 0                                           ;
; Total HSSI RX PCSs              ; 0                                           ;
; Total HSSI PMA RX Deserializers ; 0                                           ;
; Total HSSI TX PCSs              ; 0                                           ;
; Total HSSI PMA TX Serializers   ; 0                                           ;
; Total PLLs                      ; 0                                           ;
; Total DLLs                      ; 0                                           ;
+---------------------------------+---------------------------------------------+


+---------------------------------------------------------------------------------------------------------------------------+
; Analysis & Synthesis Settings                                                                                             ;
+---------------------------------------------------------------------------------+--------------------+--------------------+
; Option                                                                          ; Setting            ; Default Value      ;
+---------------------------------------------------------------------------------+--------------------+--------------------+
; Device                                                                          ; 5CSXFC6D6F31C6     ;                    ;
; Top-level entity name                                                           ; alu4               ; alu4               ;
; Family name                                                                     ; Cyclone V          ; Cyclone V          ;
; Use smart compilation                                                           ; Off                ; Off                ;
; Enable parallel Assembler and TimeQuest Timing Analyzer during compilation      ; On                 ; On                 ;
; Enable compact report table                                                     ; Off                ; Off                ;
; Restructure Multiplexers                                                        ; Auto               ; Auto               ;
; MLAB Add Timing Constraints For Mixed-Port Feed-Through Mode Setting Don't Care ; Off                ; Off                ;
; Create Debugging Nodes for IP Cores                                             ; Off                ; Off                ;
; Preserve fewer node names                                                       ; On                 ; On                 ;
; Disable OpenCore Plus hardware evaluation                                       ; Off                ; Off                ;
; Verilog Version                                                                 ; Verilog_2001       ; Verilog_2001       ;
; VHDL Version                                                                    ; VHDL_1993          ; VHDL_1993          ;
; State Machine Processing                                                        ; Auto               ; Auto               ;
; Safe State Machine                                                              ; Off                ; Off                ;
; Extract Verilog State Machines                                                  ; On                 ; On                 ;
; Extract VHDL State Machines                                                     ; On                 ; On                 ;
; Ignore Verilog initial constructs                                               ; Off                ; Off                ;
; Iteration limit for constant Verilog loops                                      ; 5000               ; 5000               ;
; Iteration limit for non-constant Verilog loops                                  ; 250                ; 250                ;
; Add Pass-Through Logic to Inferred RAMs                                         ; On                 ; On                 ;
; Infer RAMs from Raw Logic                                                       ; On                 ; On                 ;
; Parallel Synthesis                                                              ; On                 ; On                 ;
; DSP Block Balancing                                                             ; Auto               ; Auto               ;
; NOT Gate Push-Back                                                              ; On                 ; On                 ;
; Power-Up Don't Care                                                             ; On                 ; On                 ;
; Remove Redundant Logic Cells                                                    ; Off                ; Off                ;
; Remove Duplicate Registers                                                      ; On                 ; On                 ;
; Ignore CARRY Buffers                                                            ; Off                ; Off                ;
; Ignore CASCADE Buffers                                                          ; Off                ; Off                ;
; Ignore GLOBAL Buffers                                                           ; Off                ; Off                ;
; Ignore ROW GLOBAL Buffers                                                       ; Off                ; Off                ;
; Ignore LCELL Buffers                                                            ; Off                ; Off                ;
; Ignore SOFT Buffers                                                             ; On                 ; On                 ;
; Limit AHDL Integers to 32 Bits                                                  ; Off                ; Off                ;
; Optimization Technique                                                          ; Balanced           ; Balanced           ;
; Carry Chain Length                                                              ; 70                 ; 70                 ;
; Auto Carry Chains                                                               ; On                 ; On                 ;
; Auto Open-Drain Pins                                                            ; On                 ; On                 ;
; Perform WYSIWYG Primitive Resynthesis                                           ; Off                ; Off                ;
; Auto ROM Replacement                                                            ; On                 ; On                 ;
; Auto RAM Replacement                                                            ; On                 ; On                 ;
; Auto DSP Block Replacement                                                      ; On                 ; On                 ;
; Auto Shift Register Replacement                                                 ; Auto               ; Auto               ;
; Allow Shift Register Merging across Hierarchies                                 ; Auto               ; Auto               ;
; Auto Clock Enable Replacement                                                   ; On                 ; On                 ;
; Strict RAM Replacement                                                          ; Off                ; Off                ;
; Allow Synchronous Control Signals                                               ; On                 ; On                 ;
; Force Use of Synchronous Clear Signals                                          ; Off                ; Off                ;
; Auto Resource Sharing                                                           ; Off                ; Off                ;
; Allow Any RAM Size For Recognition                                              ; Off                ; Off                ;
; Allow Any ROM Size For Recognition                                              ; Off                ; Off                ;
; Allow Any Shift Register Size For Recognition                                   ; Off                ; Off                ;
; Use LogicLock Constraints during Resource Balancing                             ; On                 ; On                 ;
; Ignore translate_off and synthesis_off directives                               ; Off                ; Off                ;
; Timing-Driven Synthesis                                                         ; On                 ; On                 ;
; Report Parameter Settings                                                       ; On                 ; On                 ;
; Report Source Assignments                                                       ; On                 ; On                 ;
; Report Connectivity Checks                                                      ; On                 ; On                 ;
; Ignore Maximum Fan-Out Assignments                                              ; Off                ; Off                ;
; Synchronization Register Chain Length                                           ; 3                  ; 3                  ;
; PowerPlay Power Optimization During Synthesis                                   ; Normal compilation ; Normal compilation ;
; HDL message level                                                               ; Level2             ; Level2             ;
; Suppress Register Optimization Related Messages                                 ; Off                ; Off                ;
; Number of Removed Registers Reported in Synthesis Report                        ; 5000               ; 5000               ;
; Number of Swept Nodes Reported in Synthesis Report                              ; 5000               ; 5000               ;
; Number of Inverted Registers Reported in Synthesis Report                       ; 100                ; 100                ;
; Clock MUX Protection                                                            ; On                 ; On                 ;
; Auto Gated Clock Conversion                                                     ; Off                ; Off                ;
; Block Design Naming                                                             ; Auto               ; Auto               ;
; SDC constraint protection                                                       ; Off                ; Off                ;
; Synthesis Effort                                                                ; Auto               ; Auto               ;
; Shift Register Replacement - Allow Asynchronous Clear Signal                    ; On                 ; On                 ;
; Pre-Mapping Resynthesis Optimization                                            ; Off                ; Off                ;
; Analysis & Synthesis Message Level                                              ; Medium             ; Medium             ;
; Disable Register Merging Across Hierarchies                                     ; Auto               ; Auto               ;
; Resource Aware Inference For Block RAM                                          ; On                 ; On                 ;
; Synthesis Seed                                                                  ; 1                  ; 1                  ;
; Automatic Parallel Synthesis                                                    ; On                 ; On                 ;
; Partial Reconfiguration Bitstream ID                                            ; Off                ; Off                ;
+---------------------------------------------------------------------------------+--------------------+--------------------+


+------------------------------------------+
; Parallel Compilation                     ;
+----------------------------+-------------+
; Processors                 ; Number      ;
+----------------------------+-------------+
; Number detected on machine ; 12          ;
; Maximum allowed            ; 6           ;
;                            ;             ;
; Average used               ; 1.00        ;
; Maximum used               ; 1           ;
;                            ;             ;
; Usage by Processor         ; % Time Used ;
;     Processor 1            ; 100.0%      ;
+----------------------------+-------------+


+-------------------------------------------------------------------------------------------------------------------------------------+
; Analysis & Synthesis Source Files Read                                                                                              ;
+----------------------------------+-----------------+------------------------------+---------------------------------------+---------+
; File Name with User-Entered Path ; Used in Netlist ; File Type                    ; File Name with Absolute Path          ; Library ;
+----------------------------------+-----------------+------------------------------+---------------------------------------+---------+
; gates.v                          ; yes             ; User Verilog HDL File        ; C:/Users/jjaa7/Desktop/1/gates.v      ;         ;
; cla4_ov.v                        ; yes             ; User Verilog HDL File        ; C:/Users/jjaa7/Desktop/1/cla4_ov.v    ;         ;
; mx2.v                            ; yes             ; User Verilog HDL File        ; C:/Users/jjaa7/Desktop/1/mx2.v        ;         ;
; mx8.v                            ; yes             ; User Verilog HDL File        ; C:/Users/jjaa7/Desktop/1/mx8.v        ;         ;
; mx8_4bits.v                      ; yes             ; User Verilog HDL File        ; C:/Users/jjaa7/Desktop/1/mx8_4bits.v  ;         ;
; fa_v2.v                          ; yes             ; User Verilog HDL File        ; C:/Users/jjaa7/Desktop/1/fa_v2.v      ;         ;
; clb4.v                           ; yes             ; User Verilog HDL File        ; C:/Users/jjaa7/Desktop/1/clb4.v       ;         ;
; alu4.v                           ; yes             ; User Verilog HDL File        ; C:/Users/jjaa7/Desktop/1/alu4.v       ;         ;
; cal_flags4.v                     ; yes             ; Auto-Found Verilog HDL File  ; C:/Users/jjaa7/Desktop/1/cal_flags4.v ;         ;
+----------------------------------+-----------------+------------------------------+---------------------------------------+---------+


+-----------------------------------------------------------+
; Analysis & Synthesis Resource Usage Summary               ;
+---------------------------------------------+-------------+
; Resource                                    ; Usage       ;
+---------------------------------------------+-------------+
; Estimate of Logic utilization (ALMs needed) ; 12          ;
;                                             ;             ;
; Combinational ALUT usage for logic          ; 18          ;
;     -- 7 input functions                    ; 2           ;
;     -- 6 input functions                    ; 3           ;
;     -- 5 input functions                    ; 4           ;
;     -- 4 input functions                    ; 6           ;
;     -- <=3 input functions                  ; 3           ;
;                                             ;             ;
; Dedicated logic registers                   ; 0           ;
;                                             ;             ;
; I/O pins                                    ; 19          ;
;                                             ;             ;
; Total DSP Blocks                            ; 0           ;
;                                             ;             ;
; Maximum fan-out node                        ; op[2]~input ;
; Maximum fan-out                             ; 7           ;
; Total fan-out                               ; 112         ;
; Average fan-out                             ; 2.00        ;
+---------------------------------------------+-------------+


+-------------------------------------------------------------------------------------------------------------------------------------------------------------------------------------------------------------+
; Analysis & Synthesis Resource Utilization by Entity                                                                                                                                                         ;
+-------------------------------+-------------------+--------------+-------------------+------------+------+--------------+--------------------------------------------------------------------+--------------+
; Compilation Hierarchy Node    ; LC Combinationals ; LC Registers ; Block Memory Bits ; DSP Blocks ; Pins ; Virtual Pins ; Full Hierarchy Name                                                ; Library Name ;
+-------------------------------+-------------------+--------------+-------------------+------------+------+--------------+--------------------------------------------------------------------+--------------+
; |alu4                         ; 18 (0)            ; 0 (0)        ; 0                 ; 0          ; 19   ; 0            ; |alu4                                                              ; work         ;
;    |cal_flags4:U9_cal_flags4| ; 3 (3)             ; 0 (0)        ; 0                 ; 0          ; 0    ; 0            ; |alu4|cal_flags4:U9_cal_flags4                                     ; work         ;
;    |cla4_ov:U6_add|           ; 3 (0)             ; 0 (0)        ; 0                 ; 0          ; 0    ; 0            ; |alu4|cla4_ov:U6_add                                               ; work         ;
;       |clb4:U4_clb4|          ; 3 (0)             ; 0 (0)        ; 0                 ; 0          ; 0    ; 0            ; |alu4|cla4_ov:U6_add|clb4:U4_clb4                                  ; work         ;
;          |_or3:U11_or3|       ; 1 (1)             ; 0 (0)        ; 0                 ; 0          ; 0    ; 0            ; |alu4|cla4_ov:U6_add|clb4:U4_clb4|_or3:U11_or3                     ; work         ;
;          |_or4:U15_or4|       ; 1 (1)             ; 0 (0)        ; 0                 ; 0          ; 0    ; 0            ; |alu4|cla4_ov:U6_add|clb4:U4_clb4|_or4:U15_or4                     ; work         ;
;          |_or5:U20_or5|       ; 1 (1)             ; 0 (0)        ; 0                 ; 0          ; 0    ; 0            ; |alu4|cla4_ov:U6_add|clb4:U4_clb4|_or5:U20_or5                     ; work         ;
;    |cla4_ov:U7_sub|           ; 4 (0)             ; 0 (0)        ; 0                 ; 0          ; 0    ; 0            ; |alu4|cla4_ov:U7_sub                                               ; work         ;
;       |clb4:U4_clb4|          ; 4 (0)             ; 0 (0)        ; 0                 ; 0          ; 0    ; 0            ; |alu4|cla4_ov:U7_sub|clb4:U4_clb4                                  ; work         ;
;          |_or3:U11_or3|       ; 1 (1)             ; 0 (0)        ; 0                 ; 0          ; 0    ; 0            ; |alu4|cla4_ov:U7_sub|clb4:U4_clb4|_or3:U11_or3                     ; work         ;
;          |_or4:U15_or4|       ; 1 (1)             ; 0 (0)        ; 0                 ; 0          ; 0    ; 0            ; |alu4|cla4_ov:U7_sub|clb4:U4_clb4|_or4:U15_or4                     ; work         ;
;          |_or5:U20_or5|       ; 2 (2)             ; 0 (0)        ; 0                 ; 0          ; 0    ; 0            ; |alu4|cla4_ov:U7_sub|clb4:U4_clb4|_or5:U20_or5                     ; work         ;
;    |mx8_4bits:U8_mx8_4bits|   ; 8 (0)             ; 0 (0)        ; 0                 ; 0          ; 0    ; 0            ; |alu4|mx8_4bits:U8_mx8_4bits                                       ; work         ;
;       |mx8:U0_mx8|            ; 1 (0)             ; 0 (0)        ; 0                 ; 0          ; 0    ; 0            ; |alu4|mx8_4bits:U8_mx8_4bits|mx8:U0_mx8                            ; work         ;
;          |mx2:U4_mx2|         ; 1 (0)             ; 0 (0)        ; 0                 ; 0          ; 0    ; 0            ; |alu4|mx8_4bits:U8_mx8_4bits|mx8:U0_mx8|mx2:U4_mx2                 ; work         ;
;             |_nand2:U3_nand2| ; 1 (1)             ; 0 (0)        ; 0                 ; 0          ; 0    ; 0            ; |alu4|mx8_4bits:U8_mx8_4bits|mx8:U0_mx8|mx2:U4_mx2|_nand2:U3_nand2 ; work         ;
;       |mx8:U1_mx8|            ; 5 (0)             ; 0 (0)        ; 0                 ; 0          ; 0    ; 0            ; |alu4|mx8_4bits:U8_mx8_4bits|mx8:U1_mx8                            ; work         ;
;          |mx2:U4_mx2|         ; 5 (0)             ; 0 (0)        ; 0                 ; 0          ; 0    ; 0            ; |alu4|mx8_4bits:U8_mx8_4bits|mx8:U1_mx8|mx2:U4_mx2                 ; work         ;
;             |_nand2:U3_nand2| ; 5 (5)             ; 0 (0)        ; 0                 ; 0          ; 0    ; 0            ; |alu4|mx8_4bits:U8_mx8_4bits|mx8:U1_mx8|mx2:U4_mx2|_nand2:U3_nand2 ; work         ;
;       |mx8:U2_mx8|            ; 1 (0)             ; 0 (0)        ; 0                 ; 0          ; 0    ; 0            ; |alu4|mx8_4bits:U8_mx8_4bits|mx8:U2_mx8                            ; work         ;
;          |mx2:U4_mx2|         ; 1 (0)             ; 0 (0)        ; 0                 ; 0          ; 0    ; 0            ; |alu4|mx8_4bits:U8_mx8_4bits|mx8:U2_mx8|mx2:U4_mx2                 ; work         ;
;             |_nand2:U3_nand2| ; 1 (1)             ; 0 (0)        ; 0                 ; 0          ; 0    ; 0            ; |alu4|mx8_4bits:U8_mx8_4bits|mx8:U2_mx8|mx2:U4_mx2|_nand2:U3_nand2 ; work         ;
;       |mx8:U3_mx8|            ; 1 (0)             ; 0 (0)        ; 0                 ; 0          ; 0    ; 0            ; |alu4|mx8_4bits:U8_mx8_4bits|mx8:U3_mx8                            ; work         ;
;          |mx2:U4_mx2|         ; 1 (0)             ; 0 (0)        ; 0                 ; 0          ; 0    ; 0            ; |alu4|mx8_4bits:U8_mx8_4bits|mx8:U3_mx8|mx2:U4_mx2                 ; work         ;
;             |_nand2:U3_nand2| ; 1 (1)             ; 0 (0)        ; 0                 ; 0          ; 0    ; 0            ; |alu4|mx8_4bits:U8_mx8_4bits|mx8:U3_mx8|mx2:U4_mx2|_nand2:U3_nand2 ; work         ;
+-------------------------------+-------------------+--------------+-------------------+------------+------+--------------+--------------------------------------------------------------------+--------------+
Note: For table entries with two numbers listed, the numbers in parentheses indicate the number of resources of the given type used by the specific entity alone. The numbers listed outside of parentheses indicate the total resources of the given type used by the specific entity and all of its sub-entities in the hierarchy.


+------------------------------------------------------+
; General Register Statistics                          ;
+----------------------------------------------+-------+
; Statistic                                    ; Value ;
+----------------------------------------------+-------+
; Total registers                              ; 0     ;
; Number of registers using Synchronous Clear  ; 0     ;
; Number of registers using Synchronous Load   ; 0     ;
; Number of registers using Asynchronous Clear ; 0     ;
; Number of registers using Asynchronous Load  ; 0     ;
; Number of registers using Clock Enable       ; 0     ;
; Number of registers using Preset             ; 0     ;
+----------------------------------------------+-------+


+------------------------------------------------------------------------------------------------------------------------------------------------+
; Multiplexer Restructuring Statistics (Restructuring Performed)                                                                                 ;
+--------------------+-----------+---------------+----------------------+------------------------+------------+----------------------------------+
; Multiplexer Inputs ; Bus Width ; Baseline Area ; Area if Restructured ; Saving if Restructured ; Registered ; Example Multiplexer Output       ;
+--------------------+-----------+---------------+----------------------+------------------------+------------+----------------------------------+
; 3:1                ; 2 bits    ; 4 LEs         ; 4 LEs                ; 0 LEs                  ; No         ; |alu4|cal_flags4:U9_cal_flags4|c ;
+--------------------+-----------+---------------+----------------------+------------------------+------------+----------------------------------+


+--------------------------------------------+
; Port Connectivity Checks: "cla4_ov:U7_sub" ;
+------+-------+----------+------------------+
; Port ; Type  ; Severity ; Details          ;
+------+-------+----------+------------------+
; ci   ; Input ; Info     ; Stuck at VCC     ;
+------+-------+----------+------------------+


+--------------------------------------------+
; Port Connectivity Checks: "cla4_ov:U6_add" ;
+------+-------+----------+------------------+
; Port ; Type  ; Severity ; Details          ;
+------+-------+----------+------------------+
; ci   ; Input ; Info     ; Stuck at GND     ;
+------+-------+----------+------------------+


+-----------------------------------------------------+
; Post-Synthesis Netlist Statistics for Top Partition ;
+-----------------------+-----------------------------+
; Type                  ; Count                       ;
+-----------------------+-----------------------------+
; arriav_lcell_comb     ; 18                          ;
;     extend            ; 2                           ;
;         7 data inputs ; 2                           ;
;     normal            ; 16                          ;
;         3 data inputs ; 3                           ;
;         4 data inputs ; 6                           ;
;         5 data inputs ; 4                           ;
;         6 data inputs ; 3                           ;
; boundary_port         ; 19                          ;
;                       ;                             ;
; Max LUT depth         ; 3.00                        ;
; Average LUT depth     ; 2.83                        ;
+-----------------------+-----------------------------+


+-------------------------------+
; Elapsed Time Per Partition    ;
+----------------+--------------+
; Partition Name ; Elapsed Time ;
+----------------+--------------+
; Top            ; 00:00:00     ;
+----------------+--------------+


+-------------------------------+
; Analysis & Synthesis Messages ;
+-------------------------------+
Info: *******************************************************************
Info: Running Quartus Prime Analysis & Synthesis
    Info: Version 15.1.0 Build 185 10/21/2015 SJ Lite Edition
    Info: Processing started: Mon Oct 05 19:33:40 2020
Info: Command: quartus_map --read_settings_files=on --write_settings_files=off alu4 -c alu4
Info (20030): Parallel compilation is enabled and will use 6 of the 6 processors detected
Info (12021): Found 16 design units, including 16 entities, in source file gates.v
    Info (12023): Found entity 1: _inv File: C:/Users/jjaa7/Desktop/1/gates.v Line: 1
    Info (12023): Found entity 2: _nand2 File: C:/Users/jjaa7/Desktop/1/gates.v Line: 7
    Info (12023): Found entity 3: _and2 File: C:/Users/jjaa7/Desktop/1/gates.v Line: 13
    Info (12023): Found entity 4: _or2 File: C:/Users/jjaa7/Desktop/1/gates.v Line: 19
    Info (12023): Found entity 5: _xor2 File: C:/Users/jjaa7/Desktop/1/gates.v Line: 25
    Info (12023): Found entity 6: _and3 File: C:/Users/jjaa7/Desktop/1/gates.v Line: 37
    Info (12023): Found entity 7: _and4 File: C:/Users/jjaa7/Desktop/1/gates.v Line: 43
    Info (12023): Found entity 8: _and5 File: C:/Users/jjaa7/Desktop/1/gates.v Line: 49
    Info (12023): Found entity 9: _or3 File: C:/Users/jjaa7/Desktop/1/gates.v Line: 55
    Info (12023): Found entity 10: _or4 File: C:/Users/jjaa7/Desktop/1/gates.v Line: 61
    Info (12023): Found entity 11: _or5 File: C:/Users/jjaa7/Desktop/1/gates.v Line: 67
    Info (12023): Found entity 12: _inv_4bits File: C:/Users/jjaa7/Desktop/1/gates.v Line: 73
    Info (12023): Found entity 13: _and2_4bits File: C:/Users/jjaa7/Desktop/1/gates.v Line: 79
    Info (12023): Found entity 14: _or2_4bits File: C:/Users/jjaa7/Desktop/1/gates.v Line: 85
    Info (12023): Found entity 15: _xor2_4bits File: C:/Users/jjaa7/Desktop/1/gates.v Line: 91
    Info (12023): Found entity 16: _xnor2_4bits File: C:/Users/jjaa7/Desktop/1/gates.v Line: 100
Info (12021): Found 1 design units, including 1 entities, in source file cla4_ov.v
    Info (12023): Found entity 1: cla4_ov File: C:/Users/jjaa7/Desktop/1/cla4_ov.v Line: 1
Info (12021): Found 1 design units, including 1 entities, in source file mx2.v
    Info (12023): Found entity 1: mx2 File: C:/Users/jjaa7/Desktop/1/mx2.v Line: 1
Info (12021): Found 1 design units, including 1 entities, in source file mx8.v
    Info (12023): Found entity 1: mx8 File: C:/Users/jjaa7/Desktop/1/mx8.v Line: 1
Info (12021): Found 1 design units, including 1 entities, in source file mx8_4bits.v
    Info (12023): Found entity 1: mx8_4bits File: C:/Users/jjaa7/Desktop/1/mx8_4bits.v Line: 1
Warning (12019): Can't analyze file -- file cal_flages4.v is missing
Info (12021): Found 1 design units, including 1 entities, in source file tb_alu4.v
    Info (12023): Found entity 1: tb_alu4 File: C:/Users/jjaa7/Desktop/1/tb_alu4.v Line: 2
Info (12021): Found 1 design units, including 1 entities, in source file fa_v2.v
    Info (12023): Found entity 1: fa_v2 File: C:/Users/jjaa7/Desktop/1/fa_v2.v Line: 1
Info (12021): Found 1 design units, including 1 entities, in source file clb4.v
    Info (12023): Found entity 1: clb4 File: C:/Users/jjaa7/Desktop/1/clb4.v Line: 1
Info (12021): Found 1 design units, including 1 entities, in source file alu4.v
    Info (12023): Found entity 1: alu4 File: C:/Users/jjaa7/Desktop/1/alu4.v Line: 1
Warning (12019): Can't analyze file -- file Sillyfunction.v is missing
Info (12127): Elaborating entity "alu4" for the top level hierarchy
Info (12128): Elaborating entity "_inv_4bits" for hierarchy "_inv_4bits:U0_inv_4bits" File: C:/Users/jjaa7/Desktop/1/alu4.v Line: 10
Info (12128): Elaborating entity "_and2_4bits" for hierarchy "_and2_4bits:U2_and2_4bits" File: C:/Users/jjaa7/Desktop/1/alu4.v Line: 12
Info (12128): Elaborating entity "_or2_4bits" for hierarchy "_or2_4bits:U3_or2_4bits" File: C:/Users/jjaa7/Desktop/1/alu4.v Line: 13
Info (12128): Elaborating entity "_xor2_4bits" for hierarchy "_xor2_4bits:U4_xor2_4bits" File: C:/Users/jjaa7/Desktop/1/alu4.v Line: 14
Info (12128): Elaborating entity "_xor2" for hierarchy "_xor2_4bits:U4_xor2_4bits|_xor2:U0_xor2" File: C:/Users/jjaa7/Desktop/1/gates.v Line: 94
Info (12128): Elaborating entity "_inv" for hierarchy "_xor2_4bits:U4_xor2_4bits|_xor2:U0_xor2|_inv:U0_inv" File: C:/Users/jjaa7/Desktop/1/gates.v Line: 30
Info (12128): Elaborating entity "_and2" for hierarchy "_xor2_4bits:U4_xor2_4bits|_xor2:U0_xor2|_and2:U2_and2" File: C:/Users/jjaa7/Desktop/1/gates.v Line: 32
Info (12128): Elaborating entity "_or2" for hierarchy "_xor2_4bits:U4_xor2_4bits|_xor2:U0_xor2|_or2:U4_or2" File: C:/Users/jjaa7/Desktop/1/gates.v Line: 34
Info (12128): Elaborating entity "_xnor2_4bits" for hierarchy "_xnor2_4bits:U5_xnor2_4bits" File: C:/Users/jjaa7/Desktop/1/alu4.v Line: 15
Info (12128): Elaborating entity "cla4_ov" for hierarchy "cla4_ov:U6_add" File: C:/Users/jjaa7/Desktop/1/alu4.v Line: 16
Info (12128): Elaborating entity "fa_v2" for hierarchy "cla4_ov:U6_add|fa_v2:U0_fa" File: C:/Users/jjaa7/Desktop/1/cla4_ov.v Line: 7
Info (12128): Elaborating entity "clb4" for hierarchy "cla4_ov:U6_add|clb4:U4_clb4" File: C:/Users/jjaa7/Desktop/1/cla4_ov.v Line: 11
Info (12128): Elaborating entity "_and3" for hierarchy "cla4_ov:U6_add|clb4:U4_clb4|_and3:U10_and3" File: C:/Users/jjaa7/Desktop/1/clb4.v Line: 37
Info (12128): Elaborating entity "_or3" for hierarchy "cla4_ov:U6_add|clb4:U4_clb4|_or3:U11_or3" File: C:/Users/jjaa7/Desktop/1/clb4.v Line: 38
Info (12128): Elaborating entity "_and4" for hierarchy "cla4_ov:U6_add|clb4:U4_clb4|_and4:U14_and4" File: C:/Users/jjaa7/Desktop/1/clb4.v Line: 43
Info (12128): Elaborating entity "_or4" for hierarchy "cla4_ov:U6_add|clb4:U4_clb4|_or4:U15_or4" File: C:/Users/jjaa7/Desktop/1/clb4.v Line: 44
Info (12128): Elaborating entity "_and5" for hierarchy "cla4_ov:U6_add|clb4:U4_clb4|_and5:U19_and5" File: C:/Users/jjaa7/Desktop/1/clb4.v Line: 50
Info (12128): Elaborating entity "_or5" for hierarchy "cla4_ov:U6_add|clb4:U4_clb4|_or5:U20_or5" File: C:/Users/jjaa7/Desktop/1/clb4.v Line: 51
Info (12128): Elaborating entity "mx8_4bits" for hierarchy "mx8_4bits:U8_mx8_4bits" File: C:/Users/jjaa7/Desktop/1/alu4.v Line: 18
Info (12128): Elaborating entity "mx8" for hierarchy "mx8_4bits:U8_mx8_4bits|mx8:U0_mx8" File: C:/Users/jjaa7/Desktop/1/mx8_4bits.v Line: 5
Info (12128): Elaborating entity "mx2" for hierarchy "mx8_4bits:U8_mx8_4bits|mx8:U0_mx8|mx2:U0_mx2" File: C:/Users/jjaa7/Desktop/1/mx8.v Line: 6
Info (12128): Elaborating entity "_nand2" for hierarchy "mx8_4bits:U8_mx8_4bits|mx8:U0_mx8|mx2:U0_mx2|_nand2:U1_nand2" File: C:/Users/jjaa7/Desktop/1/mx2.v Line: 7
Warning (12125): Using design file cal_flags4.v, which is not specified as a design file for the current project, but contains definitions for 1 design units and 1 entities in project
    Info (12023): Found entity 1: cal_flags4 File: C:/Users/jjaa7/Desktop/1/cal_flags4.v Line: 1
Info (12128): Elaborating entity "cal_flags4" for hierarchy "cal_flags4:U9_cal_flags4" File: C:/Users/jjaa7/Desktop/1/alu4.v Line: 20
Info (286030): Timing-Driven Synthesis is running
Info (16010): Generating hard_block partition "hard_block:auto_generated_inst"
    Info (16011): Adding 0 node(s), including 0 DDIO, 0 PLL, 0 transceiver and 0 LCELL
Info (21057): Implemented 37 device resources after synthesis - the final resource count might be different
    Info (21058): Implemented 11 input pins
    Info (21059): Implemented 8 output pins
    Info (21061): Implemented 18 logic cells
Info: Quartus Prime Analysis & Synthesis was successful. 0 errors, 3 warnings
    Info: Peak virtual memory: 5013 megabytes
    Info: Processing ended: Mon Oct 05 19:33:49 2020
    Info: Elapsed time: 00:00:09
    Info: Total CPU time (on all processors): 00:00:19


