Analysis & Elaboration report for rca
Mon Sep 21 13:54:07 2020
Quartus Prime Version 15.1.0 Build 185 10/21/2015 SJ Lite Edition


---------------------
; Table of Contents ;
---------------------
  1. Legal Notice
  2. Analysis & Elaboration Summary
  3. Parallel Compilation
  4. Analysis & Elaboration Settings
  5. Analysis & Elaboration Messages



----------------
; Legal Notice ;
----------------
Copyright (C) 1991-2015 Altera Corporation. All rights reserved.
Your use of Altera Corporation's design tools, logic functions 
and other software and tools, and its AMPP partner logic 
functions, and any output files from any of the foregoing 
(including device programming or simulation files), and any 
associated documentation or information are expressly subject 
to the terms and conditions of the Altera Program License 
Subscription Agreement, the Altera Quartus Prime License Agreement,
the Altera MegaCore Function License Agreement, or other 
applicable license agreement, including, without limitation, 
that your use is for the sole purpose of programming logic 
devices manufactured by Altera and sold by Altera or its 
authorized distributors.  Please refer to the applicable 
agreement for further details.



+-----------------------------------------------------------------------------+
; Analysis & Elaboration Summary                                              ;
+-------------------------------+---------------------------------------------+
; Analysis & Elaboration Status ; Successful - Mon Sep 21 13:54:07 2020       ;
; Quartus Prime Version         ; 15.1.0 Build 185 10/21/2015 SJ Lite Edition ;
; Revision Name                 ; rca                                         ;
; Top-level Entity Name         ; rca                                         ;
; Family                        ; Cyclone V                                   ;
; Logic utilization (in ALMs)   ; N/A until Partition Merge                   ;
; Total registers               ; N/A until Partition Merge                   ;
; Total pins                    ; N/A until Partition Merge                   ;
; Total virtual pins            ; N/A until Partition Merge                   ;
; Total block memory bits       ; N/A until Partition Merge                   ;
; Total PLLs                    ; N/A until Partition Merge                   ;
; Total DLLs                    ; N/A until Partition Merge                   ;
+-------------------------------+---------------------------------------------+


+------------------------------------------+
; Parallel Compilation                     ;
+----------------------------+-------------+
; Processors                 ; Number      ;
+----------------------------+-------------+
; Number detected on machine ; 12          ;
; Maximum allowed            ; 6           ;
;                            ;             ;
; Average used               ; 1.00        ;
; Maximum used               ; 1           ;
;                            ;             ;
; Usage by Processor         ; % Time Used ;
;     Processor 1            ; 100.0%      ;
+----------------------------+-------------+


+---------------------------------------------------------------------------------------------------------------------------+
; Analysis & Elaboration Settings                                                                                           ;
+---------------------------------------------------------------------------------+--------------------+--------------------+
; Option                                                                          ; Setting            ; Default Value      ;
+---------------------------------------------------------------------------------+--------------------+--------------------+
; Device                                                                          ; 5CSXFC6D6F31C6     ;                    ;
; Top-level entity name                                                           ; rca                ; rca                ;
; Family name                                                                     ; Cyclone V          ; Cyclone V          ;
; Use smart compilation                                                           ; Off                ; Off                ;
; Enable parallel Assembler and TimeQuest Timing Analyzer during compilation      ; On                 ; On                 ;
; Enable compact report table                                                     ; Off                ; Off                ;
; Restructure Multiplexers                                                        ; Auto               ; Auto               ;
; MLAB Add Timing Constraints For Mixed-Port Feed-Through Mode Setting Don't Care ; Off                ; Off                ;
; Create Debugging Nodes for IP Cores                                             ; Off                ; Off                ;
; Preserve fewer node names                                                       ; On                 ; On                 ;
; Disable OpenCore Plus hardware evaluation                                       ; Off                ; Off                ;
; Verilog Version                                                                 ; Verilog_2001       ; Verilog_2001       ;
; VHDL Version                                                                    ; VHDL_1993          ; VHDL_1993          ;
; State Machine Processing                                                        ; Auto               ; Auto               ;
; Safe State Machine                                                              ; Off                ; Off                ;
; Extract Verilog State Machines                                                  ; On                 ; On                 ;
; Extract VHDL State Machines                                                     ; On                 ; On                 ;
; Ignore Verilog initial constructs                                               ; Off                ; Off                ;
; Iteration limit for constant Verilog loops                                      ; 5000               ; 5000               ;
; Iteration limit for non-constant Verilog loops                                  ; 250                ; 250                ;
; Add Pass-Through Logic to Inferred RAMs                                         ; On                 ; On                 ;
; Infer RAMs from Raw Logic                                                       ; On                 ; On                 ;
; Parallel Synthesis                                                              ; On                 ; On                 ;
; DSP Block Balancing                                                             ; Auto               ; Auto               ;
; NOT Gate Push-Back                                                              ; On                 ; On                 ;
; Power-Up Don't Care                                                             ; On                 ; On                 ;
; Remove Redundant Logic Cells                                                    ; Off                ; Off                ;
; Remove Duplicate Registers                                                      ; On                 ; On                 ;
; Ignore CARRY Buffers                                                            ; Off                ; Off                ;
; Ignore CASCADE Buffers                                                          ; Off                ; Off                ;
; Ignore GLOBAL Buffers                                                           ; Off                ; Off                ;
; Ignore ROW GLOBAL Buffers                                                       ; Off                ; Off                ;
; Ignore LCELL Buffers                                                            ; Off                ; Off                ;
; Ignore SOFT Buffers                                                             ; On                 ; On                 ;
; Limit AHDL Integers to 32 Bits                                                  ; Off                ; Off                ;
; Optimization Technique                                                          ; Balanced           ; Balanced           ;
; Carry Chain Length                                                              ; 70                 ; 70                 ;
; Auto Carry Chains                                                               ; On                 ; On                 ;
; Auto Open-Drain Pins                                                            ; On                 ; On                 ;
; Perform WYSIWYG Primitive Resynthesis                                           ; Off                ; Off                ;
; Auto ROM Replacement                                                            ; On                 ; On                 ;
; Auto RAM Replacement                                                            ; On                 ; On                 ;
; Auto DSP Block Replacement                                                      ; On                 ; On                 ;
; Auto Shift Register Replacement                                                 ; Auto               ; Auto               ;
; Allow Shift Register Merging across Hierarchies                                 ; Auto               ; Auto               ;
; Auto Clock Enable Replacement                                                   ; On                 ; On                 ;
; Strict RAM Replacement                                                          ; Off                ; Off                ;
; Allow Synchronous Control Signals                                               ; On                 ; On                 ;
; Force Use of Synchronous Clear Signals                                          ; Off                ; Off                ;
; Auto Resource Sharing                                                           ; Off                ; Off                ;
; Allow Any RAM Size For Recognition                                              ; Off                ; Off                ;
; Allow Any ROM Size For Recognition                                              ; Off                ; Off                ;
; Allow Any Shift Register Size For Recognition                                   ; Off                ; Off                ;
; Use LogicLock Constraints during Resource Balancing                             ; On                 ; On                 ;
; Ignore translate_off and synthesis_off directives                               ; Off                ; Off                ;
; Timing-Driven Synthesis                                                         ; On                 ; On                 ;
; Report Parameter Settings                                                       ; On                 ; On                 ;
; Report Source Assignments                                                       ; On                 ; On                 ;
; Report Connectivity Checks                                                      ; On                 ; On                 ;
; Ignore Maximum Fan-Out Assignments                                              ; Off                ; Off                ;
; Synchronization Register Chain Length                                           ; 3                  ; 3                  ;
; PowerPlay Power Optimization During Synthesis                                   ; Normal compilation ; Normal compilation ;
; HDL message level                                                               ; Level2             ; Level2             ;
; Suppress Register Optimization Related Messages                                 ; Off                ; Off                ;
; Number of Removed Registers Reported in Synthesis Report                        ; 5000               ; 5000               ;
; Number of Swept Nodes Reported in Synthesis Report                              ; 5000               ; 5000               ;
; Number of Inverted Registers Reported in Synthesis Report                       ; 100                ; 100                ;
; Clock MUX Protection                                                            ; On                 ; On                 ;
; Auto Gated Clock Conversion                                                     ; Off                ; Off                ;
; Block Design Naming                                                             ; Auto               ; Auto               ;
; SDC constraint protection                                                       ; Off                ; Off                ;
; Synthesis Effort                                                                ; Auto               ; Auto               ;
; Shift Register Replacement - Allow Asynchronous Clear Signal                    ; On                 ; On                 ;
; Pre-Mapping Resynthesis Optimization                                            ; Off                ; Off                ;
; Analysis & Synthesis Message Level                                              ; Medium             ; Medium             ;
; Disable Register Merging Across Hierarchies                                     ; Auto               ; Auto               ;
; Resource Aware Inference For Block RAM                                          ; On                 ; On                 ;
; Synthesis Seed                                                                  ; 1                  ; 1                  ;
; Automatic Parallel Synthesis                                                    ; On                 ; On                 ;
; Partial Reconfiguration Bitstream ID                                            ; Off                ; Off                ;
+---------------------------------------------------------------------------------+--------------------+--------------------+


+---------------------------------+
; Analysis & Elaboration Messages ;
+---------------------------------+
Info: *******************************************************************
Info: Running Quartus Prime Analysis & Elaboration
    Info: Version 15.1.0 Build 185 10/21/2015 SJ Lite Edition
    Info: Processing started: Mon Sep 21 13:54:00 2020
Info: Command: quartus_map --read_settings_files=on --write_settings_files=off rca -c rca --analysis_and_elaboration
Info (20030): Parallel compilation is enabled and will use 6 of the 6 processors detected
Info (12021): Found 1 design units, including 1 entities, in source file tb_ha.v
    Info (12023): Found entity 1: tb_ha File: C:/Users/jjaa7/Desktop/assignment2/rca/tb_ha.v Line: 2
Info (12021): Found 1 design units, including 1 entities, in source file tb_fa.v
    Info (12023): Found entity 1: tb_fa File: C:/Users/jjaa7/Desktop/assignment2/rca/tb_fa.v Line: 2
Info (12021): Found 5 design units, including 5 entities, in source file gates.v
    Info (12023): Found entity 1: _inv File: C:/Users/jjaa7/Desktop/assignment2/rca/gates.v Line: 1
    Info (12023): Found entity 2: _nand2 File: C:/Users/jjaa7/Desktop/assignment2/rca/gates.v Line: 7
    Info (12023): Found entity 3: _and2 File: C:/Users/jjaa7/Desktop/assignment2/rca/gates.v Line: 13
    Info (12023): Found entity 4: _or2 File: C:/Users/jjaa7/Desktop/assignment2/rca/gates.v Line: 19
    Info (12023): Found entity 5: _xor2 File: C:/Users/jjaa7/Desktop/assignment2/rca/gates.v Line: 25
Info (12021): Found 1 design units, including 1 entities, in source file ha.v
    Info (12023): Found entity 1: ha File: C:/Users/jjaa7/Desktop/assignment2/rca/ha.v Line: 1
Info (12021): Found 1 design units, including 1 entities, in source file fa.v
    Info (12023): Found entity 1: fa File: C:/Users/jjaa7/Desktop/assignment2/rca/fa.v Line: 1
Info (12021): Found 1 design units, including 1 entities, in source file rca.v
    Info (12023): Found entity 1: rca File: C:/Users/jjaa7/Desktop/assignment2/rca/rca.v Line: 1
Info (12021): Found 1 design units, including 1 entities, in source file tb_rca.v
    Info (12023): Found entity 1: tb_rca File: C:/Users/jjaa7/Desktop/assignment2/rca/tb_rca.v Line: 2
Info (12127): Elaborating entity "rca" for the top level hierarchy
Info (12128): Elaborating entity "fa" for hierarchy "fa:U0_fa" File: C:/Users/jjaa7/Desktop/assignment2/rca/rca.v Line: 7
Info (12128): Elaborating entity "ha" for hierarchy "fa:U0_fa|ha:U0_ha" File: C:/Users/jjaa7/Desktop/assignment2/rca/fa.v Line: 6
Info (12128): Elaborating entity "_and2" for hierarchy "fa:U0_fa|ha:U0_ha|_and2:and2" File: C:/Users/jjaa7/Desktop/assignment2/rca/ha.v Line: 4
Info (12128): Elaborating entity "_xor2" for hierarchy "fa:U0_fa|ha:U0_ha|_xor2:xor2" File: C:/Users/jjaa7/Desktop/assignment2/rca/ha.v Line: 5
Info (12128): Elaborating entity "_inv" for hierarchy "fa:U0_fa|ha:U0_ha|_xor2:xor2|_inv:U0_inv" File: C:/Users/jjaa7/Desktop/assignment2/rca/gates.v Line: 30
Info (12128): Elaborating entity "_or2" for hierarchy "fa:U0_fa|ha:U0_ha|_xor2:xor2|_or2:U4_or2" File: C:/Users/jjaa7/Desktop/assignment2/rca/gates.v Line: 34
Info: Quartus Prime Analysis & Elaboration was successful. 0 errors, 0 warnings
    Info: Peak virtual memory: 4958 megabytes
    Info: Processing ended: Mon Sep 21 13:54:07 2020
    Info: Elapsed time: 00:00:07
    Info: Total CPU time (on all processors): 00:00:18


