


ARM Macro Assembler    Page 1 


    1 00000000                 AREA             ARMex, CODE, READONLY
    2 00000000                 ENTRY
    3 00000000         Main
    4 00000000 E59F004C        LDR              r0, =Number ;Insert address of 
                                                            array
    5 00000004 E59F1044        LDR              r1, Address ;Insert address val
                                                            ue
    6 00000008 E3A0400A        MOV              r4, #10     ;Insert value
    7 0000000C E2800024        ADD              r0, r0, #36 ; r0 = r0 + 36(To l
                                                            oad in reverse orde
                                                            r)
    8 00000010         
    9 00000010         Loop                                 ;Loop label
   10 00000010 E4102004        LDR              r2, [r0], #-4 ;Load the values 
                                                            of the array stored
                                                             in the address val
                                                            ue into r0 one by o
                                                            ne
   11 00000014 E4812004        STR              r2, [r1], #4 ;Store one array e
                                                            lement to the addre
                                                            ss value of r1(4 in
                                                             the address value)
                                                            
   12 00000018 E2833001        ADD              r3, r3, #1  ;r3 = r3 + 1
   13 0000001C E1530004        CMP              r3, r4      ;compare r3 and r4
   14 00000020 0A00000B        BEQ              Endline     ;goto Endline (if r
                                                            3 = r4)
   15 00000024 EAFFFFF9        B                Loop        ;goto Loop
   16 00000028         
   17 00000028 0000000A 
              00000009 
              00000008 
              00000007 
              00000006 
              00000005 
              00000004 
              00000003 
              00000002 
              00000001 Number  DCD              10, 9, 8, 7, 6, 5, 4, 3, 2, 1 
                                                            ;Array declaration
   18 00000050 00040000 
                       Address DCD              &00040000
   19 00000054         
   20 00000054         Endline                              ;Loop Endline
   21 00000054                 END                          ;Exit
              00000000 
Command Line: --debug --xref --diag_suppress=9931 --cpu=ARM9E --apcs=interwork 
--depend=.\objects\2.d -o.\objects\2.o -IC:\Keil_v5\ARM\RV31\INC -IC:\Keil_v5\A
RM\CMSIS\Include --predefine="__EVAL SETA 1" --predefine="__UVISION_VERSION SET
A 529" --list=.\listings\2.lst 2.s



ARM Macro Assembler    Page 1 Alphabetic symbol ordering
Relocatable symbols

ARMex 00000000

Symbol: ARMex
   Definitions
      At line 1 in file 2.s
   Uses
      None
Comment: ARMex unused
Address 00000050

Symbol: Address
   Definitions
      At line 18 in file 2.s
   Uses
      At line 5 in file 2.s
Comment: Address used once
Endline 00000054

Symbol: Endline
   Definitions
      At line 20 in file 2.s
   Uses
      At line 14 in file 2.s
Comment: Endline used once
Loop 00000010

Symbol: Loop
   Definitions
      At line 9 in file 2.s
   Uses
      At line 15 in file 2.s
Comment: Loop used once
Main 00000000

Symbol: Main
   Definitions
      At line 3 in file 2.s
   Uses
      None
Comment: Main unused
Number 00000028

Symbol: Number
   Definitions
      At line 17 in file 2.s
   Uses
      At line 4 in file 2.s
Comment: Number used once
6 symbols
340 symbols in table
