Analysis & Synthesis report for tl_cntr
Mon Oct 19 18:45:19 2020
Quartus Prime Version 15.1.0 Build 185 10/21/2015 SJ Lite Edition


---------------------
; Table of Contents ;
---------------------
  1. Legal Notice
  2. Analysis & Synthesis Summary
  3. Analysis & Synthesis Settings
  4. Parallel Compilation
  5. Analysis & Synthesis Source Files Read
  6. Analysis & Synthesis Resource Usage Summary
  7. Analysis & Synthesis Resource Utilization by Entity
  8. Registers Removed During Synthesis
  9. General Register Statistics
 10. Port Connectivity Checks: "_register2_r:U1_register2_r|_dff_rs_async:U1_dff_rs_async"
 11. Port Connectivity Checks: "_register2_r:U1_register2_r|_dff_rs_async:U0_dff_rs_async"
 12. Post-Synthesis Netlist Statistics for Top Partition
 13. Elapsed Time Per Partition
 14. Analysis & Synthesis Messages



----------------
; Legal Notice ;
----------------
Copyright (C) 1991-2015 Altera Corporation. All rights reserved.
Your use of Altera Corporation's design tools, logic functions 
and other software and tools, and its AMPP partner logic 
functions, and any output files from any of the foregoing 
(including device programming or simulation files), and any 
associated documentation or information are expressly subject 
to the terms and conditions of the Altera Program License 
Subscription Agreement, the Altera Quartus Prime License Agreement,
the Altera MegaCore Function License Agreement, or other 
applicable license agreement, including, without limitation, 
that your use is for the sole purpose of programming logic 
devices manufactured by Altera and sold by Altera or its 
authorized distributors.  Please refer to the applicable 
agreement for further details.



+-------------------------------------------------------------------------------+
; Analysis & Synthesis Summary                                                  ;
+---------------------------------+---------------------------------------------+
; Analysis & Synthesis Status     ; Successful - Mon Oct 19 18:45:19 2020       ;
; Quartus Prime Version           ; 15.1.0 Build 185 10/21/2015 SJ Lite Edition ;
; Revision Name                   ; tl_cntr                                     ;
; Top-level Entity Name           ; tl_cntr                                     ;
; Family                          ; Cyclone V                                   ;
; Logic utilization (in ALMs)     ; N/A                                         ;
; Total registers                 ; 0                                           ;
; Total pins                      ; 8                                           ;
; Total virtual pins              ; 0                                           ;
; Total block memory bits         ; 0                                           ;
; Total DSP Blocks                ; 0                                           ;
; Total HSSI RX PCSs              ; 0                                           ;
; Total HSSI PMA RX Deserializers ; 0                                           ;
; Total HSSI TX PCSs              ; 0                                           ;
; Total HSSI PMA TX Serializers   ; 0                                           ;
; Total PLLs                      ; 0                                           ;
; Total DLLs                      ; 0                                           ;
+---------------------------------+---------------------------------------------+


+---------------------------------------------------------------------------------------------------------------------------+
; Analysis & Synthesis Settings                                                                                             ;
+---------------------------------------------------------------------------------+--------------------+--------------------+
; Option                                                                          ; Setting            ; Default Value      ;
+---------------------------------------------------------------------------------+--------------------+--------------------+
; Device                                                                          ; 5CSXFC6D6F31C6     ;                    ;
; Top-level entity name                                                           ; tl_cntr            ; tl_cntr            ;
; Family name                                                                     ; Cyclone V          ; Cyclone V          ;
; Use smart compilation                                                           ; Off                ; Off                ;
; Enable parallel Assembler and TimeQuest Timing Analyzer during compilation      ; On                 ; On                 ;
; Enable compact report table                                                     ; Off                ; Off                ;
; Restructure Multiplexers                                                        ; Auto               ; Auto               ;
; MLAB Add Timing Constraints For Mixed-Port Feed-Through Mode Setting Don't Care ; Off                ; Off                ;
; Create Debugging Nodes for IP Cores                                             ; Off                ; Off                ;
; Preserve fewer node names                                                       ; On                 ; On                 ;
; Disable OpenCore Plus hardware evaluation                                       ; Off                ; Off                ;
; Verilog Version                                                                 ; Verilog_2001       ; Verilog_2001       ;
; VHDL Version                                                                    ; VHDL_1993          ; VHDL_1993          ;
; State Machine Processing                                                        ; Auto               ; Auto               ;
; Safe State Machine                                                              ; Off                ; Off                ;
; Extract Verilog State Machines                                                  ; On                 ; On                 ;
; Extract VHDL State Machines                                                     ; On                 ; On                 ;
; Ignore Verilog initial constructs                                               ; Off                ; Off                ;
; Iteration limit for constant Verilog loops                                      ; 5000               ; 5000               ;
; Iteration limit for non-constant Verilog loops                                  ; 250                ; 250                ;
; Add Pass-Through Logic to Inferred RAMs                                         ; On                 ; On                 ;
; Infer RAMs from Raw Logic                                                       ; On                 ; On                 ;
; Parallel Synthesis                                                              ; On                 ; On                 ;
; DSP Block Balancing                                                             ; Auto               ; Auto               ;
; NOT Gate Push-Back                                                              ; On                 ; On                 ;
; Power-Up Don't Care                                                             ; On                 ; On                 ;
; Remove Redundant Logic Cells                                                    ; Off                ; Off                ;
; Remove Duplicate Registers                                                      ; On                 ; On                 ;
; Ignore CARRY Buffers                                                            ; Off                ; Off                ;
; Ignore CASCADE Buffers                                                          ; Off                ; Off                ;
; Ignore GLOBAL Buffers                                                           ; Off                ; Off                ;
; Ignore ROW GLOBAL Buffers                                                       ; Off                ; Off                ;
; Ignore LCELL Buffers                                                            ; Off                ; Off                ;
; Ignore SOFT Buffers                                                             ; On                 ; On                 ;
; Limit AHDL Integers to 32 Bits                                                  ; Off                ; Off                ;
; Optimization Technique                                                          ; Balanced           ; Balanced           ;
; Carry Chain Length                                                              ; 70                 ; 70                 ;
; Auto Carry Chains                                                               ; On                 ; On                 ;
; Auto Open-Drain Pins                                                            ; On                 ; On                 ;
; Perform WYSIWYG Primitive Resynthesis                                           ; Off                ; Off                ;
; Auto ROM Replacement                                                            ; On                 ; On                 ;
; Auto RAM Replacement                                                            ; On                 ; On                 ;
; Auto DSP Block Replacement                                                      ; On                 ; On                 ;
; Auto Shift Register Replacement                                                 ; Auto               ; Auto               ;
; Allow Shift Register Merging across Hierarchies                                 ; Auto               ; Auto               ;
; Auto Clock Enable Replacement                                                   ; On                 ; On                 ;
; Strict RAM Replacement                                                          ; Off                ; Off                ;
; Allow Synchronous Control Signals                                               ; On                 ; On                 ;
; Force Use of Synchronous Clear Signals                                          ; Off                ; Off                ;
; Auto Resource Sharing                                                           ; Off                ; Off                ;
; Allow Any RAM Size For Recognition                                              ; Off                ; Off                ;
; Allow Any ROM Size For Recognition                                              ; Off                ; Off                ;
; Allow Any Shift Register Size For Recognition                                   ; Off                ; Off                ;
; Use LogicLock Constraints during Resource Balancing                             ; On                 ; On                 ;
; Ignore translate_off and synthesis_off directives                               ; Off                ; Off                ;
; Timing-Driven Synthesis                                                         ; On                 ; On                 ;
; Report Parameter Settings                                                       ; On                 ; On                 ;
; Report Source Assignments                                                       ; On                 ; On                 ;
; Report Connectivity Checks                                                      ; On                 ; On                 ;
; Ignore Maximum Fan-Out Assignments                                              ; Off                ; Off                ;
; Synchronization Register Chain Length                                           ; 3                  ; 3                  ;
; PowerPlay Power Optimization During Synthesis                                   ; Normal compilation ; Normal compilation ;
; HDL message level                                                               ; Level2             ; Level2             ;
; Suppress Register Optimization Related Messages                                 ; Off                ; Off                ;
; Number of Removed Registers Reported in Synthesis Report                        ; 5000               ; 5000               ;
; Number of Swept Nodes Reported in Synthesis Report                              ; 5000               ; 5000               ;
; Number of Inverted Registers Reported in Synthesis Report                       ; 100                ; 100                ;
; Clock MUX Protection                                                            ; On                 ; On                 ;
; Auto Gated Clock Conversion                                                     ; Off                ; Off                ;
; Block Design Naming                                                             ; Auto               ; Auto               ;
; SDC constraint protection                                                       ; Off                ; Off                ;
; Synthesis Effort                                                                ; Auto               ; Auto               ;
; Shift Register Replacement - Allow Asynchronous Clear Signal                    ; On                 ; On                 ;
; Pre-Mapping Resynthesis Optimization                                            ; Off                ; Off                ;
; Analysis & Synthesis Message Level                                              ; Medium             ; Medium             ;
; Disable Register Merging Across Hierarchies                                     ; Auto               ; Auto               ;
; Resource Aware Inference For Block RAM                                          ; On                 ; On                 ;
; Synthesis Seed                                                                  ; 1                  ; 1                  ;
; Automatic Parallel Synthesis                                                    ; On                 ; On                 ;
; Partial Reconfiguration Bitstream ID                                            ; Off                ; Off                ;
+---------------------------------------------------------------------------------+--------------------+--------------------+


+------------------------------------------+
; Parallel Compilation                     ;
+----------------------------+-------------+
; Processors                 ; Number      ;
+----------------------------+-------------+
; Number detected on machine ; 12          ;
; Maximum allowed            ; 6           ;
;                            ;             ;
; Average used               ; 1.00        ;
; Maximum used               ; 1           ;
;                            ;             ;
; Usage by Processor         ; % Time Used ;
;     Processor 1            ; 100.0%      ;
+----------------------------+-------------+


+----------------------------------------------------------------------------------------------------------------------------------------+
; Analysis & Synthesis Source Files Read                                                                                                 ;
+----------------------------------+-----------------+------------------------+------------------------------------------------+---------+
; File Name with User-Entered Path ; Used in Netlist ; File Type              ; File Name with Absolute Path                   ; Library ;
+----------------------------------+-----------------+------------------------+------------------------------------------------+---------+
; gates.v                          ; yes             ; User Verilog HDL File  ; C:/Users/jjaa7/Desktop/tl_cntr/gates.v         ;         ;
; tl_cntr.v                        ; yes             ; User Verilog HDL File  ; C:/Users/jjaa7/Desktop/tl_cntr/tl_cntr.v       ;         ;
; ns_logic.v                       ; yes             ; User Verilog HDL File  ; C:/Users/jjaa7/Desktop/tl_cntr/ns_logic.v      ;         ;
; _register2_r.v                   ; yes             ; User Verilog HDL File  ; C:/Users/jjaa7/Desktop/tl_cntr/_register2_r.v  ;         ;
; _dff_rs_async.v                  ; yes             ; User Verilog HDL File  ; C:/Users/jjaa7/Desktop/tl_cntr/_dff_rs_async.v ;         ;
; o_logic.v                        ; yes             ; User Verilog HDL File  ; C:/Users/jjaa7/Desktop/tl_cntr/o_logic.v       ;         ;
+----------------------------------+-----------------+------------------------+------------------------------------------------+---------+


+-------------------------------------------------------------+
; Analysis & Synthesis Resource Usage Summary                 ;
+---------------------------------------------+---------------+
; Resource                                    ; Usage         ;
+---------------------------------------------+---------------+
; Estimate of Logic utilization (ALMs needed) ; 0             ;
;                                             ;               ;
; Combinational ALUT usage for logic          ; 0             ;
;     -- 7 input functions                    ; 0             ;
;     -- 6 input functions                    ; 0             ;
;     -- 5 input functions                    ; 0             ;
;     -- 4 input functions                    ; 0             ;
;     -- <=3 input functions                  ; 0             ;
;                                             ;               ;
; Dedicated logic registers                   ; 0             ;
;                                             ;               ;
; I/O pins                                    ; 8             ;
;                                             ;               ;
; Total DSP Blocks                            ; 0             ;
;                                             ;               ;
; Maximum fan-out node                        ; reset_n~input ;
; Maximum fan-out                             ; 3             ;
; Total fan-out                               ; 11            ;
; Average fan-out                             ; 0.69          ;
+---------------------------------------------+---------------+


+-----------------------------------------------------------------------------------------------------------------------------------------------------------+
; Analysis & Synthesis Resource Utilization by Entity                                                                                                       ;
+----------------------------+-------------------+--------------+-------------------+------------+------+--------------+---------------------+--------------+
; Compilation Hierarchy Node ; LC Combinationals ; LC Registers ; Block Memory Bits ; DSP Blocks ; Pins ; Virtual Pins ; Full Hierarchy Name ; Library Name ;
+----------------------------+-------------------+--------------+-------------------+------------+------+--------------+---------------------+--------------+
; |tl_cntr                   ; 0 (0)             ; 0 (0)        ; 0                 ; 0          ; 8    ; 0            ; |tl_cntr            ; work         ;
+----------------------------+-------------------+--------------+-------------------+------------+------+--------------+---------------------+--------------+
Note: For table entries with two numbers listed, the numbers in parentheses indicate the number of resources of the given type used by the specific entity alone. The numbers listed outside of parentheses indicate the total resources of the given type used by the specific entity and all of its sub-entities in the hierarchy.


+-----------------------------------------------------------------------------------------------------+
; Registers Removed During Synthesis                                                                  ;
+-------------------------------------------------------------+---------------------------------------+
; Register name                                               ; Reason for Removal                    ;
+-------------------------------------------------------------+---------------------------------------+
; _register2_r:U1_register2_r|_dff_rs_async:U0_dff_rs_async|q ; Stuck at VCC due to stuck port preset ;
; _register2_r:U1_register2_r|_dff_rs_async:U1_dff_rs_async|q ; Stuck at VCC due to stuck port preset ;
; Total Number of Removed Registers = 2                       ;                                       ;
+-------------------------------------------------------------+---------------------------------------+


+------------------------------------------------------+
; General Register Statistics                          ;
+----------------------------------------------+-------+
; Statistic                                    ; Value ;
+----------------------------------------------+-------+
; Total registers                              ; 0     ;
; Number of registers using Synchronous Clear  ; 0     ;
; Number of registers using Synchronous Load   ; 0     ;
; Number of registers using Asynchronous Clear ; 0     ;
; Number of registers using Asynchronous Load  ; 0     ;
; Number of registers using Clock Enable       ; 0     ;
; Number of registers using Preset             ; 0     ;
+----------------------------------------------+-------+


+-------------------------------------------------------------------------------------------------------------------------------------------------------------------------+
; Port Connectivity Checks: "_register2_r:U1_register2_r|_dff_rs_async:U1_dff_rs_async"                                                                                   ;
+-------+-------+----------+----------------------------------------------------------------------------------------------------------------------------------------------+
; Port  ; Type  ; Severity ; Details                                                                                                                                      ;
+-------+-------+----------+----------------------------------------------------------------------------------------------------------------------------------------------+
; set_n ; Input ; Warning  ; Declared by entity but not connected by instance. If a default value exists, it will be used.  Otherwise, the port will be connected to GND. ;
+-------+-------+----------+----------------------------------------------------------------------------------------------------------------------------------------------+


+-------------------------------------------------------------------------------------------------------------------------------------------------------------------------+
; Port Connectivity Checks: "_register2_r:U1_register2_r|_dff_rs_async:U0_dff_rs_async"                                                                                   ;
+-------+-------+----------+----------------------------------------------------------------------------------------------------------------------------------------------+
; Port  ; Type  ; Severity ; Details                                                                                                                                      ;
+-------+-------+----------+----------------------------------------------------------------------------------------------------------------------------------------------+
; set_n ; Input ; Warning  ; Declared by entity but not connected by instance. If a default value exists, it will be used.  Otherwise, the port will be connected to GND. ;
+-------+-------+----------+----------------------------------------------------------------------------------------------------------------------------------------------+


+-----------------------------------------------------+
; Post-Synthesis Netlist Statistics for Top Partition ;
+-----------------------+-----------------------------+
; Type                  ; Count                       ;
+-----------------------+-----------------------------+
; arriav_lcell_comb     ; 2                           ;
;     normal            ; 2                           ;
;         0 data inputs ; 1                           ;
;         1 data inputs ; 1                           ;
; boundary_port         ; 8                           ;
;                       ;                             ;
; Max LUT depth         ; 1.00                        ;
; Average LUT depth     ; 0.67                        ;
+-----------------------+-----------------------------+


+-------------------------------+
; Elapsed Time Per Partition    ;
+----------------+--------------+
; Partition Name ; Elapsed Time ;
+----------------+--------------+
; Top            ; 00:00:00     ;
+----------------+--------------+


+-------------------------------+
; Analysis & Synthesis Messages ;
+-------------------------------+
Info: *******************************************************************
Info: Running Quartus Prime Analysis & Synthesis
    Info: Version 15.1.0 Build 185 10/21/2015 SJ Lite Edition
    Info: Processing started: Mon Oct 19 18:45:10 2020
Info: Command: quartus_map --read_settings_files=on --write_settings_files=off tl_cntr -c tl_cntr
Info (20030): Parallel compilation is enabled and will use 6 of the 6 processors detected
Info (12021): Found 22 design units, including 22 entities, in source file gates.v
    Info (12023): Found entity 1: _inv File: C:/Users/jjaa7/Desktop/tl_cntr/gates.v Line: 1
    Info (12023): Found entity 2: _nand2 File: C:/Users/jjaa7/Desktop/tl_cntr/gates.v Line: 7
    Info (12023): Found entity 3: _and2 File: C:/Users/jjaa7/Desktop/tl_cntr/gates.v Line: 13
    Info (12023): Found entity 4: _or2 File: C:/Users/jjaa7/Desktop/tl_cntr/gates.v Line: 19
    Info (12023): Found entity 5: _xor2 File: C:/Users/jjaa7/Desktop/tl_cntr/gates.v Line: 25
    Info (12023): Found entity 6: _and3 File: C:/Users/jjaa7/Desktop/tl_cntr/gates.v Line: 37
    Info (12023): Found entity 7: _and4 File: C:/Users/jjaa7/Desktop/tl_cntr/gates.v Line: 43
    Info (12023): Found entity 8: _and5 File: C:/Users/jjaa7/Desktop/tl_cntr/gates.v Line: 49
    Info (12023): Found entity 9: _or3 File: C:/Users/jjaa7/Desktop/tl_cntr/gates.v Line: 55
    Info (12023): Found entity 10: _or4 File: C:/Users/jjaa7/Desktop/tl_cntr/gates.v Line: 61
    Info (12023): Found entity 11: _or5 File: C:/Users/jjaa7/Desktop/tl_cntr/gates.v Line: 67
    Info (12023): Found entity 12: _inv_4bits File: C:/Users/jjaa7/Desktop/tl_cntr/gates.v Line: 73
    Info (12023): Found entity 13: _and2_4bits File: C:/Users/jjaa7/Desktop/tl_cntr/gates.v Line: 79
    Info (12023): Found entity 14: _or2_4bits File: C:/Users/jjaa7/Desktop/tl_cntr/gates.v Line: 85
    Info (12023): Found entity 15: _xor2_4bits File: C:/Users/jjaa7/Desktop/tl_cntr/gates.v Line: 91
    Info (12023): Found entity 16: _xnor2_4bits File: C:/Users/jjaa7/Desktop/tl_cntr/gates.v Line: 100
    Info (12023): Found entity 17: _inv_32bits File: C:/Users/jjaa7/Desktop/tl_cntr/gates.v Line: 108
    Info (12023): Found entity 18: _and2_32bits File: C:/Users/jjaa7/Desktop/tl_cntr/gates.v Line: 114
    Info (12023): Found entity 19: _or2_32bits File: C:/Users/jjaa7/Desktop/tl_cntr/gates.v Line: 120
    Info (12023): Found entity 20: _xor2_32bits File: C:/Users/jjaa7/Desktop/tl_cntr/gates.v Line: 126
    Info (12023): Found entity 21: _xnor2_32bits File: C:/Users/jjaa7/Desktop/tl_cntr/gates.v Line: 139
    Info (12023): Found entity 22: _nor2 File: C:/Users/jjaa7/Desktop/tl_cntr/gates.v Line: 152
Info (12021): Found 1 design units, including 1 entities, in source file tl_cntr.v
    Info (12023): Found entity 1: tl_cntr File: C:/Users/jjaa7/Desktop/tl_cntr/tl_cntr.v Line: 1
Info (12021): Found 1 design units, including 1 entities, in source file ns_logic.v
    Info (12023): Found entity 1: ns_logic File: C:/Users/jjaa7/Desktop/tl_cntr/ns_logic.v Line: 1
Info (12021): Found 1 design units, including 1 entities, in source file _register2_r.v
    Info (12023): Found entity 1: _register2_r File: C:/Users/jjaa7/Desktop/tl_cntr/_register2_r.v Line: 1
Info (12021): Found 1 design units, including 1 entities, in source file _dff_rs_async.v
    Info (12023): Found entity 1: _dff_rs_async File: C:/Users/jjaa7/Desktop/tl_cntr/_dff_rs_async.v Line: 1
Info (12021): Found 1 design units, including 1 entities, in source file o_logic.v
    Info (12023): Found entity 1: o_logic File: C:/Users/jjaa7/Desktop/tl_cntr/o_logic.v Line: 1
Info (12021): Found 1 design units, including 1 entities, in source file tb_tl_cntr.v
    Info (12023): Found entity 1: tb_tl_cntr File: C:/Users/jjaa7/Desktop/tl_cntr/tb_tl_cntr.v Line: 2
Info (12127): Elaborating entity "tl_cntr" for the top level hierarchy
Info (12128): Elaborating entity "ns_logic" for hierarchy "ns_logic:U0_ns_logic" File: C:/Users/jjaa7/Desktop/tl_cntr/tl_cntr.v Line: 8
Info (12128): Elaborating entity "_and3" for hierarchy "ns_logic:U0_ns_logic|_and3:U0_and3" File: C:/Users/jjaa7/Desktop/tl_cntr/ns_logic.v Line: 10
Info (12128): Elaborating entity "_or2" for hierarchy "ns_logic:U0_ns_logic|_or2:U2_or2" File: C:/Users/jjaa7/Desktop/tl_cntr/ns_logic.v Line: 12
Info (12128): Elaborating entity "_xor2" for hierarchy "ns_logic:U0_ns_logic|_xor2:U3_xor2" File: C:/Users/jjaa7/Desktop/tl_cntr/ns_logic.v Line: 15
Info (12128): Elaborating entity "_inv" for hierarchy "ns_logic:U0_ns_logic|_xor2:U3_xor2|_inv:U0_inv" File: C:/Users/jjaa7/Desktop/tl_cntr/gates.v Line: 30
Info (12128): Elaborating entity "_and2" for hierarchy "ns_logic:U0_ns_logic|_xor2:U3_xor2|_and2:U2_and2" File: C:/Users/jjaa7/Desktop/tl_cntr/gates.v Line: 32
Info (12128): Elaborating entity "_register2_r" for hierarchy "_register2_r:U1_register2_r" File: C:/Users/jjaa7/Desktop/tl_cntr/tl_cntr.v Line: 9
Info (12128): Elaborating entity "_dff_rs_async" for hierarchy "_register2_r:U1_register2_r|_dff_rs_async:U0_dff_rs_async" File: C:/Users/jjaa7/Desktop/tl_cntr/_register2_r.v Line: 7
Info (12128): Elaborating entity "o_logic" for hierarchy "o_logic:U2_o_logic" File: C:/Users/jjaa7/Desktop/tl_cntr/tl_cntr.v Line: 10
Warning (12241): 2 hierarchies have connectivity warnings - see the Connectivity Checks report folder
Warning (13024): Output pins are stuck at VCC or GND
    Warning (13410): Pin "La[0]" is stuck at GND File: C:/Users/jjaa7/Desktop/tl_cntr/tl_cntr.v Line: 4
Info (16010): Generating hard_block partition "hard_block:auto_generated_inst"
    Info (16011): Adding 0 node(s), including 0 DDIO, 0 PLL, 0 transceiver and 0 LCELL
Warning (21074): Design contains 3 input pin(s) that do not drive logic
    Warning (15610): No output dependent on input pin "Ta" File: C:/Users/jjaa7/Desktop/tl_cntr/tl_cntr.v Line: 3
    Warning (15610): No output dependent on input pin "Tb" File: C:/Users/jjaa7/Desktop/tl_cntr/tl_cntr.v Line: 3
    Warning (15610): No output dependent on input pin "clk" File: C:/Users/jjaa7/Desktop/tl_cntr/tl_cntr.v Line: 3
Info (21057): Implemented 8 device resources after synthesis - the final resource count might be different
    Info (21058): Implemented 4 input pins
    Info (21059): Implemented 4 output pins
Info: Quartus Prime Analysis & Synthesis was successful. 0 errors, 7 warnings
    Info: Peak virtual memory: 4979 megabytes
    Info: Processing ended: Mon Oct 19 18:45:19 2020
    Info: Elapsed time: 00:00:09
    Info: Total CPU time (on all processors): 00:00:17


