


ARM Macro Assembler    Page 1 


    1 00000000                 AREA             ARMex, CODE, READONLY
    2 00000000                 ENTRY
    3 00000000         Main
    4 00000000 E59F0090        LDR              r0, Address ;Insert address val
                                                            ue
    5 00000004         
    6 00000004 E3590000        CMP              r9, #0      ;compare r9 and 0
    7 00000008 0A000014        BEQ              first       ;if r9 and 0 is sam
                                                            e goto first
    8 0000000C         
    9 0000000C E3590001        CMP              r9, #1      ;compare r9 and 1
   10 00000010 0A000015        BEQ              second      ;if r9 and 1 is sam
                                                            e goto second
   11 00000014         
   12 00000014 E3590002        CMP              r9, #2      ;compare r9 and 2
   13 00000018 0A000016        BEQ              third       ;if r9 is higher th
                                                            an or equal to 2, g
                                                            oto third
   14 0000001C         
   15 0000001C E3590003        CMP              r9, #3
   16 00000020 2A00001D        BCS              program_exit
   17 00000024         
   18 00000024         skip                                 ;label skip
   19 00000024         
   20 00000024 E3A0700A        MOV              r7, #0x0A   ;r7 = 0x0A
   21 00000028 E3A0800B        MOV              r8, #0x0B   ;r8 = 0x0B
   22 0000002C         
   23 0000002C         Loop1                                ;loop label
   24 0000002C E4D14001        LDRB             r4,[r1],#1  ;Load to byte
   25 00000030 E4D25001        LDRB             r5,[r2],#1  ;Load to byte
   26 00000034         
   27 00000034 E1540005        CMP              r4,r5       ;compare r4 and r5
   28 00000038 1A000002        BNE              Loop2       ;goto Loop2 branch 
                                                            (if r4 != r5)
   29 0000003C 03540000        CMPEQ            r4,#0       ;Check end of strin
                                                            g (if r4 = 0)
   30 00000040 1AFFFFF9        BNE              Loop1       ;Move to Loop1 bran
                                                            ch (if r4 != 0)
   31 00000044 0A000002        BEQ              Endline     ;Move to Endline br
                                                            anch (if r4 = 0)
   32 00000048         
   33 00000048         Loop2
   34 00000048 E5808000        STR              r8, [r0]    ;Store the value of
                                                             r8 in the address 
                                                            of r0 
   35 0000004C E2899001        ADD              r9, r9, #1  ;r9 = r9 + 1(string
                                                             count)
   36 00000050 E1A0F00E        MOV              pc, lr      ;goto Main
   37 00000054         
   38 00000054         Endline
   39 00000054 E5807000        STR              r7, [r0]    ;Store the value of
                                                             r7 in the address 
                                                            of r0
   40 00000058 E2899001        ADD              r9, r9, #1  ;r9 = r9 + 1(string
                                                             count)
   41 0000005C E1A0F00E        MOV              pc, lr      ;goto main
   42 00000060         
   43 00000060         first
   44 00000060 E59F1034        LDR              r1, =C_string1 ;Insert address 



ARM Macro Assembler    Page 2 


                                                            value of string
   45 00000064 E59F2034        LDR              r2, =C_String2 ;Insert address 
                                                            value of string
   46 00000068 EAFFFFED        B                skip        ;goto skip
   47 0000006C         
   48 0000006C         second
   49 0000006C E59F1030        LDR              r1, =C_string3 ;Insert address 
                                                            value of string
   50 00000070 E59F2030        LDR              r2, =C_String4 ;Insert address 
                                                            value of string
   51 00000074 EAFFFFEA        B                skip        ;goto skip
   52 00000078         
   53 00000078         third
   54 00000078 E59F102C        LDR              r1, =C_string5 ;Insert address 
                                                            value of string
   55 0000007C E59F202C        LDR              r2, =C_String6 ;Insert address 
                                                            value of string
   56 00000080 EAFFFFE7        B                skip        ;goto skip
   57 00000084         
   58 00000084 48 69 00 
                       C_string1
                               DCB              "Hi",0      ;String declaration
                                                            
   59 00000087 48 69 00 
                       C_String2
                               DCB              "Hi",0      ;String declaration
                                                             (first) C_string1 
                                                            = C_string2
   60 0000008A 48 69 00 
                       C_string3
                               DCB              "Hi",0      ;String declaration
                                                            
   61 0000008D 44 69 00 
                       C_String4
                               DCB              "Di",0      ;String declaration
                                                             (second) C_String3
                                                             != C_String4
   62 00000090 44 65 00 
                       C_string5
                               DCB              "De",0      ;String declaration
                                                            
   63 00000093 53 65 00 
                       C_String6
                               DCB              "Se",0      ;String declaration
                                                             (third) C_String5 
                                                            != C_String6
   64 00000096         
   65 00000096 00 00 00040000 
                       Address DCD              &00040000   ;Location of addres
                                                            s
   66 0000009C         program_exit
   67 0000009C                 END                          ;Exit the program
              00000000 
              00000000 
              00000000 
              00000000 
              00000000 
              00000000 
Command Line: --debug --xref --diag_suppress=9931 --cpu=ARM9E --apcs=interwork 



ARM Macro Assembler    Page 3 


--depend=.\objects\1.d -o.\objects\1.o -IC:\Keil_v5\ARM\RV31\INC -IC:\Keil_v5\A
RM\CMSIS\Include --predefine="__EVAL SETA 1" --predefine="__UVISION_VERSION SET
A 529" --list=.\listings\1.lst 1.s



ARM Macro Assembler    Page 1 Alphabetic symbol ordering
Relocatable symbols

ARMex 00000000

Symbol: ARMex
   Definitions
      At line 1 in file 1.s
   Uses
      None
Comment: ARMex unused
Address 00000098

Symbol: Address
   Definitions
      At line 65 in file 1.s
   Uses
      At line 4 in file 1.s
Comment: Address used once
C_String2 00000087

Symbol: C_String2
   Definitions
      At line 59 in file 1.s
   Uses
      At line 45 in file 1.s
Comment: C_String2 used once
C_String4 0000008D

Symbol: C_String4
   Definitions
      At line 61 in file 1.s
   Uses
      At line 50 in file 1.s
Comment: C_String4 used once
C_String6 00000093

Symbol: C_String6
   Definitions
      At line 63 in file 1.s
   Uses
      At line 55 in file 1.s
Comment: C_String6 used once
C_string1 00000084

Symbol: C_string1
   Definitions
      At line 58 in file 1.s
   Uses
      At line 44 in file 1.s
Comment: C_string1 used once
C_string3 0000008A

Symbol: C_string3
   Definitions
      At line 60 in file 1.s
   Uses
      At line 49 in file 1.s
Comment: C_string3 used once
C_string5 00000090

Symbol: C_string5



ARM Macro Assembler    Page 2 Alphabetic symbol ordering
Relocatable symbols

   Definitions
      At line 62 in file 1.s
   Uses
      At line 54 in file 1.s
Comment: C_string5 used once
Endline 00000054

Symbol: Endline
   Definitions
      At line 38 in file 1.s
   Uses
      At line 31 in file 1.s
Comment: Endline used once
Loop1 0000002C

Symbol: Loop1
   Definitions
      At line 23 in file 1.s
   Uses
      At line 30 in file 1.s
Comment: Loop1 used once
Loop2 00000048

Symbol: Loop2
   Definitions
      At line 33 in file 1.s
   Uses
      At line 28 in file 1.s
Comment: Loop2 used once
Main 00000000

Symbol: Main
   Definitions
      At line 3 in file 1.s
   Uses
      None
Comment: Main unused
first 00000060

Symbol: first
   Definitions
      At line 43 in file 1.s
   Uses
      At line 7 in file 1.s
Comment: first used once
program_exit 0000009C

Symbol: program_exit
   Definitions
      At line 66 in file 1.s
   Uses
      At line 16 in file 1.s
Comment: program_exit used once
second 0000006C

Symbol: second
   Definitions
      At line 48 in file 1.s
   Uses



ARM Macro Assembler    Page 3 Alphabetic symbol ordering
Relocatable symbols

      At line 10 in file 1.s
Comment: second used once
skip 00000024

Symbol: skip
   Definitions
      At line 18 in file 1.s
   Uses
      At line 46 in file 1.s
      At line 51 in file 1.s
      At line 56 in file 1.s

third 00000078

Symbol: third
   Definitions
      At line 53 in file 1.s
   Uses
      At line 13 in file 1.s
Comment: third used once
17 symbols
351 symbols in table
