Analysis & Synthesis report for ALU
Mon Dec 07 14:18:07 2020
Quartus Prime Version 15.1.0 Build 185 10/21/2015 SJ Lite Edition


---------------------
; Table of Contents ;
---------------------
  1. Legal Notice
  2. Analysis & Synthesis Summary
  3. Analysis & Synthesis Settings
  4. Parallel Compilation
  5. Analysis & Synthesis Source Files Read
  6. Analysis & Synthesis Resource Usage Summary
  7. Analysis & Synthesis Resource Utilization by Entity
  8. General Register Statistics
  9. Port Connectivity Checks: "mx8_32bits:U8_mx8_32bits"
 10. Port Connectivity Checks: "cla32_ov:U7_sub"
 11. Port Connectivity Checks: "cla32_ov:U6_add"
 12. Post-Synthesis Netlist Statistics for Top Partition
 13. Elapsed Time Per Partition
 14. Analysis & Synthesis Messages



----------------
; Legal Notice ;
----------------
Copyright (C) 1991-2015 Altera Corporation. All rights reserved.
Your use of Altera Corporation's design tools, logic functions 
and other software and tools, and its AMPP partner logic 
functions, and any output files from any of the foregoing 
(including device programming or simulation files), and any 
associated documentation or information are expressly subject 
to the terms and conditions of the Altera Program License 
Subscription Agreement, the Altera Quartus Prime License Agreement,
the Altera MegaCore Function License Agreement, or other 
applicable license agreement, including, without limitation, 
that your use is for the sole purpose of programming logic 
devices manufactured by Altera and sold by Altera or its 
authorized distributors.  Please refer to the applicable 
agreement for further details.



+-------------------------------------------------------------------------------+
; Analysis & Synthesis Summary                                                  ;
+---------------------------------+---------------------------------------------+
; Analysis & Synthesis Status     ; Successful - Mon Dec 07 14:18:07 2020       ;
; Quartus Prime Version           ; 15.1.0 Build 185 10/21/2015 SJ Lite Edition ;
; Revision Name                   ; ALU                                         ;
; Top-level Entity Name           ; ALU                                         ;
; Family                          ; Cyclone V                                   ;
; Logic utilization (in ALMs)     ; N/A                                         ;
; Total registers                 ; 0                                           ;
; Total pins                      ; 100                                         ;
; Total virtual pins              ; 0                                           ;
; Total block memory bits         ; 0                                           ;
; Total DSP Blocks                ; 0                                           ;
; Total HSSI RX PCSs              ; 0                                           ;
; Total HSSI PMA RX Deserializers ; 0                                           ;
; Total HSSI TX PCSs              ; 0                                           ;
; Total HSSI PMA TX Serializers   ; 0                                           ;
; Total PLLs                      ; 0                                           ;
; Total DLLs                      ; 0                                           ;
+---------------------------------+---------------------------------------------+


+---------------------------------------------------------------------------------------------------------------------------+
; Analysis & Synthesis Settings                                                                                             ;
+---------------------------------------------------------------------------------+--------------------+--------------------+
; Option                                                                          ; Setting            ; Default Value      ;
+---------------------------------------------------------------------------------+--------------------+--------------------+
; Device                                                                          ; 5CSXFC6D6F31C6     ;                    ;
; Top-level entity name                                                           ; ALU                ; ALU                ;
; Family name                                                                     ; Cyclone V          ; Cyclone V          ;
; Use smart compilation                                                           ; Off                ; Off                ;
; Enable parallel Assembler and TimeQuest Timing Analyzer during compilation      ; On                 ; On                 ;
; Enable compact report table                                                     ; Off                ; Off                ;
; Restructure Multiplexers                                                        ; Auto               ; Auto               ;
; MLAB Add Timing Constraints For Mixed-Port Feed-Through Mode Setting Don't Care ; Off                ; Off                ;
; Create Debugging Nodes for IP Cores                                             ; Off                ; Off                ;
; Preserve fewer node names                                                       ; On                 ; On                 ;
; Disable OpenCore Plus hardware evaluation                                       ; Off                ; Off                ;
; Verilog Version                                                                 ; Verilog_2001       ; Verilog_2001       ;
; VHDL Version                                                                    ; VHDL_1993          ; VHDL_1993          ;
; State Machine Processing                                                        ; Auto               ; Auto               ;
; Safe State Machine                                                              ; Off                ; Off                ;
; Extract Verilog State Machines                                                  ; On                 ; On                 ;
; Extract VHDL State Machines                                                     ; On                 ; On                 ;
; Ignore Verilog initial constructs                                               ; Off                ; Off                ;
; Iteration limit for constant Verilog loops                                      ; 5000               ; 5000               ;
; Iteration limit for non-constant Verilog loops                                  ; 250                ; 250                ;
; Add Pass-Through Logic to Inferred RAMs                                         ; On                 ; On                 ;
; Infer RAMs from Raw Logic                                                       ; On                 ; On                 ;
; Parallel Synthesis                                                              ; On                 ; On                 ;
; DSP Block Balancing                                                             ; Auto               ; Auto               ;
; NOT Gate Push-Back                                                              ; On                 ; On                 ;
; Power-Up Don't Care                                                             ; On                 ; On                 ;
; Remove Redundant Logic Cells                                                    ; Off                ; Off                ;
; Remove Duplicate Registers                                                      ; On                 ; On                 ;
; Ignore CARRY Buffers                                                            ; Off                ; Off                ;
; Ignore CASCADE Buffers                                                          ; Off                ; Off                ;
; Ignore GLOBAL Buffers                                                           ; Off                ; Off                ;
; Ignore ROW GLOBAL Buffers                                                       ; Off                ; Off                ;
; Ignore LCELL Buffers                                                            ; Off                ; Off                ;
; Ignore SOFT Buffers                                                             ; On                 ; On                 ;
; Limit AHDL Integers to 32 Bits                                                  ; Off                ; Off                ;
; Optimization Technique                                                          ; Balanced           ; Balanced           ;
; Carry Chain Length                                                              ; 70                 ; 70                 ;
; Auto Carry Chains                                                               ; On                 ; On                 ;
; Auto Open-Drain Pins                                                            ; On                 ; On                 ;
; Perform WYSIWYG Primitive Resynthesis                                           ; Off                ; Off                ;
; Auto ROM Replacement                                                            ; On                 ; On                 ;
; Auto RAM Replacement                                                            ; On                 ; On                 ;
; Auto DSP Block Replacement                                                      ; On                 ; On                 ;
; Auto Shift Register Replacement                                                 ; Auto               ; Auto               ;
; Allow Shift Register Merging across Hierarchies                                 ; Auto               ; Auto               ;
; Auto Clock Enable Replacement                                                   ; On                 ; On                 ;
; Strict RAM Replacement                                                          ; Off                ; Off                ;
; Allow Synchronous Control Signals                                               ; On                 ; On                 ;
; Force Use of Synchronous Clear Signals                                          ; Off                ; Off                ;
; Auto Resource Sharing                                                           ; Off                ; Off                ;
; Allow Any RAM Size For Recognition                                              ; Off                ; Off                ;
; Allow Any ROM Size For Recognition                                              ; Off                ; Off                ;
; Allow Any Shift Register Size For Recognition                                   ; Off                ; Off                ;
; Use LogicLock Constraints during Resource Balancing                             ; On                 ; On                 ;
; Ignore translate_off and synthesis_off directives                               ; Off                ; Off                ;
; Timing-Driven Synthesis                                                         ; On                 ; On                 ;
; Report Parameter Settings                                                       ; On                 ; On                 ;
; Report Source Assignments                                                       ; On                 ; On                 ;
; Report Connectivity Checks                                                      ; On                 ; On                 ;
; Ignore Maximum Fan-Out Assignments                                              ; Off                ; Off                ;
; Synchronization Register Chain Length                                           ; 3                  ; 3                  ;
; PowerPlay Power Optimization During Synthesis                                   ; Normal compilation ; Normal compilation ;
; HDL message level                                                               ; Level2             ; Level2             ;
; Suppress Register Optimization Related Messages                                 ; Off                ; Off                ;
; Number of Removed Registers Reported in Synthesis Report                        ; 5000               ; 5000               ;
; Number of Swept Nodes Reported in Synthesis Report                              ; 5000               ; 5000               ;
; Number of Inverted Registers Reported in Synthesis Report                       ; 100                ; 100                ;
; Clock MUX Protection                                                            ; On                 ; On                 ;
; Auto Gated Clock Conversion                                                     ; Off                ; Off                ;
; Block Design Naming                                                             ; Auto               ; Auto               ;
; SDC constraint protection                                                       ; Off                ; Off                ;
; Synthesis Effort                                                                ; Auto               ; Auto               ;
; Shift Register Replacement - Allow Asynchronous Clear Signal                    ; On                 ; On                 ;
; Pre-Mapping Resynthesis Optimization                                            ; Off                ; Off                ;
; Analysis & Synthesis Message Level                                              ; Medium             ; Medium             ;
; Disable Register Merging Across Hierarchies                                     ; Auto               ; Auto               ;
; Resource Aware Inference For Block RAM                                          ; On                 ; On                 ;
; Synthesis Seed                                                                  ; 1                  ; 1                  ;
; Automatic Parallel Synthesis                                                    ; On                 ; On                 ;
; Partial Reconfiguration Bitstream ID                                            ; Off                ; Off                ;
+---------------------------------------------------------------------------------+--------------------+--------------------+


+------------------------------------------+
; Parallel Compilation                     ;
+----------------------------+-------------+
; Processors                 ; Number      ;
+----------------------------+-------------+
; Number detected on machine ; 12          ;
; Maximum allowed            ; 6           ;
;                            ;             ;
; Average used               ; 1.00        ;
; Maximum used               ; 1           ;
;                            ;             ;
; Usage by Processor         ; % Time Used ;
;     Processor 1            ; 100.0%      ;
+----------------------------+-------------+


+--------------------------------------------------------------------------------------------------------------------------------+
; Analysis & Synthesis Source Files Read                                                                                         ;
+----------------------------------+-----------------+------------------------+----------------------------------------+---------+
; File Name with User-Entered Path ; Used in Netlist ; File Type              ; File Name with Absolute Path           ; Library ;
+----------------------------------+-----------------+------------------------+----------------------------------------+---------+
; ALU.v                            ; yes             ; User Verilog HDL File  ; C:/Users/jjaa7/Desktop/ALU/ALU.v       ;         ;
; gates+etc.v                      ; yes             ; User Verilog HDL File  ; C:/Users/jjaa7/Desktop/ALU/gates+etc.v ;         ;
+----------------------------------+-----------------+------------------------+----------------------------------------+---------+


+-----------------------------------------------------------+
; Analysis & Synthesis Resource Usage Summary               ;
+---------------------------------------------+-------------+
; Resource                                    ; Usage       ;
+---------------------------------------------+-------------+
; Estimate of Logic utilization (ALMs needed) ; 113         ;
;                                             ;             ;
; Combinational ALUT usage for logic          ; 159         ;
;     -- 7 input functions                    ; 26          ;
;     -- 6 input functions                    ; 40          ;
;     -- 5 input functions                    ; 11          ;
;     -- 4 input functions                    ; 24          ;
;     -- <=3 input functions                  ; 58          ;
;                                             ;             ;
; Dedicated logic registers                   ; 0           ;
;                                             ;             ;
; I/O pins                                    ; 100         ;
;                                             ;             ;
; Total DSP Blocks                            ; 0           ;
;                                             ;             ;
; Maximum fan-out node                        ; op[1]~input ;
; Maximum fan-out                             ; 43          ;
; Total fan-out                               ; 843         ;
; Average fan-out                             ; 2.35        ;
+---------------------------------------------+-------------+


+----------------------------------------------------------------------------------------------------------------------------------------------------------------------------------------------------------------------------------------------------------------------+
; Analysis & Synthesis Resource Utilization by Entity                                                                                                                                                                                                                  ;
+--------------------------------------+-------------------+--------------+-------------------+------------+------+--------------+----------------------------------------------------------------------------------------------------------------------+--------------+
; Compilation Hierarchy Node           ; LC Combinationals ; LC Registers ; Block Memory Bits ; DSP Blocks ; Pins ; Virtual Pins ; Full Hierarchy Name                                                                                                  ; Library Name ;
+--------------------------------------+-------------------+--------------+-------------------+------------+------+--------------+----------------------------------------------------------------------------------------------------------------------+--------------+
; |ALU                                 ; 159 (0)           ; 0 (0)        ; 0                 ; 0          ; 100  ; 0            ; |ALU                                                                                                                 ; work         ;
;    |_or2_32bits:U3_or2_32bits|       ; 4 (4)             ; 0 (0)        ; 0                 ; 0          ; 0    ; 0            ; |ALU|_or2_32bits:U3_or2_32bits                                                                                       ; work         ;
;    |_xnor2_32bits:U5_xnor2_32bits|   ; 1 (0)             ; 0 (0)        ; 0                 ; 0          ; 0    ; 0            ; |ALU|_xnor2_32bits:U5_xnor2_32bits                                                                                   ; work         ;
;       |_xnor2_4bits:U7_xnor2_4bits|  ; 1 (0)             ; 0 (0)        ; 0                 ; 0          ; 0    ; 0            ; |ALU|_xnor2_32bits:U5_xnor2_32bits|_xnor2_4bits:U7_xnor2_4bits                                                       ; work         ;
;          |_xor2_4bits:U0_xor2_4bits| ; 1 (0)             ; 0 (0)        ; 0                 ; 0          ; 0    ; 0            ; |ALU|_xnor2_32bits:U5_xnor2_32bits|_xnor2_4bits:U7_xnor2_4bits|_xor2_4bits:U0_xor2_4bits                             ; work         ;
;             |_xor2:U2_xor2|          ; 1 (0)             ; 0 (0)        ; 0                 ; 0          ; 0    ; 0            ; |ALU|_xnor2_32bits:U5_xnor2_32bits|_xnor2_4bits:U7_xnor2_4bits|_xor2_4bits:U0_xor2_4bits|_xor2:U2_xor2               ; work         ;
;                |_and2:U2_and2|       ; 1 (1)             ; 0 (0)        ; 0                 ; 0          ; 0    ; 0            ; |ALU|_xnor2_32bits:U5_xnor2_32bits|_xnor2_4bits:U7_xnor2_4bits|_xor2_4bits:U0_xor2_4bits|_xor2:U2_xor2|_and2:U2_and2 ; work         ;
;    |_xor2_32bits:U4_xor2_32bits|     ; 6 (0)             ; 0 (0)        ; 0                 ; 0          ; 0    ; 0            ; |ALU|_xor2_32bits:U4_xor2_32bits                                                                                     ; work         ;
;       |_xor2_4bits:U2_xor2_4bits|    ; 1 (0)             ; 0 (0)        ; 0                 ; 0          ; 0    ; 0            ; |ALU|_xor2_32bits:U4_xor2_32bits|_xor2_4bits:U2_xor2_4bits                                                           ; work         ;
;          |_xor2:U0_xor2|             ; 1 (0)             ; 0 (0)        ; 0                 ; 0          ; 0    ; 0            ; |ALU|_xor2_32bits:U4_xor2_32bits|_xor2_4bits:U2_xor2_4bits|_xor2:U0_xor2                                             ; work         ;
;             |_and2:U2_and2|          ; 1 (1)             ; 0 (0)        ; 0                 ; 0          ; 0    ; 0            ; |ALU|_xor2_32bits:U4_xor2_32bits|_xor2_4bits:U2_xor2_4bits|_xor2:U0_xor2|_and2:U2_and2                               ; work         ;
;       |_xor2_4bits:U3_xor2_4bits|    ; 2 (0)             ; 0 (0)        ; 0                 ; 0          ; 0    ; 0            ; |ALU|_xor2_32bits:U4_xor2_32bits|_xor2_4bits:U3_xor2_4bits                                                           ; work         ;
;          |_xor2:U1_xor2|             ; 1 (0)             ; 0 (0)        ; 0                 ; 0          ; 0    ; 0            ; |ALU|_xor2_32bits:U4_xor2_32bits|_xor2_4bits:U3_xor2_4bits|_xor2:U1_xor2                                             ; work         ;
;             |_and2:U2_and2|          ; 1 (1)             ; 0 (0)        ; 0                 ; 0          ; 0    ; 0            ; |ALU|_xor2_32bits:U4_xor2_32bits|_xor2_4bits:U3_xor2_4bits|_xor2:U1_xor2|_and2:U2_and2                               ; work         ;
;          |_xor2:U3_xor2|             ; 1 (0)             ; 0 (0)        ; 0                 ; 0          ; 0    ; 0            ; |ALU|_xor2_32bits:U4_xor2_32bits|_xor2_4bits:U3_xor2_4bits|_xor2:U3_xor2                                             ; work         ;
;             |_and2:U2_and2|          ; 1 (1)             ; 0 (0)        ; 0                 ; 0          ; 0    ; 0            ; |ALU|_xor2_32bits:U4_xor2_32bits|_xor2_4bits:U3_xor2_4bits|_xor2:U3_xor2|_and2:U2_and2                               ; work         ;
;       |_xor2_4bits:U5_xor2_4bits|    ; 1 (0)             ; 0 (0)        ; 0                 ; 0          ; 0    ; 0            ; |ALU|_xor2_32bits:U4_xor2_32bits|_xor2_4bits:U5_xor2_4bits                                                           ; work         ;
;          |_xor2:U2_xor2|             ; 1 (0)             ; 0 (0)        ; 0                 ; 0          ; 0    ; 0            ; |ALU|_xor2_32bits:U4_xor2_32bits|_xor2_4bits:U5_xor2_4bits|_xor2:U2_xor2                                             ; work         ;
;             |_or2:U4_or2|            ; 1 (1)             ; 0 (0)        ; 0                 ; 0          ; 0    ; 0            ; |ALU|_xor2_32bits:U4_xor2_32bits|_xor2_4bits:U5_xor2_4bits|_xor2:U2_xor2|_or2:U4_or2                                 ; work         ;
;       |_xor2_4bits:U6_xor2_4bits|    ; 1 (0)             ; 0 (0)        ; 0                 ; 0          ; 0    ; 0            ; |ALU|_xor2_32bits:U4_xor2_32bits|_xor2_4bits:U6_xor2_4bits                                                           ; work         ;
;          |_xor2:U1_xor2|             ; 1 (0)             ; 0 (0)        ; 0                 ; 0          ; 0    ; 0            ; |ALU|_xor2_32bits:U4_xor2_32bits|_xor2_4bits:U6_xor2_4bits|_xor2:U1_xor2                                             ; work         ;
;             |_and2:U2_and2|          ; 1 (1)             ; 0 (0)        ; 0                 ; 0          ; 0    ; 0            ; |ALU|_xor2_32bits:U4_xor2_32bits|_xor2_4bits:U6_xor2_4bits|_xor2:U1_xor2|_and2:U2_and2                               ; work         ;
;       |_xor2_4bits:U7_xor2_4bits|    ; 1 (0)             ; 0 (0)        ; 0                 ; 0          ; 0    ; 0            ; |ALU|_xor2_32bits:U4_xor2_32bits|_xor2_4bits:U7_xor2_4bits                                                           ; work         ;
;          |_xor2:U3_xor2|             ; 1 (0)             ; 0 (0)        ; 0                 ; 0          ; 0    ; 0            ; |ALU|_xor2_32bits:U4_xor2_32bits|_xor2_4bits:U7_xor2_4bits|_xor2:U3_xor2                                             ; work         ;
;             |_or2:U4_or2|            ; 1 (1)             ; 0 (0)        ; 0                 ; 0          ; 0    ; 0            ; |ALU|_xor2_32bits:U4_xor2_32bits|_xor2_4bits:U7_xor2_4bits|_xor2:U3_xor2|_or2:U4_or2                                 ; work         ;
;    |cla32_ov:U6_add|                 ; 43 (0)            ; 0 (0)        ; 0                 ; 0          ; 0    ; 0            ; |ALU|cla32_ov:U6_add                                                                                                 ; work         ;
;       |cla4:U0_cla4|                 ; 6 (0)             ; 0 (0)        ; 0                 ; 0          ; 0    ; 0            ; |ALU|cla32_ov:U6_add|cla4:U0_cla4                                                                                    ; work         ;
;          |clb4:U4_clb4|              ; 6 (0)             ; 0 (0)        ; 0                 ; 0          ; 0    ; 0            ; |ALU|cla32_ov:U6_add|cla4:U0_cla4|clb4:U4_clb4                                                                       ; work         ;
;             |_or2:U7_or2|            ; 1 (1)             ; 0 (0)        ; 0                 ; 0          ; 0    ; 0            ; |ALU|cla32_ov:U6_add|cla4:U0_cla4|clb4:U4_clb4|_or2:U7_or2                                                           ; work         ;
;             |_or4:U16_or4|           ; 2 (2)             ; 0 (0)        ; 0                 ; 0          ; 0    ; 0            ; |ALU|cla32_ov:U6_add|cla4:U0_cla4|clb4:U4_clb4|_or4:U16_or4                                                          ; work         ;
;             |_or5:U21_or5|           ; 3 (3)             ; 0 (0)        ; 0                 ; 0          ; 0    ; 0            ; |ALU|cla32_ov:U6_add|cla4:U0_cla4|clb4:U4_clb4|_or5:U21_or5                                                          ; work         ;
;       |cla4:U1_cla4|                 ; 6 (0)             ; 0 (0)        ; 0                 ; 0          ; 0    ; 0            ; |ALU|cla32_ov:U6_add|cla4:U1_cla4                                                                                    ; work         ;
;          |clb4:U4_clb4|              ; 4 (0)             ; 0 (0)        ; 0                 ; 0          ; 0    ; 0            ; |ALU|cla32_ov:U6_add|cla4:U1_cla4|clb4:U4_clb4                                                                       ; work         ;
;             |_or3:U12_or3|           ; 2 (2)             ; 0 (0)        ; 0                 ; 0          ; 0    ; 0            ; |ALU|cla32_ov:U6_add|cla4:U1_cla4|clb4:U4_clb4|_or3:U12_or3                                                          ; work         ;
;             |_or4:U16_or4|           ; 1 (1)             ; 0 (0)        ; 0                 ; 0          ; 0    ; 0            ; |ALU|cla32_ov:U6_add|cla4:U1_cla4|clb4:U4_clb4|_or4:U16_or4                                                          ; work         ;
;             |_or5:U21_or5|           ; 1 (1)             ; 0 (0)        ; 0                 ; 0          ; 0    ; 0            ; |ALU|cla32_ov:U6_add|cla4:U1_cla4|clb4:U4_clb4|_or5:U21_or5                                                          ; work         ;
;          |fa_v2:U1_fa_v2|            ; 2 (0)             ; 0 (0)        ; 0                 ; 0          ; 0    ; 0            ; |ALU|cla32_ov:U6_add|cla4:U1_cla4|fa_v2:U1_fa_v2                                                                     ; work         ;
;             |_xor2:U0_xor2|          ; 2 (0)             ; 0 (0)        ; 0                 ; 0          ; 0    ; 0            ; |ALU|cla32_ov:U6_add|cla4:U1_cla4|fa_v2:U1_fa_v2|_xor2:U0_xor2                                                       ; work         ;
;                |_and2:U2_and2|       ; 2 (2)             ; 0 (0)        ; 0                 ; 0          ; 0    ; 0            ; |ALU|cla32_ov:U6_add|cla4:U1_cla4|fa_v2:U1_fa_v2|_xor2:U0_xor2|_and2:U2_and2                                         ; work         ;
;       |cla4:U2_cla4|                 ; 6 (0)             ; 0 (0)        ; 0                 ; 0          ; 0    ; 0            ; |ALU|cla32_ov:U6_add|cla4:U2_cla4                                                                                    ; work         ;
;          |clb4:U4_clb4|              ; 6 (0)             ; 0 (0)        ; 0                 ; 0          ; 0    ; 0            ; |ALU|cla32_ov:U6_add|cla4:U2_cla4|clb4:U4_clb4                                                                       ; work         ;
;             |_or3:U12_or3|           ; 2 (2)             ; 0 (0)        ; 0                 ; 0          ; 0    ; 0            ; |ALU|cla32_ov:U6_add|cla4:U2_cla4|clb4:U4_clb4|_or3:U12_or3                                                          ; work         ;
;             |_or4:U16_or4|           ; 3 (3)             ; 0 (0)        ; 0                 ; 0          ; 0    ; 0            ; |ALU|cla32_ov:U6_add|cla4:U2_cla4|clb4:U4_clb4|_or4:U16_or4                                                          ; work         ;
;             |_or5:U21_or5|           ; 1 (1)             ; 0 (0)        ; 0                 ; 0          ; 0    ; 0            ; |ALU|cla32_ov:U6_add|cla4:U2_cla4|clb4:U4_clb4|_or5:U21_or5                                                          ; work         ;
;       |cla4:U3_cla4|                 ; 5 (0)             ; 0 (0)        ; 0                 ; 0          ; 0    ; 0            ; |ALU|cla32_ov:U6_add|cla4:U3_cla4                                                                                    ; work         ;
;          |clb4:U4_clb4|              ; 5 (0)             ; 0 (0)        ; 0                 ; 0          ; 0    ; 0            ; |ALU|cla32_ov:U6_add|cla4:U3_cla4|clb4:U4_clb4                                                                       ; work         ;
;             |_or3:U12_or3|           ; 2 (2)             ; 0 (0)        ; 0                 ; 0          ; 0    ; 0            ; |ALU|cla32_ov:U6_add|cla4:U3_cla4|clb4:U4_clb4|_or3:U12_or3                                                          ; work         ;
;             |_or4:U16_or4|           ; 1 (1)             ; 0 (0)        ; 0                 ; 0          ; 0    ; 0            ; |ALU|cla32_ov:U6_add|cla4:U3_cla4|clb4:U4_clb4|_or4:U16_or4                                                          ; work         ;
;             |_or5:U21_or5|           ; 2 (2)             ; 0 (0)        ; 0                 ; 0          ; 0    ; 0            ; |ALU|cla32_ov:U6_add|cla4:U3_cla4|clb4:U4_clb4|_or5:U21_or5                                                          ; work         ;
;       |cla4:U4_cla4|                 ; 7 (0)             ; 0 (0)        ; 0                 ; 0          ; 0    ; 0            ; |ALU|cla32_ov:U6_add|cla4:U4_cla4                                                                                    ; work         ;
;          |clb4:U4_clb4|              ; 6 (0)             ; 0 (0)        ; 0                 ; 0          ; 0    ; 0            ; |ALU|cla32_ov:U6_add|cla4:U4_cla4|clb4:U4_clb4                                                                       ; work         ;
;             |_or3:U12_or3|           ; 1 (1)             ; 0 (0)        ; 0                 ; 0          ; 0    ; 0            ; |ALU|cla32_ov:U6_add|cla4:U4_cla4|clb4:U4_clb4|_or3:U12_or3                                                          ; work         ;
;             |_or4:U16_or4|           ; 4 (4)             ; 0 (0)        ; 0                 ; 0          ; 0    ; 0            ; |ALU|cla32_ov:U6_add|cla4:U4_cla4|clb4:U4_clb4|_or4:U16_or4                                                          ; work         ;
;             |_or5:U21_or5|           ; 1 (1)             ; 0 (0)        ; 0                 ; 0          ; 0    ; 0            ; |ALU|cla32_ov:U6_add|cla4:U4_cla4|clb4:U4_clb4|_or5:U21_or5                                                          ; work         ;
;          |fa_v2:U2_fa_v2|            ; 1 (0)             ; 0 (0)        ; 0                 ; 0          ; 0    ; 0            ; |ALU|cla32_ov:U6_add|cla4:U4_cla4|fa_v2:U2_fa_v2                                                                     ; work         ;
;             |_xor2:U1_xor2|          ; 1 (0)             ; 0 (0)        ; 0                 ; 0          ; 0    ; 0            ; |ALU|cla32_ov:U6_add|cla4:U4_cla4|fa_v2:U2_fa_v2|_xor2:U1_xor2                                                       ; work         ;
;                |_or2:U4_or2|         ; 1 (1)             ; 0 (0)        ; 0                 ; 0          ; 0    ; 0            ; |ALU|cla32_ov:U6_add|cla4:U4_cla4|fa_v2:U2_fa_v2|_xor2:U1_xor2|_or2:U4_or2                                           ; work         ;
;       |cla4:U5_cla4|                 ; 3 (0)             ; 0 (0)        ; 0                 ; 0          ; 0    ; 0            ; |ALU|cla32_ov:U6_add|cla4:U5_cla4                                                                                    ; work         ;
;          |clb4:U4_clb4|              ; 2 (0)             ; 0 (0)        ; 0                 ; 0          ; 0    ; 0            ; |ALU|cla32_ov:U6_add|cla4:U5_cla4|clb4:U4_clb4                                                                       ; work         ;
;             |_and2:U8_and2|          ; 1 (1)             ; 0 (0)        ; 0                 ; 0          ; 0    ; 0            ; |ALU|cla32_ov:U6_add|cla4:U5_cla4|clb4:U4_clb4|_and2:U8_and2                                                         ; work         ;
;             |_or4:U16_or4|           ; 1 (1)             ; 0 (0)        ; 0                 ; 0          ; 0    ; 0            ; |ALU|cla32_ov:U6_add|cla4:U5_cla4|clb4:U4_clb4|_or4:U16_or4                                                          ; work         ;
;          |fa_v2:U0_fa_v2|            ; 1 (0)             ; 0 (0)        ; 0                 ; 0          ; 0    ; 0            ; |ALU|cla32_ov:U6_add|cla4:U5_cla4|fa_v2:U0_fa_v2                                                                     ; work         ;
;             |_xor2:U0_xor2|          ; 1 (0)             ; 0 (0)        ; 0                 ; 0          ; 0    ; 0            ; |ALU|cla32_ov:U6_add|cla4:U5_cla4|fa_v2:U0_fa_v2|_xor2:U0_xor2                                                       ; work         ;
;                |_and2:U2_and2|       ; 1 (1)             ; 0 (0)        ; 0                 ; 0          ; 0    ; 0            ; |ALU|cla32_ov:U6_add|cla4:U5_cla4|fa_v2:U0_fa_v2|_xor2:U0_xor2|_and2:U2_and2                                         ; work         ;
;       |cla4:U6_cla4|                 ; 4 (0)             ; 0 (0)        ; 0                 ; 0          ; 0    ; 0            ; |ALU|cla32_ov:U6_add|cla4:U6_cla4                                                                                    ; work         ;
;          |clb4:U4_clb4|              ; 4 (0)             ; 0 (0)        ; 0                 ; 0          ; 0    ; 0            ; |ALU|cla32_ov:U6_add|cla4:U6_cla4|clb4:U4_clb4                                                                       ; work         ;
;             |_or3:U12_or3|           ; 2 (2)             ; 0 (0)        ; 0                 ; 0          ; 0    ; 0            ; |ALU|cla32_ov:U6_add|cla4:U6_cla4|clb4:U4_clb4|_or3:U12_or3                                                          ; work         ;
;             |_or4:U16_or4|           ; 1 (1)             ; 0 (0)        ; 0                 ; 0          ; 0    ; 0            ; |ALU|cla32_ov:U6_add|cla4:U6_cla4|clb4:U4_clb4|_or4:U16_or4                                                          ; work         ;
;             |_or5:U21_or5|           ; 1 (1)             ; 0 (0)        ; 0                 ; 0          ; 0    ; 0            ; |ALU|cla32_ov:U6_add|cla4:U6_cla4|clb4:U4_clb4|_or5:U21_or5                                                          ; work         ;
;       |cla4_ov:U7_cla4_ov|           ; 6 (0)             ; 0 (0)        ; 0                 ; 0          ; 0    ; 0            ; |ALU|cla32_ov:U6_add|cla4_ov:U7_cla4_ov                                                                              ; work         ;
;          |clb4:U4_clb4|              ; 6 (0)             ; 0 (0)        ; 0                 ; 0          ; 0    ; 0            ; |ALU|cla32_ov:U6_add|cla4_ov:U7_cla4_ov|clb4:U4_clb4                                                                 ; work         ;
;             |_or2:U5_or2|            ; 1 (1)             ; 0 (0)        ; 0                 ; 0          ; 0    ; 0            ; |ALU|cla32_ov:U6_add|cla4_ov:U7_cla4_ov|clb4:U4_clb4|_or2:U5_or2                                                     ; work         ;
;             |_or3:U12_or3|           ; 2 (2)             ; 0 (0)        ; 0                 ; 0          ; 0    ; 0            ; |ALU|cla32_ov:U6_add|cla4_ov:U7_cla4_ov|clb4:U4_clb4|_or3:U12_or3                                                    ; work         ;
;             |_or4:U16_or4|           ; 3 (3)             ; 0 (0)        ; 0                 ; 0          ; 0    ; 0            ; |ALU|cla32_ov:U6_add|cla4_ov:U7_cla4_ov|clb4:U4_clb4|_or4:U16_or4                                                    ; work         ;
;    |cla32_ov:U7_sub|                 ; 56 (0)            ; 0 (0)        ; 0                 ; 0          ; 0    ; 0            ; |ALU|cla32_ov:U7_sub                                                                                                 ; work         ;
;       |cla4:U0_cla4|                 ; 6 (0)             ; 0 (0)        ; 0                 ; 0          ; 0    ; 0            ; |ALU|cla32_ov:U7_sub|cla4:U0_cla4                                                                                    ; work         ;
;          |clb4:U4_clb4|              ; 6 (0)             ; 0 (0)        ; 0                 ; 0          ; 0    ; 0            ; |ALU|cla32_ov:U7_sub|cla4:U0_cla4|clb4:U4_clb4                                                                       ; work         ;
;             |_or4:U16_or4|           ; 2 (2)             ; 0 (0)        ; 0                 ; 0          ; 0    ; 0            ; |ALU|cla32_ov:U7_sub|cla4:U0_cla4|clb4:U4_clb4|_or4:U16_or4                                                          ; work         ;
;             |_or5:U21_or5|           ; 4 (4)             ; 0 (0)        ; 0                 ; 0          ; 0    ; 0            ; |ALU|cla32_ov:U7_sub|cla4:U0_cla4|clb4:U4_clb4|_or5:U21_or5                                                          ; work         ;
;       |cla4:U1_cla4|                 ; 9 (0)             ; 0 (0)        ; 0                 ; 0          ; 0    ; 0            ; |ALU|cla32_ov:U7_sub|cla4:U1_cla4                                                                                    ; work         ;
;          |clb4:U4_clb4|              ; 9 (0)             ; 0 (0)        ; 0                 ; 0          ; 0    ; 0            ; |ALU|cla32_ov:U7_sub|cla4:U1_cla4|clb4:U4_clb4                                                                       ; work         ;
;             |_or2:U5_or2|            ; 1 (1)             ; 0 (0)        ; 0                 ; 0          ; 0    ; 0            ; |ALU|cla32_ov:U7_sub|cla4:U1_cla4|clb4:U4_clb4|_or2:U5_or2                                                           ; work         ;
;             |_or2:U6_or2|            ; 1 (1)             ; 0 (0)        ; 0                 ; 0          ; 0    ; 0            ; |ALU|cla32_ov:U7_sub|cla4:U1_cla4|clb4:U4_clb4|_or2:U6_or2                                                           ; work         ;
;             |_or3:U12_or3|           ; 2 (2)             ; 0 (0)        ; 0                 ; 0          ; 0    ; 0            ; |ALU|cla32_ov:U7_sub|cla4:U1_cla4|clb4:U4_clb4|_or3:U12_or3                                                          ; work         ;
;             |_or4:U16_or4|           ; 1 (1)             ; 0 (0)        ; 0                 ; 0          ; 0    ; 0            ; |ALU|cla32_ov:U7_sub|cla4:U1_cla4|clb4:U4_clb4|_or4:U16_or4                                                          ; work         ;
;             |_or5:U21_or5|           ; 4 (4)             ; 0 (0)        ; 0                 ; 0          ; 0    ; 0            ; |ALU|cla32_ov:U7_sub|cla4:U1_cla4|clb4:U4_clb4|_or5:U21_or5                                                          ; work         ;
;       |cla4:U2_cla4|                 ; 9 (0)             ; 0 (0)        ; 0                 ; 0          ; 0    ; 0            ; |ALU|cla32_ov:U7_sub|cla4:U2_cla4                                                                                    ; work         ;
;          |clb4:U4_clb4|              ; 8 (0)             ; 0 (0)        ; 0                 ; 0          ; 0    ; 0            ; |ALU|cla32_ov:U7_sub|cla4:U2_cla4|clb4:U4_clb4                                                                       ; work         ;
;             |_and2:U8_and2|          ; 1 (1)             ; 0 (0)        ; 0                 ; 0          ; 0    ; 0            ; |ALU|cla32_ov:U7_sub|cla4:U2_cla4|clb4:U4_clb4|_and2:U8_and2                                                         ; work         ;
;             |_or2:U4_or2|            ; 1 (1)             ; 0 (0)        ; 0                 ; 0          ; 0    ; 0            ; |ALU|cla32_ov:U7_sub|cla4:U2_cla4|clb4:U4_clb4|_or2:U4_or2                                                           ; work         ;
;             |_or2:U6_or2|            ; 1 (1)             ; 0 (0)        ; 0                 ; 0          ; 0    ; 0            ; |ALU|cla32_ov:U7_sub|cla4:U2_cla4|clb4:U4_clb4|_or2:U6_or2                                                           ; work         ;
;             |_or4:U16_or4|           ; 1 (1)             ; 0 (0)        ; 0                 ; 0          ; 0    ; 0            ; |ALU|cla32_ov:U7_sub|cla4:U2_cla4|clb4:U4_clb4|_or4:U16_or4                                                          ; work         ;
;             |_or5:U21_or5|           ; 4 (4)             ; 0 (0)        ; 0                 ; 0          ; 0    ; 0            ; |ALU|cla32_ov:U7_sub|cla4:U2_cla4|clb4:U4_clb4|_or5:U21_or5                                                          ; work         ;
;          |fa_v2:U1_fa_v2|            ; 1 (0)             ; 0 (0)        ; 0                 ; 0          ; 0    ; 0            ; |ALU|cla32_ov:U7_sub|cla4:U2_cla4|fa_v2:U1_fa_v2                                                                     ; work         ;
;             |_xor2:U0_xor2|          ; 1 (0)             ; 0 (0)        ; 0                 ; 0          ; 0    ; 0            ; |ALU|cla32_ov:U7_sub|cla4:U2_cla4|fa_v2:U1_fa_v2|_xor2:U0_xor2                                                       ; work         ;
;                |_and2:U2_and2|       ; 1 (1)             ; 0 (0)        ; 0                 ; 0          ; 0    ; 0            ; |ALU|cla32_ov:U7_sub|cla4:U2_cla4|fa_v2:U1_fa_v2|_xor2:U0_xor2|_and2:U2_and2                                         ; work         ;
;       |cla4:U3_cla4|                 ; 7 (0)             ; 0 (0)        ; 0                 ; 0          ; 0    ; 0            ; |ALU|cla32_ov:U7_sub|cla4:U3_cla4                                                                                    ; work         ;
;          |clb4:U4_clb4|              ; 7 (0)             ; 0 (0)        ; 0                 ; 0          ; 0    ; 0            ; |ALU|cla32_ov:U7_sub|cla4:U3_cla4|clb4:U4_clb4                                                                       ; work         ;
;             |_or2:U6_or2|            ; 1 (1)             ; 0 (0)        ; 0                 ; 0          ; 0    ; 0            ; |ALU|cla32_ov:U7_sub|cla4:U3_cla4|clb4:U4_clb4|_or2:U6_or2                                                           ; work         ;
;             |_or3:U12_or3|           ; 1 (1)             ; 0 (0)        ; 0                 ; 0          ; 0    ; 0            ; |ALU|cla32_ov:U7_sub|cla4:U3_cla4|clb4:U4_clb4|_or3:U12_or3                                                          ; work         ;
;             |_or4:U16_or4|           ; 1 (1)             ; 0 (0)        ; 0                 ; 0          ; 0    ; 0            ; |ALU|cla32_ov:U7_sub|cla4:U3_cla4|clb4:U4_clb4|_or4:U16_or4                                                          ; work         ;
;             |_or5:U21_or5|           ; 4 (4)             ; 0 (0)        ; 0                 ; 0          ; 0    ; 0            ; |ALU|cla32_ov:U7_sub|cla4:U3_cla4|clb4:U4_clb4|_or5:U21_or5                                                          ; work         ;
;       |cla4:U4_cla4|                 ; 7 (0)             ; 0 (0)        ; 0                 ; 0          ; 0    ; 0            ; |ALU|cla32_ov:U7_sub|cla4:U4_cla4                                                                                    ; work         ;
;          |clb4:U4_clb4|              ; 7 (0)             ; 0 (0)        ; 0                 ; 0          ; 0    ; 0            ; |ALU|cla32_ov:U7_sub|cla4:U4_cla4|clb4:U4_clb4                                                                       ; work         ;
;             |_or2:U6_or2|            ; 1 (1)             ; 0 (0)        ; 0                 ; 0          ; 0    ; 0            ; |ALU|cla32_ov:U7_sub|cla4:U4_cla4|clb4:U4_clb4|_or2:U6_or2                                                           ; work         ;
;             |_or3:U12_or3|           ; 1 (1)             ; 0 (0)        ; 0                 ; 0          ; 0    ; 0            ; |ALU|cla32_ov:U7_sub|cla4:U4_cla4|clb4:U4_clb4|_or3:U12_or3                                                          ; work         ;
;             |_or4:U16_or4|           ; 1 (1)             ; 0 (0)        ; 0                 ; 0          ; 0    ; 0            ; |ALU|cla32_ov:U7_sub|cla4:U4_cla4|clb4:U4_clb4|_or4:U16_or4                                                          ; work         ;
;             |_or5:U21_or5|           ; 4 (4)             ; 0 (0)        ; 0                 ; 0          ; 0    ; 0            ; |ALU|cla32_ov:U7_sub|cla4:U4_cla4|clb4:U4_clb4|_or5:U21_or5                                                          ; work         ;
;       |cla4:U5_cla4|                 ; 7 (0)             ; 0 (0)        ; 0                 ; 0          ; 0    ; 0            ; |ALU|cla32_ov:U7_sub|cla4:U5_cla4                                                                                    ; work         ;
;          |clb4:U4_clb4|              ; 7 (0)             ; 0 (0)        ; 0                 ; 0          ; 0    ; 0            ; |ALU|cla32_ov:U7_sub|cla4:U5_cla4|clb4:U4_clb4                                                                       ; work         ;
;             |_or2:U6_or2|            ; 1 (1)             ; 0 (0)        ; 0                 ; 0          ; 0    ; 0            ; |ALU|cla32_ov:U7_sub|cla4:U5_cla4|clb4:U4_clb4|_or2:U6_or2                                                           ; work         ;
;             |_or3:U12_or3|           ; 1 (1)             ; 0 (0)        ; 0                 ; 0          ; 0    ; 0            ; |ALU|cla32_ov:U7_sub|cla4:U5_cla4|clb4:U4_clb4|_or3:U12_or3                                                          ; work         ;
;             |_or4:U16_or4|           ; 1 (1)             ; 0 (0)        ; 0                 ; 0          ; 0    ; 0            ; |ALU|cla32_ov:U7_sub|cla4:U5_cla4|clb4:U4_clb4|_or4:U16_or4                                                          ; work         ;
;             |_or5:U21_or5|           ; 4 (4)             ; 0 (0)        ; 0                 ; 0          ; 0    ; 0            ; |ALU|cla32_ov:U7_sub|cla4:U5_cla4|clb4:U4_clb4|_or5:U21_or5                                                          ; work         ;
;       |cla4:U6_cla4|                 ; 7 (0)             ; 0 (0)        ; 0                 ; 0          ; 0    ; 0            ; |ALU|cla32_ov:U7_sub|cla4:U6_cla4                                                                                    ; work         ;
;          |clb4:U4_clb4|              ; 7 (0)             ; 0 (0)        ; 0                 ; 0          ; 0    ; 0            ; |ALU|cla32_ov:U7_sub|cla4:U6_cla4|clb4:U4_clb4                                                                       ; work         ;
;             |_or2:U6_or2|            ; 1 (1)             ; 0 (0)        ; 0                 ; 0          ; 0    ; 0            ; |ALU|cla32_ov:U7_sub|cla4:U6_cla4|clb4:U4_clb4|_or2:U6_or2                                                           ; work         ;
;             |_or3:U12_or3|           ; 1 (1)             ; 0 (0)        ; 0                 ; 0          ; 0    ; 0            ; |ALU|cla32_ov:U7_sub|cla4:U6_cla4|clb4:U4_clb4|_or3:U12_or3                                                          ; work         ;
;             |_or4:U16_or4|           ; 1 (1)             ; 0 (0)        ; 0                 ; 0          ; 0    ; 0            ; |ALU|cla32_ov:U7_sub|cla4:U6_cla4|clb4:U4_clb4|_or4:U16_or4                                                          ; work         ;
;             |_or5:U21_or5|           ; 4 (4)             ; 0 (0)        ; 0                 ; 0          ; 0    ; 0            ; |ALU|cla32_ov:U7_sub|cla4:U6_cla4|clb4:U4_clb4|_or5:U21_or5                                                          ; work         ;
;       |cla4_ov:U7_cla4_ov|           ; 4 (0)             ; 0 (0)        ; 0                 ; 0          ; 0    ; 0            ; |ALU|cla32_ov:U7_sub|cla4_ov:U7_cla4_ov                                                                              ; work         ;
;          |clb4:U4_clb4|              ; 4 (0)             ; 0 (0)        ; 0                 ; 0          ; 0    ; 0            ; |ALU|cla32_ov:U7_sub|cla4_ov:U7_cla4_ov|clb4:U4_clb4                                                                 ; work         ;
;             |_or3:U12_or3|           ; 1 (1)             ; 0 (0)        ; 0                 ; 0          ; 0    ; 0            ; |ALU|cla32_ov:U7_sub|cla4_ov:U7_cla4_ov|clb4:U4_clb4|_or3:U12_or3                                                    ; work         ;
;             |_or4:U16_or4|           ; 3 (3)             ; 0 (0)        ; 0                 ; 0          ; 0    ; 0            ; |ALU|cla32_ov:U7_sub|cla4_ov:U7_cla4_ov|clb4:U4_clb4|_or4:U16_or4                                                    ; work         ;
;    |mx8_32bits:U8_mx8_32bits|        ; 49 (0)            ; 0 (0)        ; 0                 ; 0          ; 0    ; 0            ; |ALU|mx8_32bits:U8_mx8_32bits                                                                                        ; work         ;
;       |mx2_32bits:U4_mx2_32bits|     ; 48 (48)           ; 0 (0)        ; 0                 ; 0          ; 0    ; 0            ; |ALU|mx8_32bits:U8_mx8_32bits|mx2_32bits:U4_mx2_32bits                                                               ; work         ;
;       |mx2_32bits:U6_mx2_32bits|     ; 1 (1)             ; 0 (0)        ; 0                 ; 0          ; 0    ; 0            ; |ALU|mx8_32bits:U8_mx8_32bits|mx2_32bits:U6_mx2_32bits                                                               ; work         ;
+--------------------------------------+-------------------+--------------+-------------------+------------+------+--------------+----------------------------------------------------------------------------------------------------------------------+--------------+
Note: For table entries with two numbers listed, the numbers in parentheses indicate the number of resources of the given type used by the specific entity alone. The numbers listed outside of parentheses indicate the total resources of the given type used by the specific entity and all of its sub-entities in the hierarchy.


+------------------------------------------------------+
; General Register Statistics                          ;
+----------------------------------------------+-------+
; Statistic                                    ; Value ;
+----------------------------------------------+-------+
; Total registers                              ; 0     ;
; Number of registers using Synchronous Clear  ; 0     ;
; Number of registers using Synchronous Load   ; 0     ;
; Number of registers using Asynchronous Clear ; 0     ;
; Number of registers using Asynchronous Load  ; 0     ;
; Number of registers using Clock Enable       ; 0     ;
; Number of registers using Preset             ; 0     ;
+----------------------------------------------+-------+


+------------------------------------------------------+
; Port Connectivity Checks: "mx8_32bits:U8_mx8_32bits" ;
+------+-------+----------+----------------------------+
; Port ; Type  ; Severity ; Details                    ;
+------+-------+----------+----------------------------+
; a    ; Input ; Info     ; Stuck at GND               ;
+------+-------+----------+----------------------------+


+-------------------------------------------------------------------------------------------------------------------+
; Port Connectivity Checks: "cla32_ov:U7_sub"                                                                       ;
+---------+--------+----------+-------------------------------------------------------------------------------------+
; Port    ; Type   ; Severity ; Details                                                                             ;
+---------+--------+----------+-------------------------------------------------------------------------------------+
; ci      ; Input  ; Info     ; Stuck at VCC                                                                        ;
; co_prev ; Output ; Info     ; Connected to dangling logic. Logic that only feeds a dangling port will be removed. ;
; co      ; Output ; Info     ; Connected to dangling logic. Logic that only feeds a dangling port will be removed. ;
+---------+--------+----------+-------------------------------------------------------------------------------------+


+-------------------------------------------------------------------------------------------------------------------+
; Port Connectivity Checks: "cla32_ov:U6_add"                                                                       ;
+---------+--------+----------+-------------------------------------------------------------------------------------+
; Port    ; Type   ; Severity ; Details                                                                             ;
+---------+--------+----------+-------------------------------------------------------------------------------------+
; ci      ; Input  ; Info     ; Stuck at GND                                                                        ;
; co_prev ; Output ; Info     ; Connected to dangling logic. Logic that only feeds a dangling port will be removed. ;
; co      ; Output ; Info     ; Connected to dangling logic. Logic that only feeds a dangling port will be removed. ;
+---------+--------+----------+-------------------------------------------------------------------------------------+


+-----------------------------------------------------+
; Post-Synthesis Netlist Statistics for Top Partition ;
+-----------------------+-----------------------------+
; Type                  ; Count                       ;
+-----------------------+-----------------------------+
; arriav_lcell_comb     ; 159                         ;
;     extend            ; 26                          ;
;         7 data inputs ; 26                          ;
;     normal            ; 133                         ;
;         2 data inputs ; 36                          ;
;         3 data inputs ; 22                          ;
;         4 data inputs ; 24                          ;
;         5 data inputs ; 11                          ;
;         6 data inputs ; 40                          ;
; boundary_port         ; 100                         ;
;                       ;                             ;
; Max LUT depth         ; 13.00                       ;
; Average LUT depth     ; 8.46                        ;
+-----------------------+-----------------------------+


+-------------------------------+
; Elapsed Time Per Partition    ;
+----------------+--------------+
; Partition Name ; Elapsed Time ;
+----------------+--------------+
; Top            ; 00:00:01     ;
+----------------+--------------+


+-------------------------------+
; Analysis & Synthesis Messages ;
+-------------------------------+
Info: *******************************************************************
Info: Running Quartus Prime Analysis & Synthesis
    Info: Version 15.1.0 Build 185 10/21/2015 SJ Lite Edition
    Info: Processing started: Mon Dec 07 14:17:56 2020
Info: Command: quartus_map --read_settings_files=on --write_settings_files=off ALU -c ALU
Info (20030): Parallel compilation is enabled and will use 6 of the 6 processors detected
Info (12021): Found 1 design units, including 1 entities, in source file alu.v
    Info (12023): Found entity 1: ALU File: C:/Users/jjaa7/Desktop/ALU/ALU.v Line: 1
Warning (10229): Verilog HDL Expression warning at tb_ALU.v(10): truncated literal to match 4 bits File: C:/Users/jjaa7/Desktop/ALU/tb_ALU.v Line: 10
Warning (10229): Verilog HDL Expression warning at tb_ALU.v(17): truncated literal to match 4 bits File: C:/Users/jjaa7/Desktop/ALU/tb_ALU.v Line: 17
Info (12021): Found 1 design units, including 1 entities, in source file tb_alu.v
    Info (12023): Found entity 1: tb_ALU File: C:/Users/jjaa7/Desktop/ALU/tb_ALU.v Line: 2
Info (12021): Found 29 design units, including 29 entities, in source file gates+etc.v
    Info (12023): Found entity 1: _inv_32bits File: C:/Users/jjaa7/Desktop/ALU/gates+etc.v Line: 1
    Info (12023): Found entity 2: _and2_32bits File: C:/Users/jjaa7/Desktop/ALU/gates+etc.v Line: 7
    Info (12023): Found entity 3: _or2_32bits File: C:/Users/jjaa7/Desktop/ALU/gates+etc.v Line: 13
    Info (12023): Found entity 4: _inv File: C:/Users/jjaa7/Desktop/ALU/gates+etc.v Line: 20
    Info (12023): Found entity 5: _xor2 File: C:/Users/jjaa7/Desktop/ALU/gates+etc.v Line: 26
    Info (12023): Found entity 6: _xor2_4bits File: C:/Users/jjaa7/Desktop/ALU/gates+etc.v Line: 38
    Info (12023): Found entity 7: _xor2_32bits File: C:/Users/jjaa7/Desktop/ALU/gates+etc.v Line: 47
    Info (12023): Found entity 8: _inv_4bits File: C:/Users/jjaa7/Desktop/ALU/gates+etc.v Line: 63
    Info (12023): Found entity 9: _xnor2_4bits File: C:/Users/jjaa7/Desktop/ALU/gates+etc.v Line: 69
    Info (12023): Found entity 10: _xnor2_32bits File: C:/Users/jjaa7/Desktop/ALU/gates+etc.v Line: 77
    Info (12023): Found entity 11: fa_v2 File: C:/Users/jjaa7/Desktop/ALU/gates+etc.v Line: 93
    Info (12023): Found entity 12: _and2 File: C:/Users/jjaa7/Desktop/ALU/gates+etc.v Line: 102
    Info (12023): Found entity 13: _or2 File: C:/Users/jjaa7/Desktop/ALU/gates+etc.v Line: 108
    Info (12023): Found entity 14: _and3 File: C:/Users/jjaa7/Desktop/ALU/gates+etc.v Line: 114
    Info (12023): Found entity 15: _and4 File: C:/Users/jjaa7/Desktop/ALU/gates+etc.v Line: 120
    Info (12023): Found entity 16: _and5 File: C:/Users/jjaa7/Desktop/ALU/gates+etc.v Line: 126
    Info (12023): Found entity 17: _or3 File: C:/Users/jjaa7/Desktop/ALU/gates+etc.v Line: 132
    Info (12023): Found entity 18: _or4 File: C:/Users/jjaa7/Desktop/ALU/gates+etc.v Line: 138
    Info (12023): Found entity 19: _or5 File: C:/Users/jjaa7/Desktop/ALU/gates+etc.v Line: 144
    Info (12023): Found entity 20: clb4 File: C:/Users/jjaa7/Desktop/ALU/gates+etc.v Line: 150
    Info (12023): Found entity 21: cla4_ov File: C:/Users/jjaa7/Desktop/ALU/gates+etc.v Line: 204
    Info (12023): Found entity 22: cla32_ov File: C:/Users/jjaa7/Desktop/ALU/gates+etc.v Line: 217
    Info (12023): Found entity 23: mx2_64bits File: C:/Users/jjaa7/Desktop/ALU/gates+etc.v Line: 237
    Info (12023): Found entity 24: mx8_64bits File: C:/Users/jjaa7/Desktop/ALU/gates+etc.v Line: 244
    Info (12023): Found entity 25: mx2_32bits File: C:/Users/jjaa7/Desktop/ALU/gates+etc.v Line: 258
    Info (12023): Found entity 26: mx8_32bits File: C:/Users/jjaa7/Desktop/ALU/gates+etc.v Line: 265
    Info (12023): Found entity 27: cla4 File: C:/Users/jjaa7/Desktop/ALU/gates+etc.v Line: 281
    Info (12023): Found entity 28: cla8 File: C:/Users/jjaa7/Desktop/ALU/gates+etc.v Line: 296
    Info (12023): Found entity 29: cla32 File: C:/Users/jjaa7/Desktop/ALU/gates+etc.v Line: 307
Info (12127): Elaborating entity "ALU" for the top level hierarchy
Info (12128): Elaborating entity "_inv_32bits" for hierarchy "_inv_32bits:U1_inv_32bits" File: C:/Users/jjaa7/Desktop/ALU/ALU.v Line: 8
Info (12128): Elaborating entity "_and2_32bits" for hierarchy "_and2_32bits:U2_and2_32bits" File: C:/Users/jjaa7/Desktop/ALU/ALU.v Line: 9
Info (12128): Elaborating entity "_or2_32bits" for hierarchy "_or2_32bits:U3_or2_32bits" File: C:/Users/jjaa7/Desktop/ALU/ALU.v Line: 10
Info (12128): Elaborating entity "_xor2_32bits" for hierarchy "_xor2_32bits:U4_xor2_32bits" File: C:/Users/jjaa7/Desktop/ALU/ALU.v Line: 11
Info (12128): Elaborating entity "_xor2_4bits" for hierarchy "_xor2_32bits:U4_xor2_32bits|_xor2_4bits:U0_xor2_4bits" File: C:/Users/jjaa7/Desktop/ALU/gates+etc.v Line: 50
Info (12128): Elaborating entity "_xor2" for hierarchy "_xor2_32bits:U4_xor2_32bits|_xor2_4bits:U0_xor2_4bits|_xor2:U0_xor2" File: C:/Users/jjaa7/Desktop/ALU/gates+etc.v Line: 41
Info (12128): Elaborating entity "_inv" for hierarchy "_xor2_32bits:U4_xor2_32bits|_xor2_4bits:U0_xor2_4bits|_xor2:U0_xor2|_inv:U0_inv" File: C:/Users/jjaa7/Desktop/ALU/gates+etc.v Line: 31
Info (12128): Elaborating entity "_and2" for hierarchy "_xor2_32bits:U4_xor2_32bits|_xor2_4bits:U0_xor2_4bits|_xor2:U0_xor2|_and2:U2_and2" File: C:/Users/jjaa7/Desktop/ALU/gates+etc.v Line: 33
Info (12128): Elaborating entity "_or2" for hierarchy "_xor2_32bits:U4_xor2_32bits|_xor2_4bits:U0_xor2_4bits|_xor2:U0_xor2|_or2:U4_or2" File: C:/Users/jjaa7/Desktop/ALU/gates+etc.v Line: 35
Info (12128): Elaborating entity "_xnor2_32bits" for hierarchy "_xnor2_32bits:U5_xnor2_32bits" File: C:/Users/jjaa7/Desktop/ALU/ALU.v Line: 12
Info (12128): Elaborating entity "_xnor2_4bits" for hierarchy "_xnor2_32bits:U5_xnor2_32bits|_xnor2_4bits:U0_xnor2_4bits" File: C:/Users/jjaa7/Desktop/ALU/gates+etc.v Line: 80
Info (12128): Elaborating entity "_inv_4bits" for hierarchy "_xnor2_32bits:U5_xnor2_32bits|_xnor2_4bits:U0_xnor2_4bits|_inv_4bits:U1_inv_4bits" File: C:/Users/jjaa7/Desktop/ALU/gates+etc.v Line: 74
Info (12128): Elaborating entity "cla32_ov" for hierarchy "cla32_ov:U6_add" File: C:/Users/jjaa7/Desktop/ALU/ALU.v Line: 13
Info (12128): Elaborating entity "cla4" for hierarchy "cla32_ov:U6_add|cla4:U0_cla4" File: C:/Users/jjaa7/Desktop/ALU/gates+etc.v Line: 224
Info (12128): Elaborating entity "fa_v2" for hierarchy "cla32_ov:U6_add|cla4:U0_cla4|fa_v2:U0_fa_v2" File: C:/Users/jjaa7/Desktop/ALU/gates+etc.v Line: 289
Info (12128): Elaborating entity "clb4" for hierarchy "cla32_ov:U6_add|cla4:U0_cla4|clb4:U4_clb4" File: C:/Users/jjaa7/Desktop/ALU/gates+etc.v Line: 293
Info (12128): Elaborating entity "_and3" for hierarchy "cla32_ov:U6_add|cla4:U0_cla4|clb4:U4_clb4|_and3:U10_and3" File: C:/Users/jjaa7/Desktop/ALU/gates+etc.v Line: 185
Info (12128): Elaborating entity "_or3" for hierarchy "cla32_ov:U6_add|cla4:U0_cla4|clb4:U4_clb4|_or3:U12_or3" File: C:/Users/jjaa7/Desktop/ALU/gates+etc.v Line: 187
Info (12128): Elaborating entity "_and4" for hierarchy "cla32_ov:U6_add|cla4:U0_cla4|clb4:U4_clb4|_and4:U13_and4" File: C:/Users/jjaa7/Desktop/ALU/gates+etc.v Line: 190
Info (12128): Elaborating entity "_or4" for hierarchy "cla32_ov:U6_add|cla4:U0_cla4|clb4:U4_clb4|_or4:U16_or4" File: C:/Users/jjaa7/Desktop/ALU/gates+etc.v Line: 193
Info (12128): Elaborating entity "_and5" for hierarchy "cla32_ov:U6_add|cla4:U0_cla4|clb4:U4_clb4|_and5:U17_and5" File: C:/Users/jjaa7/Desktop/ALU/gates+etc.v Line: 196
Info (12128): Elaborating entity "_or5" for hierarchy "cla32_ov:U6_add|cla4:U0_cla4|clb4:U4_clb4|_or5:U21_or5" File: C:/Users/jjaa7/Desktop/ALU/gates+etc.v Line: 200
Info (12128): Elaborating entity "cla4_ov" for hierarchy "cla32_ov:U6_add|cla4_ov:U7_cla4_ov" File: C:/Users/jjaa7/Desktop/ALU/gates+etc.v Line: 231
Info (12128): Elaborating entity "mx8_32bits" for hierarchy "mx8_32bits:U8_mx8_32bits" File: C:/Users/jjaa7/Desktop/ALU/ALU.v Line: 15
Info (12128): Elaborating entity "mx2_32bits" for hierarchy "mx8_32bits:U8_mx8_32bits|mx2_32bits:U0_mx2_32bits" File: C:/Users/jjaa7/Desktop/ALU/gates+etc.v Line: 270
Info (286030): Timing-Driven Synthesis is running
Info (16010): Generating hard_block partition "hard_block:auto_generated_inst"
    Info (16011): Adding 0 node(s), including 0 DDIO, 0 PLL, 0 transceiver and 0 LCELL
Warning (21074): Design contains 1 input pin(s) that do not drive logic
    Warning (15610): No output dependent on input pin "op[3]" File: C:/Users/jjaa7/Desktop/ALU/ALU.v Line: 3
Info (21057): Implemented 259 device resources after synthesis - the final resource count might be different
    Info (21058): Implemented 68 input pins
    Info (21059): Implemented 32 output pins
    Info (21061): Implemented 159 logic cells
Info: Quartus Prime Analysis & Synthesis was successful. 0 errors, 4 warnings
    Info: Peak virtual memory: 5026 megabytes
    Info: Processing ended: Mon Dec 07 14:18:07 2020
    Info: Elapsed time: 00:00:11
    Info: Total CPU time (on all processors): 00:00:21


