


ARM Macro Assembler    Page 1 


    1 00000000                 AREA             ARMem, CODE, READONLY
    2 00000000                 ENTRY
    3 00000000         
    4 00000000         Main
    5 00000000 E59F0054        LDR              r0, ADDRESS ;ADDRESS load
    6 00000004         
    7 00000004 E3A01001        MOV              r1, #1      ;insert value and 1
                                                            ! a(1) = 1
    8 00000008         
    9 00000008 E0822081        ADD              r2, r1, LSL#1 
                                                            ;2! = a(2) = 2*a(1)
                                                            
   10 0000000C         
   11 0000000C E0823082        ADD              r3, r2, r2, LSL#1 ;3! = a(3) = 
                                                            a(2) + 2*a(2)
   12 00000010         
   13 00000010 E0844103        ADD              r4, r3, LSL#2 
                                                            ;4! = a(4) = 4*a(3)
                                                            
   14 00000014         
   15 00000014 E0845104        ADD              r5, r4, r4, LSL#2 ;5! = a(5) = 
                                                            a(4) + 4*a(4)
   16 00000018         
   17 00000018 E0866105        ADD              r6, r6, r5, LSL#2 ;6! = a(6) = 
                                                            4*a(5)      
   18 0000001C E0866085        ADD              r6, r5, LSL#1 ;     + 2*a(5)
   19 00000020         
   20 00000020 E0667186        RSB              r7, r6, r6, LSL#3 ;7! = a(7) = 
                                                            8*a(6) - a(6) [reve
                                                            rse subtract]
   21 00000024         
   22 00000024 E0888187        ADD              r8, r7, LSL#3 
                                                            ;8! = a(8) = 8*a(7)
                                                            
   23 00000028         
   24 00000028 E0889188        ADD              r9, r8, r8, LSL#3 ;9! = a(9) = 
                                                            a(8) + 8*a(8) 
   25 0000002C         
   26 0000002C E08AA089        ADD              r10, r9, LSL#1 ;10! = a(10) = 2
                                                            *a(9)
   27 00000030 E08AA189        ADD              r10, r10, r9, LSL#3 
                                                            ;10!      +8*a(9)
   28 00000034         
   29 00000034 E4801004        STR              r1, [r0], #4 ;store 1 in r0, r0
                                                             = r0 + 4
   30 00000038 E4802004        STR              r2, [r0], #4 ;store 2 in r0, r0
                                                             = r0 + 4
   31 0000003C E4803004        STR              r3, [r0], #4 ;store 6 in r0, r0
                                                             = r0 + 4
   32 00000040 E4804004        STR              r4, [r0], #4 ;store 24 in r0, r
                                                            0 = r0 + 4
   33 00000044 E4805004        STR              r5, [r0], #4 ;store 120 in r0, 
                                                            r0 = r0 + 4
   34 00000048 E4806004        STR              r6, [r0], #4 ;store 720 in r0, 
                                                            r0 = r0 + 4
   35 0000004C E4807004        STR              r7, [r0], #4 ;store 5040 in r0,
                                                             r0 = r0 + 4
   36 00000050 E4808004        STR              r8, [r0], #4 ;store 40320 in r0
                                                            , r0 = r0 + 4



ARM Macro Assembler    Page 2 


   37 00000054 E4809004        STR              r9, [r0], #4 ;store 362880 in r
                                                            0, r0 = r0 + 4
   38 00000058 E580A000        STR              r10, [r0]   ;store 3628800 in r
                                                            0
   39 0000005C         
   40 0000005C 00040000 
                       ADDRESS &                &40000      ;ADDRESS to save
   41 00000060                 END
Command Line: --debug --xref --diag_suppress=9931 --cpu=ARM9E --apcs=interwork 
--depend=.\objects\1.d -o.\objects\1.o -IC:\Keil_v5\ARM\RV31\INC -IC:\Keil_v5\A
RM\CMSIS\Include --predefine="__EVAL SETA 1" --predefine="__UVISION_VERSION SET
A 529" --list=.\listings\1.lst 1.s



ARM Macro Assembler    Page 1 Alphabetic symbol ordering
Relocatable symbols

ADDRESS 0000005C

Symbol: ADDRESS
   Definitions
      At line 40 in file 1.s
   Uses
      At line 5 in file 1.s
Comment: ADDRESS used once
ARMem 00000000

Symbol: ARMem
   Definitions
      At line 1 in file 1.s
   Uses
      None
Comment: ARMem unused
Main 00000000

Symbol: Main
   Definitions
      At line 4 in file 1.s
   Uses
      None
Comment: Main unused
3 symbols
335 symbols in table
