Analysis & Synthesis report for alu32
Mon Oct 05 21:54:43 2020
Quartus Prime Version 15.1.0 Build 185 10/21/2015 SJ Lite Edition


---------------------
; Table of Contents ;
---------------------
  1. Legal Notice
  2. Analysis & Synthesis Summary
  3. Analysis & Synthesis Settings
  4. Parallel Compilation
  5. Analysis & Synthesis Source Files Read
  6. Analysis & Synthesis Resource Usage Summary
  7. Analysis & Synthesis Resource Utilization by Entity
  8. General Register Statistics
  9. Multiplexer Restructuring Statistics (Restructuring Performed)
 10. Port Connectivity Checks: "cla32_ov:U7_sub"
 11. Port Connectivity Checks: "cla32_ov:U6_add"
 12. Post-Synthesis Netlist Statistics for Top Partition
 13. Elapsed Time Per Partition
 14. Analysis & Synthesis Messages



----------------
; Legal Notice ;
----------------
Copyright (C) 1991-2015 Altera Corporation. All rights reserved.
Your use of Altera Corporation's design tools, logic functions 
and other software and tools, and its AMPP partner logic 
functions, and any output files from any of the foregoing 
(including device programming or simulation files), and any 
associated documentation or information are expressly subject 
to the terms and conditions of the Altera Program License 
Subscription Agreement, the Altera Quartus Prime License Agreement,
the Altera MegaCore Function License Agreement, or other 
applicable license agreement, including, without limitation, 
that your use is for the sole purpose of programming logic 
devices manufactured by Altera and sold by Altera or its 
authorized distributors.  Please refer to the applicable 
agreement for further details.



+-------------------------------------------------------------------------------+
; Analysis & Synthesis Summary                                                  ;
+---------------------------------+---------------------------------------------+
; Analysis & Synthesis Status     ; Successful - Mon Oct 05 21:54:43 2020       ;
; Quartus Prime Version           ; 15.1.0 Build 185 10/21/2015 SJ Lite Edition ;
; Revision Name                   ; alu32                                       ;
; Top-level Entity Name           ; alu32                                       ;
; Family                          ; Cyclone V                                   ;
; Logic utilization (in ALMs)     ; N/A                                         ;
; Total registers                 ; 0                                           ;
; Total pins                      ; 103                                         ;
; Total virtual pins              ; 0                                           ;
; Total block memory bits         ; 0                                           ;
; Total DSP Blocks                ; 0                                           ;
; Total HSSI RX PCSs              ; 0                                           ;
; Total HSSI PMA RX Deserializers ; 0                                           ;
; Total HSSI TX PCSs              ; 0                                           ;
; Total HSSI PMA TX Serializers   ; 0                                           ;
; Total PLLs                      ; 0                                           ;
; Total DLLs                      ; 0                                           ;
+---------------------------------+---------------------------------------------+


+---------------------------------------------------------------------------------------------------------------------------+
; Analysis & Synthesis Settings                                                                                             ;
+---------------------------------------------------------------------------------+--------------------+--------------------+
; Option                                                                          ; Setting            ; Default Value      ;
+---------------------------------------------------------------------------------+--------------------+--------------------+
; Device                                                                          ; 5CSXFC6D6F31C6     ;                    ;
; Top-level entity name                                                           ; alu32              ; alu32              ;
; Family name                                                                     ; Cyclone V          ; Cyclone V          ;
; Use smart compilation                                                           ; Off                ; Off                ;
; Enable parallel Assembler and TimeQuest Timing Analyzer during compilation      ; On                 ; On                 ;
; Enable compact report table                                                     ; Off                ; Off                ;
; Restructure Multiplexers                                                        ; Auto               ; Auto               ;
; MLAB Add Timing Constraints For Mixed-Port Feed-Through Mode Setting Don't Care ; Off                ; Off                ;
; Create Debugging Nodes for IP Cores                                             ; Off                ; Off                ;
; Preserve fewer node names                                                       ; On                 ; On                 ;
; Disable OpenCore Plus hardware evaluation                                       ; Off                ; Off                ;
; Verilog Version                                                                 ; Verilog_2001       ; Verilog_2001       ;
; VHDL Version                                                                    ; VHDL_1993          ; VHDL_1993          ;
; State Machine Processing                                                        ; Auto               ; Auto               ;
; Safe State Machine                                                              ; Off                ; Off                ;
; Extract Verilog State Machines                                                  ; On                 ; On                 ;
; Extract VHDL State Machines                                                     ; On                 ; On                 ;
; Ignore Verilog initial constructs                                               ; Off                ; Off                ;
; Iteration limit for constant Verilog loops                                      ; 5000               ; 5000               ;
; Iteration limit for non-constant Verilog loops                                  ; 250                ; 250                ;
; Add Pass-Through Logic to Inferred RAMs                                         ; On                 ; On                 ;
; Infer RAMs from Raw Logic                                                       ; On                 ; On                 ;
; Parallel Synthesis                                                              ; On                 ; On                 ;
; DSP Block Balancing                                                             ; Auto               ; Auto               ;
; NOT Gate Push-Back                                                              ; On                 ; On                 ;
; Power-Up Don't Care                                                             ; On                 ; On                 ;
; Remove Redundant Logic Cells                                                    ; Off                ; Off                ;
; Remove Duplicate Registers                                                      ; On                 ; On                 ;
; Ignore CARRY Buffers                                                            ; Off                ; Off                ;
; Ignore CASCADE Buffers                                                          ; Off                ; Off                ;
; Ignore GLOBAL Buffers                                                           ; Off                ; Off                ;
; Ignore ROW GLOBAL Buffers                                                       ; Off                ; Off                ;
; Ignore LCELL Buffers                                                            ; Off                ; Off                ;
; Ignore SOFT Buffers                                                             ; On                 ; On                 ;
; Limit AHDL Integers to 32 Bits                                                  ; Off                ; Off                ;
; Optimization Technique                                                          ; Balanced           ; Balanced           ;
; Carry Chain Length                                                              ; 70                 ; 70                 ;
; Auto Carry Chains                                                               ; On                 ; On                 ;
; Auto Open-Drain Pins                                                            ; On                 ; On                 ;
; Perform WYSIWYG Primitive Resynthesis                                           ; Off                ; Off                ;
; Auto ROM Replacement                                                            ; On                 ; On                 ;
; Auto RAM Replacement                                                            ; On                 ; On                 ;
; Auto DSP Block Replacement                                                      ; On                 ; On                 ;
; Auto Shift Register Replacement                                                 ; Auto               ; Auto               ;
; Allow Shift Register Merging across Hierarchies                                 ; Auto               ; Auto               ;
; Auto Clock Enable Replacement                                                   ; On                 ; On                 ;
; Strict RAM Replacement                                                          ; Off                ; Off                ;
; Allow Synchronous Control Signals                                               ; On                 ; On                 ;
; Force Use of Synchronous Clear Signals                                          ; Off                ; Off                ;
; Auto Resource Sharing                                                           ; Off                ; Off                ;
; Allow Any RAM Size For Recognition                                              ; Off                ; Off                ;
; Allow Any ROM Size For Recognition                                              ; Off                ; Off                ;
; Allow Any Shift Register Size For Recognition                                   ; Off                ; Off                ;
; Use LogicLock Constraints during Resource Balancing                             ; On                 ; On                 ;
; Ignore translate_off and synthesis_off directives                               ; Off                ; Off                ;
; Timing-Driven Synthesis                                                         ; On                 ; On                 ;
; Report Parameter Settings                                                       ; On                 ; On                 ;
; Report Source Assignments                                                       ; On                 ; On                 ;
; Report Connectivity Checks                                                      ; On                 ; On                 ;
; Ignore Maximum Fan-Out Assignments                                              ; Off                ; Off                ;
; Synchronization Register Chain Length                                           ; 3                  ; 3                  ;
; PowerPlay Power Optimization During Synthesis                                   ; Normal compilation ; Normal compilation ;
; HDL message level                                                               ; Level2             ; Level2             ;
; Suppress Register Optimization Related Messages                                 ; Off                ; Off                ;
; Number of Removed Registers Reported in Synthesis Report                        ; 5000               ; 5000               ;
; Number of Swept Nodes Reported in Synthesis Report                              ; 5000               ; 5000               ;
; Number of Inverted Registers Reported in Synthesis Report                       ; 100                ; 100                ;
; Clock MUX Protection                                                            ; On                 ; On                 ;
; Auto Gated Clock Conversion                                                     ; Off                ; Off                ;
; Block Design Naming                                                             ; Auto               ; Auto               ;
; SDC constraint protection                                                       ; Off                ; Off                ;
; Synthesis Effort                                                                ; Auto               ; Auto               ;
; Shift Register Replacement - Allow Asynchronous Clear Signal                    ; On                 ; On                 ;
; Pre-Mapping Resynthesis Optimization                                            ; Off                ; Off                ;
; Analysis & Synthesis Message Level                                              ; Medium             ; Medium             ;
; Disable Register Merging Across Hierarchies                                     ; Auto               ; Auto               ;
; Resource Aware Inference For Block RAM                                          ; On                 ; On                 ;
; Synthesis Seed                                                                  ; 1                  ; 1                  ;
; Automatic Parallel Synthesis                                                    ; On                 ; On                 ;
; Partial Reconfiguration Bitstream ID                                            ; Off                ; Off                ;
+---------------------------------------------------------------------------------+--------------------+--------------------+


+------------------------------------------+
; Parallel Compilation                     ;
+----------------------------+-------------+
; Processors                 ; Number      ;
+----------------------------+-------------+
; Number detected on machine ; 12          ;
; Maximum allowed            ; 6           ;
;                            ;             ;
; Average used               ; 1.00        ;
; Maximum used               ; 1           ;
;                            ;             ;
; Usage by Processor         ; % Time Used ;
;     Processor 1            ; 100.0%      ;
+----------------------------+-------------+


+---------------------------------------------------------------------------------------------------------------------------------+
; Analysis & Synthesis Source Files Read                                                                                          ;
+----------------------------------+-----------------+------------------------+-----------------------------------------+---------+
; File Name with User-Entered Path ; Used in Netlist ; File Type              ; File Name with Absolute Path            ; Library ;
+----------------------------------+-----------------+------------------------+-----------------------------------------+---------+
; fa_v2.v                          ; yes             ; User Verilog HDL File  ; C:/Users/jjaa7/Desktop/22/fa_v2.v       ;         ;
; clb4.v                           ; yes             ; User Verilog HDL File  ; C:/Users/jjaa7/Desktop/22/clb4.v        ;         ;
; cla4_ov.v                        ; yes             ; User Verilog HDL File  ; C:/Users/jjaa7/Desktop/22/cla4_ov.v     ;         ;
; cla4.v                           ; yes             ; User Verilog HDL File  ; C:/Users/jjaa7/Desktop/22/cla4.v        ;         ;
; gates.v                          ; yes             ; User Verilog HDL File  ; C:/Users/jjaa7/Desktop/22/gates.v       ;         ;
; cla32_ov.v                       ; yes             ; User Verilog HDL File  ; C:/Users/jjaa7/Desktop/22/cla32_ov.v    ;         ;
; mx2_32bits.v                     ; yes             ; User Verilog HDL File  ; C:/Users/jjaa7/Desktop/22/mx2_32bits.v  ;         ;
; mx8_32bits.v                     ; yes             ; User Verilog HDL File  ; C:/Users/jjaa7/Desktop/22/mx8_32bits.v  ;         ;
; cal_flags32.v                    ; yes             ; User Verilog HDL File  ; C:/Users/jjaa7/Desktop/22/cal_flags32.v ;         ;
; alu32.v                          ; yes             ; User Verilog HDL File  ; C:/Users/jjaa7/Desktop/22/alu32.v       ;         ;
+----------------------------------+-----------------+------------------------+-----------------------------------------+---------+


+-----------------------------------------------------------+
; Analysis & Synthesis Resource Usage Summary               ;
+---------------------------------------------+-------------+
; Resource                                    ; Usage       ;
+---------------------------------------------+-------------+
; Estimate of Logic utilization (ALMs needed) ; 93          ;
;                                             ;             ;
; Combinational ALUT usage for logic          ; 137         ;
;     -- 7 input functions                    ; 30          ;
;     -- 6 input functions                    ; 18          ;
;     -- 5 input functions                    ; 52          ;
;     -- 4 input functions                    ; 11          ;
;     -- <=3 input functions                  ; 26          ;
;                                             ;             ;
; Dedicated logic registers                   ; 0           ;
;                                             ;             ;
; I/O pins                                    ; 103         ;
;                                             ;             ;
; Total DSP Blocks                            ; 0           ;
;                                             ;             ;
; Maximum fan-out node                        ; op[2]~input ;
; Maximum fan-out                             ; 36          ;
; Total fan-out                               ; 826         ;
; Average fan-out                             ; 2.41        ;
+---------------------------------------------+-------------+


+------------------------------------------------------------------------------------------------------------------------------------------------------------------------------------------------------------------------------------------------------------------------+
; Analysis & Synthesis Resource Utilization by Entity                                                                                                                                                                                                                    ;
+--------------------------------------+-------------------+--------------+-------------------+------------+------+--------------+------------------------------------------------------------------------------------------------------------------------+--------------+
; Compilation Hierarchy Node           ; LC Combinationals ; LC Registers ; Block Memory Bits ; DSP Blocks ; Pins ; Virtual Pins ; Full Hierarchy Name                                                                                                    ; Library Name ;
+--------------------------------------+-------------------+--------------+-------------------+------------+------+--------------+------------------------------------------------------------------------------------------------------------------------+--------------+
; |alu32                               ; 137 (0)           ; 0 (0)        ; 0                 ; 0          ; 103  ; 0            ; |alu32                                                                                                                 ; work         ;
;    |_xnor2_32bits:U5_xnor2_32bits|   ; 4 (0)             ; 0 (0)        ; 0                 ; 0          ; 0    ; 0            ; |alu32|_xnor2_32bits:U5_xnor2_32bits                                                                                   ; work         ;
;       |_xnor2_4bits:U6_xnor2_4bits|  ; 2 (0)             ; 0 (0)        ; 0                 ; 0          ; 0    ; 0            ; |alu32|_xnor2_32bits:U5_xnor2_32bits|_xnor2_4bits:U6_xnor2_4bits                                                       ; work         ;
;          |_xor2_4bits:U0_xor2_4bits| ; 2 (0)             ; 0 (0)        ; 0                 ; 0          ; 0    ; 0            ; |alu32|_xnor2_32bits:U5_xnor2_32bits|_xnor2_4bits:U6_xnor2_4bits|_xor2_4bits:U0_xor2_4bits                             ; work         ;
;             |_xor2:U0_xor2|          ; 2 (0)             ; 0 (0)        ; 0                 ; 0          ; 0    ; 0            ; |alu32|_xnor2_32bits:U5_xnor2_32bits|_xnor2_4bits:U6_xnor2_4bits|_xor2_4bits:U0_xor2_4bits|_xor2:U0_xor2               ; work         ;
;                |_and2:U2_and2|       ; 2 (2)             ; 0 (0)        ; 0                 ; 0          ; 0    ; 0            ; |alu32|_xnor2_32bits:U5_xnor2_32bits|_xnor2_4bits:U6_xnor2_4bits|_xor2_4bits:U0_xor2_4bits|_xor2:U0_xor2|_and2:U2_and2 ; work         ;
;       |_xnor2_4bits:U7_xnor2_4bits|  ; 2 (0)             ; 0 (0)        ; 0                 ; 0          ; 0    ; 0            ; |alu32|_xnor2_32bits:U5_xnor2_32bits|_xnor2_4bits:U7_xnor2_4bits                                                       ; work         ;
;          |_xor2_4bits:U0_xor2_4bits| ; 2 (0)             ; 0 (0)        ; 0                 ; 0          ; 0    ; 0            ; |alu32|_xnor2_32bits:U5_xnor2_32bits|_xnor2_4bits:U7_xnor2_4bits|_xor2_4bits:U0_xor2_4bits                             ; work         ;
;             |_xor2:U0_xor2|          ; 2 (0)             ; 0 (0)        ; 0                 ; 0          ; 0    ; 0            ; |alu32|_xnor2_32bits:U5_xnor2_32bits|_xnor2_4bits:U7_xnor2_4bits|_xor2_4bits:U0_xor2_4bits|_xor2:U0_xor2               ; work         ;
;                |_and2:U2_and2|       ; 2 (2)             ; 0 (0)        ; 0                 ; 0          ; 0    ; 0            ; |alu32|_xnor2_32bits:U5_xnor2_32bits|_xnor2_4bits:U7_xnor2_4bits|_xor2_4bits:U0_xor2_4bits|_xor2:U0_xor2|_and2:U2_and2 ; work         ;
;    |_xor2_32bits:U4_xor2_32bits|     ; 6 (0)             ; 0 (0)        ; 0                 ; 0          ; 0    ; 0            ; |alu32|_xor2_32bits:U4_xor2_32bits                                                                                     ; work         ;
;       |_xor2_4bits:U2_xor2_4bits|    ; 2 (0)             ; 0 (0)        ; 0                 ; 0          ; 0    ; 0            ; |alu32|_xor2_32bits:U4_xor2_32bits|_xor2_4bits:U2_xor2_4bits                                                           ; work         ;
;          |_xor2:U0_xor2|             ; 2 (0)             ; 0 (0)        ; 0                 ; 0          ; 0    ; 0            ; |alu32|_xor2_32bits:U4_xor2_32bits|_xor2_4bits:U2_xor2_4bits|_xor2:U0_xor2                                             ; work         ;
;             |_and2:U2_and2|          ; 2 (2)             ; 0 (0)        ; 0                 ; 0          ; 0    ; 0            ; |alu32|_xor2_32bits:U4_xor2_32bits|_xor2_4bits:U2_xor2_4bits|_xor2:U0_xor2|_and2:U2_and2                               ; work         ;
;       |_xor2_4bits:U3_xor2_4bits|    ; 2 (0)             ; 0 (0)        ; 0                 ; 0          ; 0    ; 0            ; |alu32|_xor2_32bits:U4_xor2_32bits|_xor2_4bits:U3_xor2_4bits                                                           ; work         ;
;          |_xor2:U0_xor2|             ; 2 (0)             ; 0 (0)        ; 0                 ; 0          ; 0    ; 0            ; |alu32|_xor2_32bits:U4_xor2_32bits|_xor2_4bits:U3_xor2_4bits|_xor2:U0_xor2                                             ; work         ;
;             |_and2:U2_and2|          ; 2 (2)             ; 0 (0)        ; 0                 ; 0          ; 0    ; 0            ; |alu32|_xor2_32bits:U4_xor2_32bits|_xor2_4bits:U3_xor2_4bits|_xor2:U0_xor2|_and2:U2_and2                               ; work         ;
;       |_xor2_4bits:U5_xor2_4bits|    ; 2 (0)             ; 0 (0)        ; 0                 ; 0          ; 0    ; 0            ; |alu32|_xor2_32bits:U4_xor2_32bits|_xor2_4bits:U5_xor2_4bits                                                           ; work         ;
;          |_xor2:U0_xor2|             ; 2 (0)             ; 0 (0)        ; 0                 ; 0          ; 0    ; 0            ; |alu32|_xor2_32bits:U4_xor2_32bits|_xor2_4bits:U5_xor2_4bits|_xor2:U0_xor2                                             ; work         ;
;             |_and2:U2_and2|          ; 2 (2)             ; 0 (0)        ; 0                 ; 0          ; 0    ; 0            ; |alu32|_xor2_32bits:U4_xor2_32bits|_xor2_4bits:U5_xor2_4bits|_xor2:U0_xor2|_and2:U2_and2                               ; work         ;
;    |cal_flags32:U9_cal_flags32|      ; 10 (10)           ; 0 (0)        ; 0                 ; 0          ; 0    ; 0            ; |alu32|cal_flags32:U9_cal_flags32                                                                                      ; work         ;
;    |cla32_ov:U6_add|                 ; 42 (0)            ; 0 (0)        ; 0                 ; 0          ; 0    ; 0            ; |alu32|cla32_ov:U6_add                                                                                                 ; work         ;
;       |cla4:U0_cla4|                 ; 3 (0)             ; 0 (0)        ; 0                 ; 0          ; 0    ; 0            ; |alu32|cla32_ov:U6_add|cla4:U0_cla4                                                                                    ; work         ;
;          |clb4:U4_clb4|              ; 3 (0)             ; 0 (0)        ; 0                 ; 0          ; 0    ; 0            ; |alu32|cla32_ov:U6_add|cla4:U0_cla4|clb4:U4_clb4                                                                       ; work         ;
;             |_or3:U11_or3|           ; 1 (1)             ; 0 (0)        ; 0                 ; 0          ; 0    ; 0            ; |alu32|cla32_ov:U6_add|cla4:U0_cla4|clb4:U4_clb4|_or3:U11_or3                                                          ; work         ;
;             |_or4:U15_or4|           ; 1 (1)             ; 0 (0)        ; 0                 ; 0          ; 0    ; 0            ; |alu32|cla32_ov:U6_add|cla4:U0_cla4|clb4:U4_clb4|_or4:U15_or4                                                          ; work         ;
;             |_or5:U20_or5|           ; 1 (1)             ; 0 (0)        ; 0                 ; 0          ; 0    ; 0            ; |alu32|cla32_ov:U6_add|cla4:U0_cla4|clb4:U4_clb4|_or5:U20_or5                                                          ; work         ;
;       |cla4:U1_cla4|                 ; 7 (0)             ; 0 (0)        ; 0                 ; 0          ; 0    ; 0            ; |alu32|cla32_ov:U6_add|cla4:U1_cla4                                                                                    ; work         ;
;          |clb4:U4_clb4|              ; 5 (0)             ; 0 (0)        ; 0                 ; 0          ; 0    ; 0            ; |alu32|cla32_ov:U6_add|cla4:U1_cla4|clb4:U4_clb4                                                                       ; work         ;
;             |_or3:U11_or3|           ; 2 (2)             ; 0 (0)        ; 0                 ; 0          ; 0    ; 0            ; |alu32|cla32_ov:U6_add|cla4:U1_cla4|clb4:U4_clb4|_or3:U11_or3                                                          ; work         ;
;             |_or4:U15_or4|           ; 2 (2)             ; 0 (0)        ; 0                 ; 0          ; 0    ; 0            ; |alu32|cla32_ov:U6_add|cla4:U1_cla4|clb4:U4_clb4|_or4:U15_or4                                                          ; work         ;
;             |_or5:U20_or5|           ; 1 (1)             ; 0 (0)        ; 0                 ; 0          ; 0    ; 0            ; |alu32|cla32_ov:U6_add|cla4:U1_cla4|clb4:U4_clb4|_or5:U20_or5                                                          ; work         ;
;          |fa_v2:U0_fa|               ; 1 (0)             ; 0 (0)        ; 0                 ; 0          ; 0    ; 0            ; |alu32|cla32_ov:U6_add|cla4:U1_cla4|fa_v2:U0_fa                                                                        ; work         ;
;             |_xor2:U0_xor2|          ; 1 (0)             ; 0 (0)        ; 0                 ; 0          ; 0    ; 0            ; |alu32|cla32_ov:U6_add|cla4:U1_cla4|fa_v2:U0_fa|_xor2:U0_xor2                                                          ; work         ;
;                |_and2:U2_and2|       ; 1 (1)             ; 0 (0)        ; 0                 ; 0          ; 0    ; 0            ; |alu32|cla32_ov:U6_add|cla4:U1_cla4|fa_v2:U0_fa|_xor2:U0_xor2|_and2:U2_and2                                            ; work         ;
;          |fa_v2:U1_fa|               ; 1 (0)             ; 0 (0)        ; 0                 ; 0          ; 0    ; 0            ; |alu32|cla32_ov:U6_add|cla4:U1_cla4|fa_v2:U1_fa                                                                        ; work         ;
;             |_xor2:U1_xor2|          ; 1 (0)             ; 0 (0)        ; 0                 ; 0          ; 0    ; 0            ; |alu32|cla32_ov:U6_add|cla4:U1_cla4|fa_v2:U1_fa|_xor2:U1_xor2                                                          ; work         ;
;                |_or2:U4_or2|         ; 1 (1)             ; 0 (0)        ; 0                 ; 0          ; 0    ; 0            ; |alu32|cla32_ov:U6_add|cla4:U1_cla4|fa_v2:U1_fa|_xor2:U1_xor2|_or2:U4_or2                                              ; work         ;
;       |cla4:U2_cla4|                 ; 5 (0)             ; 0 (0)        ; 0                 ; 0          ; 0    ; 0            ; |alu32|cla32_ov:U6_add|cla4:U2_cla4                                                                                    ; work         ;
;          |clb4:U4_clb4|              ; 4 (0)             ; 0 (0)        ; 0                 ; 0          ; 0    ; 0            ; |alu32|cla32_ov:U6_add|cla4:U2_cla4|clb4:U4_clb4                                                                       ; work         ;
;             |_or3:U11_or3|           ; 2 (2)             ; 0 (0)        ; 0                 ; 0          ; 0    ; 0            ; |alu32|cla32_ov:U6_add|cla4:U2_cla4|clb4:U4_clb4|_or3:U11_or3                                                          ; work         ;
;             |_or4:U15_or4|           ; 1 (1)             ; 0 (0)        ; 0                 ; 0          ; 0    ; 0            ; |alu32|cla32_ov:U6_add|cla4:U2_cla4|clb4:U4_clb4|_or4:U15_or4                                                          ; work         ;
;             |_or5:U20_or5|           ; 1 (1)             ; 0 (0)        ; 0                 ; 0          ; 0    ; 0            ; |alu32|cla32_ov:U6_add|cla4:U2_cla4|clb4:U4_clb4|_or5:U20_or5                                                          ; work         ;
;          |fa_v2:U1_fa|               ; 1 (0)             ; 0 (0)        ; 0                 ; 0          ; 0    ; 0            ; |alu32|cla32_ov:U6_add|cla4:U2_cla4|fa_v2:U1_fa                                                                        ; work         ;
;             |_xor2:U1_xor2|          ; 1 (0)             ; 0 (0)        ; 0                 ; 0          ; 0    ; 0            ; |alu32|cla32_ov:U6_add|cla4:U2_cla4|fa_v2:U1_fa|_xor2:U1_xor2                                                          ; work         ;
;                |_or2:U4_or2|         ; 1 (1)             ; 0 (0)        ; 0                 ; 0          ; 0    ; 0            ; |alu32|cla32_ov:U6_add|cla4:U2_cla4|fa_v2:U1_fa|_xor2:U1_xor2|_or2:U4_or2                                              ; work         ;
;       |cla4:U3_cla4|                 ; 5 (0)             ; 0 (0)        ; 0                 ; 0          ; 0    ; 0            ; |alu32|cla32_ov:U6_add|cla4:U3_cla4                                                                                    ; work         ;
;          |clb4:U4_clb4|              ; 4 (0)             ; 0 (0)        ; 0                 ; 0          ; 0    ; 0            ; |alu32|cla32_ov:U6_add|cla4:U3_cla4|clb4:U4_clb4                                                                       ; work         ;
;             |_or3:U11_or3|           ; 2 (2)             ; 0 (0)        ; 0                 ; 0          ; 0    ; 0            ; |alu32|cla32_ov:U6_add|cla4:U3_cla4|clb4:U4_clb4|_or3:U11_or3                                                          ; work         ;
;             |_or4:U15_or4|           ; 1 (1)             ; 0 (0)        ; 0                 ; 0          ; 0    ; 0            ; |alu32|cla32_ov:U6_add|cla4:U3_cla4|clb4:U4_clb4|_or4:U15_or4                                                          ; work         ;
;             |_or5:U20_or5|           ; 1 (1)             ; 0 (0)        ; 0                 ; 0          ; 0    ; 0            ; |alu32|cla32_ov:U6_add|cla4:U3_cla4|clb4:U4_clb4|_or5:U20_or5                                                          ; work         ;
;          |fa_v2:U1_fa|               ; 1 (0)             ; 0 (0)        ; 0                 ; 0          ; 0    ; 0            ; |alu32|cla32_ov:U6_add|cla4:U3_cla4|fa_v2:U1_fa                                                                        ; work         ;
;             |_xor2:U1_xor2|          ; 1 (0)             ; 0 (0)        ; 0                 ; 0          ; 0    ; 0            ; |alu32|cla32_ov:U6_add|cla4:U3_cla4|fa_v2:U1_fa|_xor2:U1_xor2                                                          ; work         ;
;                |_or2:U4_or2|         ; 1 (1)             ; 0 (0)        ; 0                 ; 0          ; 0    ; 0            ; |alu32|cla32_ov:U6_add|cla4:U3_cla4|fa_v2:U1_fa|_xor2:U1_xor2|_or2:U4_or2                                              ; work         ;
;       |cla4:U4_cla4|                 ; 7 (0)             ; 0 (0)        ; 0                 ; 0          ; 0    ; 0            ; |alu32|cla32_ov:U6_add|cla4:U4_cla4                                                                                    ; work         ;
;          |clb4:U4_clb4|              ; 4 (0)             ; 0 (0)        ; 0                 ; 0          ; 0    ; 0            ; |alu32|cla32_ov:U6_add|cla4:U4_cla4|clb4:U4_clb4                                                                       ; work         ;
;             |_or3:U11_or3|           ; 2 (2)             ; 0 (0)        ; 0                 ; 0          ; 0    ; 0            ; |alu32|cla32_ov:U6_add|cla4:U4_cla4|clb4:U4_clb4|_or3:U11_or3                                                          ; work         ;
;             |_or4:U15_or4|           ; 1 (1)             ; 0 (0)        ; 0                 ; 0          ; 0    ; 0            ; |alu32|cla32_ov:U6_add|cla4:U4_cla4|clb4:U4_clb4|_or4:U15_or4                                                          ; work         ;
;             |_or5:U20_or5|           ; 1 (1)             ; 0 (0)        ; 0                 ; 0          ; 0    ; 0            ; |alu32|cla32_ov:U6_add|cla4:U4_cla4|clb4:U4_clb4|_or5:U20_or5                                                          ; work         ;
;          |fa_v2:U0_fa|               ; 2 (0)             ; 0 (0)        ; 0                 ; 0          ; 0    ; 0            ; |alu32|cla32_ov:U6_add|cla4:U4_cla4|fa_v2:U0_fa                                                                        ; work         ;
;             |_xor2:U0_xor2|          ; 2 (0)             ; 0 (0)        ; 0                 ; 0          ; 0    ; 0            ; |alu32|cla32_ov:U6_add|cla4:U4_cla4|fa_v2:U0_fa|_xor2:U0_xor2                                                          ; work         ;
;                |_and2:U2_and2|       ; 2 (2)             ; 0 (0)        ; 0                 ; 0          ; 0    ; 0            ; |alu32|cla32_ov:U6_add|cla4:U4_cla4|fa_v2:U0_fa|_xor2:U0_xor2|_and2:U2_and2                                            ; work         ;
;          |fa_v2:U1_fa|               ; 1 (0)             ; 0 (0)        ; 0                 ; 0          ; 0    ; 0            ; |alu32|cla32_ov:U6_add|cla4:U4_cla4|fa_v2:U1_fa                                                                        ; work         ;
;             |_xor2:U1_xor2|          ; 1 (0)             ; 0 (0)        ; 0                 ; 0          ; 0    ; 0            ; |alu32|cla32_ov:U6_add|cla4:U4_cla4|fa_v2:U1_fa|_xor2:U1_xor2                                                          ; work         ;
;                |_or2:U4_or2|         ; 1 (1)             ; 0 (0)        ; 0                 ; 0          ; 0    ; 0            ; |alu32|cla32_ov:U6_add|cla4:U4_cla4|fa_v2:U1_fa|_xor2:U1_xor2|_or2:U4_or2                                              ; work         ;
;       |cla4:U5_cla4|                 ; 5 (0)             ; 0 (0)        ; 0                 ; 0          ; 0    ; 0            ; |alu32|cla32_ov:U6_add|cla4:U5_cla4                                                                                    ; work         ;
;          |clb4:U4_clb4|              ; 4 (0)             ; 0 (0)        ; 0                 ; 0          ; 0    ; 0            ; |alu32|cla32_ov:U6_add|cla4:U5_cla4|clb4:U4_clb4                                                                       ; work         ;
;             |_or3:U11_or3|           ; 2 (2)             ; 0 (0)        ; 0                 ; 0          ; 0    ; 0            ; |alu32|cla32_ov:U6_add|cla4:U5_cla4|clb4:U4_clb4|_or3:U11_or3                                                          ; work         ;
;             |_or4:U15_or4|           ; 1 (1)             ; 0 (0)        ; 0                 ; 0          ; 0    ; 0            ; |alu32|cla32_ov:U6_add|cla4:U5_cla4|clb4:U4_clb4|_or4:U15_or4                                                          ; work         ;
;             |_or5:U20_or5|           ; 1 (1)             ; 0 (0)        ; 0                 ; 0          ; 0    ; 0            ; |alu32|cla32_ov:U6_add|cla4:U5_cla4|clb4:U4_clb4|_or5:U20_or5                                                          ; work         ;
;          |fa_v2:U1_fa|               ; 1 (0)             ; 0 (0)        ; 0                 ; 0          ; 0    ; 0            ; |alu32|cla32_ov:U6_add|cla4:U5_cla4|fa_v2:U1_fa                                                                        ; work         ;
;             |_xor2:U1_xor2|          ; 1 (0)             ; 0 (0)        ; 0                 ; 0          ; 0    ; 0            ; |alu32|cla32_ov:U6_add|cla4:U5_cla4|fa_v2:U1_fa|_xor2:U1_xor2                                                          ; work         ;
;                |_or2:U4_or2|         ; 1 (1)             ; 0 (0)        ; 0                 ; 0          ; 0    ; 0            ; |alu32|cla32_ov:U6_add|cla4:U5_cla4|fa_v2:U1_fa|_xor2:U1_xor2|_or2:U4_or2                                              ; work         ;
;       |cla4:U6_cla4|                 ; 5 (0)             ; 0 (0)        ; 0                 ; 0          ; 0    ; 0            ; |alu32|cla32_ov:U6_add|cla4:U6_cla4                                                                                    ; work         ;
;          |clb4:U4_clb4|              ; 4 (0)             ; 0 (0)        ; 0                 ; 0          ; 0    ; 0            ; |alu32|cla32_ov:U6_add|cla4:U6_cla4|clb4:U4_clb4                                                                       ; work         ;
;             |_or3:U11_or3|           ; 2 (2)             ; 0 (0)        ; 0                 ; 0          ; 0    ; 0            ; |alu32|cla32_ov:U6_add|cla4:U6_cla4|clb4:U4_clb4|_or3:U11_or3                                                          ; work         ;
;             |_or4:U15_or4|           ; 1 (1)             ; 0 (0)        ; 0                 ; 0          ; 0    ; 0            ; |alu32|cla32_ov:U6_add|cla4:U6_cla4|clb4:U4_clb4|_or4:U15_or4                                                          ; work         ;
;             |_or5:U20_or5|           ; 1 (1)             ; 0 (0)        ; 0                 ; 0          ; 0    ; 0            ; |alu32|cla32_ov:U6_add|cla4:U6_cla4|clb4:U4_clb4|_or5:U20_or5                                                          ; work         ;
;          |fa_v2:U1_fa|               ; 1 (0)             ; 0 (0)        ; 0                 ; 0          ; 0    ; 0            ; |alu32|cla32_ov:U6_add|cla4:U6_cla4|fa_v2:U1_fa                                                                        ; work         ;
;             |_xor2:U1_xor2|          ; 1 (0)             ; 0 (0)        ; 0                 ; 0          ; 0    ; 0            ; |alu32|cla32_ov:U6_add|cla4:U6_cla4|fa_v2:U1_fa|_xor2:U1_xor2                                                          ; work         ;
;                |_or2:U4_or2|         ; 1 (1)             ; 0 (0)        ; 0                 ; 0          ; 0    ; 0            ; |alu32|cla32_ov:U6_add|cla4:U6_cla4|fa_v2:U1_fa|_xor2:U1_xor2|_or2:U4_or2                                              ; work         ;
;       |cla4_ov:U7_cla4_ov|           ; 5 (0)             ; 0 (0)        ; 0                 ; 0          ; 0    ; 0            ; |alu32|cla32_ov:U6_add|cla4_ov:U7_cla4_ov                                                                              ; work         ;
;          |clb4:U4_clb4|              ; 4 (0)             ; 0 (0)        ; 0                 ; 0          ; 0    ; 0            ; |alu32|cla32_ov:U6_add|cla4_ov:U7_cla4_ov|clb4:U4_clb4                                                                 ; work         ;
;             |_or3:U11_or3|           ; 2 (2)             ; 0 (0)        ; 0                 ; 0          ; 0    ; 0            ; |alu32|cla32_ov:U6_add|cla4_ov:U7_cla4_ov|clb4:U4_clb4|_or3:U11_or3                                                    ; work         ;
;             |_or4:U15_or4|           ; 1 (1)             ; 0 (0)        ; 0                 ; 0          ; 0    ; 0            ; |alu32|cla32_ov:U6_add|cla4_ov:U7_cla4_ov|clb4:U4_clb4|_or4:U15_or4                                                    ; work         ;
;             |_or5:U20_or5|           ; 1 (1)             ; 0 (0)        ; 0                 ; 0          ; 0    ; 0            ; |alu32|cla32_ov:U6_add|cla4_ov:U7_cla4_ov|clb4:U4_clb4|_or5:U20_or5                                                    ; work         ;
;          |fa_v2:U1_fa|               ; 1 (0)             ; 0 (0)        ; 0                 ; 0          ; 0    ; 0            ; |alu32|cla32_ov:U6_add|cla4_ov:U7_cla4_ov|fa_v2:U1_fa                                                                  ; work         ;
;             |_xor2:U1_xor2|          ; 1 (0)             ; 0 (0)        ; 0                 ; 0          ; 0    ; 0            ; |alu32|cla32_ov:U6_add|cla4_ov:U7_cla4_ov|fa_v2:U1_fa|_xor2:U1_xor2                                                    ; work         ;
;                |_or2:U4_or2|         ; 1 (1)             ; 0 (0)        ; 0                 ; 0          ; 0    ; 0            ; |alu32|cla32_ov:U6_add|cla4_ov:U7_cla4_ov|fa_v2:U1_fa|_xor2:U1_xor2|_or2:U4_or2                                        ; work         ;
;    |cla32_ov:U7_sub|                 ; 39 (0)            ; 0 (0)        ; 0                 ; 0          ; 0    ; 0            ; |alu32|cla32_ov:U7_sub                                                                                                 ; work         ;
;       |cla4:U0_cla4|                 ; 4 (0)             ; 0 (0)        ; 0                 ; 0          ; 0    ; 0            ; |alu32|cla32_ov:U7_sub|cla4:U0_cla4                                                                                    ; work         ;
;          |clb4:U4_clb4|              ; 4 (0)             ; 0 (0)        ; 0                 ; 0          ; 0    ; 0            ; |alu32|cla32_ov:U7_sub|cla4:U0_cla4|clb4:U4_clb4                                                                       ; work         ;
;             |_or3:U11_or3|           ; 1 (1)             ; 0 (0)        ; 0                 ; 0          ; 0    ; 0            ; |alu32|cla32_ov:U7_sub|cla4:U0_cla4|clb4:U4_clb4|_or3:U11_or3                                                          ; work         ;
;             |_or4:U15_or4|           ; 1 (1)             ; 0 (0)        ; 0                 ; 0          ; 0    ; 0            ; |alu32|cla32_ov:U7_sub|cla4:U0_cla4|clb4:U4_clb4|_or4:U15_or4                                                          ; work         ;
;             |_or5:U20_or5|           ; 2 (2)             ; 0 (0)        ; 0                 ; 0          ; 0    ; 0            ; |alu32|cla32_ov:U7_sub|cla4:U0_cla4|clb4:U4_clb4|_or5:U20_or5                                                          ; work         ;
;       |cla4:U1_cla4|                 ; 5 (0)             ; 0 (0)        ; 0                 ; 0          ; 0    ; 0            ; |alu32|cla32_ov:U7_sub|cla4:U1_cla4                                                                                    ; work         ;
;          |clb4:U4_clb4|              ; 4 (0)             ; 0 (0)        ; 0                 ; 0          ; 0    ; 0            ; |alu32|cla32_ov:U7_sub|cla4:U1_cla4|clb4:U4_clb4                                                                       ; work         ;
;             |_or3:U11_or3|           ; 2 (2)             ; 0 (0)        ; 0                 ; 0          ; 0    ; 0            ; |alu32|cla32_ov:U7_sub|cla4:U1_cla4|clb4:U4_clb4|_or3:U11_or3                                                          ; work         ;
;             |_or4:U15_or4|           ; 1 (1)             ; 0 (0)        ; 0                 ; 0          ; 0    ; 0            ; |alu32|cla32_ov:U7_sub|cla4:U1_cla4|clb4:U4_clb4|_or4:U15_or4                                                          ; work         ;
;             |_or5:U20_or5|           ; 1 (1)             ; 0 (0)        ; 0                 ; 0          ; 0    ; 0            ; |alu32|cla32_ov:U7_sub|cla4:U1_cla4|clb4:U4_clb4|_or5:U20_or5                                                          ; work         ;
;          |fa_v2:U1_fa|               ; 1 (0)             ; 0 (0)        ; 0                 ; 0          ; 0    ; 0            ; |alu32|cla32_ov:U7_sub|cla4:U1_cla4|fa_v2:U1_fa                                                                        ; work         ;
;             |_xor2:U1_xor2|          ; 1 (0)             ; 0 (0)        ; 0                 ; 0          ; 0    ; 0            ; |alu32|cla32_ov:U7_sub|cla4:U1_cla4|fa_v2:U1_fa|_xor2:U1_xor2                                                          ; work         ;
;                |_or2:U4_or2|         ; 1 (1)             ; 0 (0)        ; 0                 ; 0          ; 0    ; 0            ; |alu32|cla32_ov:U7_sub|cla4:U1_cla4|fa_v2:U1_fa|_xor2:U1_xor2|_or2:U4_or2                                              ; work         ;
;       |cla4:U2_cla4|                 ; 5 (0)             ; 0 (0)        ; 0                 ; 0          ; 0    ; 0            ; |alu32|cla32_ov:U7_sub|cla4:U2_cla4                                                                                    ; work         ;
;          |clb4:U4_clb4|              ; 4 (0)             ; 0 (0)        ; 0                 ; 0          ; 0    ; 0            ; |alu32|cla32_ov:U7_sub|cla4:U2_cla4|clb4:U4_clb4                                                                       ; work         ;
;             |_or3:U11_or3|           ; 2 (2)             ; 0 (0)        ; 0                 ; 0          ; 0    ; 0            ; |alu32|cla32_ov:U7_sub|cla4:U2_cla4|clb4:U4_clb4|_or3:U11_or3                                                          ; work         ;
;             |_or4:U15_or4|           ; 1 (1)             ; 0 (0)        ; 0                 ; 0          ; 0    ; 0            ; |alu32|cla32_ov:U7_sub|cla4:U2_cla4|clb4:U4_clb4|_or4:U15_or4                                                          ; work         ;
;             |_or5:U20_or5|           ; 1 (1)             ; 0 (0)        ; 0                 ; 0          ; 0    ; 0            ; |alu32|cla32_ov:U7_sub|cla4:U2_cla4|clb4:U4_clb4|_or5:U20_or5                                                          ; work         ;
;          |fa_v2:U1_fa|               ; 1 (0)             ; 0 (0)        ; 0                 ; 0          ; 0    ; 0            ; |alu32|cla32_ov:U7_sub|cla4:U2_cla4|fa_v2:U1_fa                                                                        ; work         ;
;             |_xor2:U1_xor2|          ; 1 (0)             ; 0 (0)        ; 0                 ; 0          ; 0    ; 0            ; |alu32|cla32_ov:U7_sub|cla4:U2_cla4|fa_v2:U1_fa|_xor2:U1_xor2                                                          ; work         ;
;                |_or2:U4_or2|         ; 1 (1)             ; 0 (0)        ; 0                 ; 0          ; 0    ; 0            ; |alu32|cla32_ov:U7_sub|cla4:U2_cla4|fa_v2:U1_fa|_xor2:U1_xor2|_or2:U4_or2                                              ; work         ;
;       |cla4:U3_cla4|                 ; 5 (0)             ; 0 (0)        ; 0                 ; 0          ; 0    ; 0            ; |alu32|cla32_ov:U7_sub|cla4:U3_cla4                                                                                    ; work         ;
;          |clb4:U4_clb4|              ; 4 (0)             ; 0 (0)        ; 0                 ; 0          ; 0    ; 0            ; |alu32|cla32_ov:U7_sub|cla4:U3_cla4|clb4:U4_clb4                                                                       ; work         ;
;             |_or3:U11_or3|           ; 2 (2)             ; 0 (0)        ; 0                 ; 0          ; 0    ; 0            ; |alu32|cla32_ov:U7_sub|cla4:U3_cla4|clb4:U4_clb4|_or3:U11_or3                                                          ; work         ;
;             |_or4:U15_or4|           ; 1 (1)             ; 0 (0)        ; 0                 ; 0          ; 0    ; 0            ; |alu32|cla32_ov:U7_sub|cla4:U3_cla4|clb4:U4_clb4|_or4:U15_or4                                                          ; work         ;
;             |_or5:U20_or5|           ; 1 (1)             ; 0 (0)        ; 0                 ; 0          ; 0    ; 0            ; |alu32|cla32_ov:U7_sub|cla4:U3_cla4|clb4:U4_clb4|_or5:U20_or5                                                          ; work         ;
;          |fa_v2:U1_fa|               ; 1 (0)             ; 0 (0)        ; 0                 ; 0          ; 0    ; 0            ; |alu32|cla32_ov:U7_sub|cla4:U3_cla4|fa_v2:U1_fa                                                                        ; work         ;
;             |_xor2:U1_xor2|          ; 1 (0)             ; 0 (0)        ; 0                 ; 0          ; 0    ; 0            ; |alu32|cla32_ov:U7_sub|cla4:U3_cla4|fa_v2:U1_fa|_xor2:U1_xor2                                                          ; work         ;
;                |_or2:U4_or2|         ; 1 (1)             ; 0 (0)        ; 0                 ; 0          ; 0    ; 0            ; |alu32|cla32_ov:U7_sub|cla4:U3_cla4|fa_v2:U1_fa|_xor2:U1_xor2|_or2:U4_or2                                              ; work         ;
;       |cla4:U4_cla4|                 ; 5 (0)             ; 0 (0)        ; 0                 ; 0          ; 0    ; 0            ; |alu32|cla32_ov:U7_sub|cla4:U4_cla4                                                                                    ; work         ;
;          |clb4:U4_clb4|              ; 4 (0)             ; 0 (0)        ; 0                 ; 0          ; 0    ; 0            ; |alu32|cla32_ov:U7_sub|cla4:U4_cla4|clb4:U4_clb4                                                                       ; work         ;
;             |_or3:U11_or3|           ; 2 (2)             ; 0 (0)        ; 0                 ; 0          ; 0    ; 0            ; |alu32|cla32_ov:U7_sub|cla4:U4_cla4|clb4:U4_clb4|_or3:U11_or3                                                          ; work         ;
;             |_or4:U15_or4|           ; 1 (1)             ; 0 (0)        ; 0                 ; 0          ; 0    ; 0            ; |alu32|cla32_ov:U7_sub|cla4:U4_cla4|clb4:U4_clb4|_or4:U15_or4                                                          ; work         ;
;             |_or5:U20_or5|           ; 1 (1)             ; 0 (0)        ; 0                 ; 0          ; 0    ; 0            ; |alu32|cla32_ov:U7_sub|cla4:U4_cla4|clb4:U4_clb4|_or5:U20_or5                                                          ; work         ;
;          |fa_v2:U1_fa|               ; 1 (0)             ; 0 (0)        ; 0                 ; 0          ; 0    ; 0            ; |alu32|cla32_ov:U7_sub|cla4:U4_cla4|fa_v2:U1_fa                                                                        ; work         ;
;             |_xor2:U1_xor2|          ; 1 (0)             ; 0 (0)        ; 0                 ; 0          ; 0    ; 0            ; |alu32|cla32_ov:U7_sub|cla4:U4_cla4|fa_v2:U1_fa|_xor2:U1_xor2                                                          ; work         ;
;                |_or2:U4_or2|         ; 1 (1)             ; 0 (0)        ; 0                 ; 0          ; 0    ; 0            ; |alu32|cla32_ov:U7_sub|cla4:U4_cla4|fa_v2:U1_fa|_xor2:U1_xor2|_or2:U4_or2                                              ; work         ;
;       |cla4:U5_cla4|                 ; 5 (0)             ; 0 (0)        ; 0                 ; 0          ; 0    ; 0            ; |alu32|cla32_ov:U7_sub|cla4:U5_cla4                                                                                    ; work         ;
;          |clb4:U4_clb4|              ; 4 (0)             ; 0 (0)        ; 0                 ; 0          ; 0    ; 0            ; |alu32|cla32_ov:U7_sub|cla4:U5_cla4|clb4:U4_clb4                                                                       ; work         ;
;             |_or3:U11_or3|           ; 2 (2)             ; 0 (0)        ; 0                 ; 0          ; 0    ; 0            ; |alu32|cla32_ov:U7_sub|cla4:U5_cla4|clb4:U4_clb4|_or3:U11_or3                                                          ; work         ;
;             |_or4:U15_or4|           ; 1 (1)             ; 0 (0)        ; 0                 ; 0          ; 0    ; 0            ; |alu32|cla32_ov:U7_sub|cla4:U5_cla4|clb4:U4_clb4|_or4:U15_or4                                                          ; work         ;
;             |_or5:U20_or5|           ; 1 (1)             ; 0 (0)        ; 0                 ; 0          ; 0    ; 0            ; |alu32|cla32_ov:U7_sub|cla4:U5_cla4|clb4:U4_clb4|_or5:U20_or5                                                          ; work         ;
;          |fa_v2:U1_fa|               ; 1 (0)             ; 0 (0)        ; 0                 ; 0          ; 0    ; 0            ; |alu32|cla32_ov:U7_sub|cla4:U5_cla4|fa_v2:U1_fa                                                                        ; work         ;
;             |_xor2:U1_xor2|          ; 1 (0)             ; 0 (0)        ; 0                 ; 0          ; 0    ; 0            ; |alu32|cla32_ov:U7_sub|cla4:U5_cla4|fa_v2:U1_fa|_xor2:U1_xor2                                                          ; work         ;
;                |_or2:U4_or2|         ; 1 (1)             ; 0 (0)        ; 0                 ; 0          ; 0    ; 0            ; |alu32|cla32_ov:U7_sub|cla4:U5_cla4|fa_v2:U1_fa|_xor2:U1_xor2|_or2:U4_or2                                              ; work         ;
;       |cla4:U6_cla4|                 ; 5 (0)             ; 0 (0)        ; 0                 ; 0          ; 0    ; 0            ; |alu32|cla32_ov:U7_sub|cla4:U6_cla4                                                                                    ; work         ;
;          |clb4:U4_clb4|              ; 4 (0)             ; 0 (0)        ; 0                 ; 0          ; 0    ; 0            ; |alu32|cla32_ov:U7_sub|cla4:U6_cla4|clb4:U4_clb4                                                                       ; work         ;
;             |_or3:U11_or3|           ; 2 (2)             ; 0 (0)        ; 0                 ; 0          ; 0    ; 0            ; |alu32|cla32_ov:U7_sub|cla4:U6_cla4|clb4:U4_clb4|_or3:U11_or3                                                          ; work         ;
;             |_or4:U15_or4|           ; 1 (1)             ; 0 (0)        ; 0                 ; 0          ; 0    ; 0            ; |alu32|cla32_ov:U7_sub|cla4:U6_cla4|clb4:U4_clb4|_or4:U15_or4                                                          ; work         ;
;             |_or5:U20_or5|           ; 1 (1)             ; 0 (0)        ; 0                 ; 0          ; 0    ; 0            ; |alu32|cla32_ov:U7_sub|cla4:U6_cla4|clb4:U4_clb4|_or5:U20_or5                                                          ; work         ;
;          |fa_v2:U1_fa|               ; 1 (0)             ; 0 (0)        ; 0                 ; 0          ; 0    ; 0            ; |alu32|cla32_ov:U7_sub|cla4:U6_cla4|fa_v2:U1_fa                                                                        ; work         ;
;             |_xor2:U1_xor2|          ; 1 (0)             ; 0 (0)        ; 0                 ; 0          ; 0    ; 0            ; |alu32|cla32_ov:U7_sub|cla4:U6_cla4|fa_v2:U1_fa|_xor2:U1_xor2                                                          ; work         ;
;                |_or2:U4_or2|         ; 1 (1)             ; 0 (0)        ; 0                 ; 0          ; 0    ; 0            ; |alu32|cla32_ov:U7_sub|cla4:U6_cla4|fa_v2:U1_fa|_xor2:U1_xor2|_or2:U4_or2                                              ; work         ;
;       |cla4_ov:U7_cla4_ov|           ; 5 (0)             ; 0 (0)        ; 0                 ; 0          ; 0    ; 0            ; |alu32|cla32_ov:U7_sub|cla4_ov:U7_cla4_ov                                                                              ; work         ;
;          |clb4:U4_clb4|              ; 4 (0)             ; 0 (0)        ; 0                 ; 0          ; 0    ; 0            ; |alu32|cla32_ov:U7_sub|cla4_ov:U7_cla4_ov|clb4:U4_clb4                                                                 ; work         ;
;             |_or3:U11_or3|           ; 2 (2)             ; 0 (0)        ; 0                 ; 0          ; 0    ; 0            ; |alu32|cla32_ov:U7_sub|cla4_ov:U7_cla4_ov|clb4:U4_clb4|_or3:U11_or3                                                    ; work         ;
;             |_or4:U15_or4|           ; 1 (1)             ; 0 (0)        ; 0                 ; 0          ; 0    ; 0            ; |alu32|cla32_ov:U7_sub|cla4_ov:U7_cla4_ov|clb4:U4_clb4|_or4:U15_or4                                                    ; work         ;
;             |_or5:U20_or5|           ; 1 (1)             ; 0 (0)        ; 0                 ; 0          ; 0    ; 0            ; |alu32|cla32_ov:U7_sub|cla4_ov:U7_cla4_ov|clb4:U4_clb4|_or5:U20_or5                                                    ; work         ;
;          |fa_v2:U1_fa|               ; 1 (0)             ; 0 (0)        ; 0                 ; 0          ; 0    ; 0            ; |alu32|cla32_ov:U7_sub|cla4_ov:U7_cla4_ov|fa_v2:U1_fa                                                                  ; work         ;
;             |_xor2:U1_xor2|          ; 1 (0)             ; 0 (0)        ; 0                 ; 0          ; 0    ; 0            ; |alu32|cla32_ov:U7_sub|cla4_ov:U7_cla4_ov|fa_v2:U1_fa|_xor2:U1_xor2                                                    ; work         ;
;                |_or2:U4_or2|         ; 1 (1)             ; 0 (0)        ; 0                 ; 0          ; 0    ; 0            ; |alu32|cla32_ov:U7_sub|cla4_ov:U7_cla4_ov|fa_v2:U1_fa|_xor2:U1_xor2|_or2:U4_or2                                        ; work         ;
;    |mx8_32bits:U8_mx8_32bits|        ; 36 (0)            ; 0 (0)        ; 0                 ; 0          ; 0    ; 0            ; |alu32|mx8_32bits:U8_mx8_32bits                                                                                        ; work         ;
;       |mx2_32bits:U4_mx2_32bits|     ; 36 (36)           ; 0 (0)        ; 0                 ; 0          ; 0    ; 0            ; |alu32|mx8_32bits:U8_mx8_32bits|mx2_32bits:U4_mx2_32bits                                                               ; work         ;
+--------------------------------------+-------------------+--------------+-------------------+------------+------+--------------+------------------------------------------------------------------------------------------------------------------------+--------------+
Note: For table entries with two numbers listed, the numbers in parentheses indicate the number of resources of the given type used by the specific entity alone. The numbers listed outside of parentheses indicate the total resources of the given type used by the specific entity and all of its sub-entities in the hierarchy.


+------------------------------------------------------+
; General Register Statistics                          ;
+----------------------------------------------+-------+
; Statistic                                    ; Value ;
+----------------------------------------------+-------+
; Total registers                              ; 0     ;
; Number of registers using Synchronous Clear  ; 0     ;
; Number of registers using Synchronous Load   ; 0     ;
; Number of registers using Asynchronous Clear ; 0     ;
; Number of registers using Asynchronous Load  ; 0     ;
; Number of registers using Clock Enable       ; 0     ;
; Number of registers using Preset             ; 0     ;
+----------------------------------------------+-------+


+---------------------------------------------------------------------------------------------------------------------------------------------------+
; Multiplexer Restructuring Statistics (Restructuring Performed)                                                                                    ;
+--------------------+-----------+---------------+----------------------+------------------------+------------+-------------------------------------+
; Multiplexer Inputs ; Bus Width ; Baseline Area ; Area if Restructured ; Saving if Restructured ; Registered ; Example Multiplexer Output          ;
+--------------------+-----------+---------------+----------------------+------------------------+------------+-------------------------------------+
; 3:1                ; 2 bits    ; 4 LEs         ; 4 LEs                ; 0 LEs                  ; No         ; |alu32|cal_flags32:U9_cal_flags32|v ;
+--------------------+-----------+---------------+----------------------+------------------------+------------+-------------------------------------+


+---------------------------------------------+
; Port Connectivity Checks: "cla32_ov:U7_sub" ;
+------+-------+----------+-------------------+
; Port ; Type  ; Severity ; Details           ;
+------+-------+----------+-------------------+
; ci   ; Input ; Info     ; Stuck at VCC      ;
+------+-------+----------+-------------------+


+---------------------------------------------+
; Port Connectivity Checks: "cla32_ov:U6_add" ;
+------+-------+----------+-------------------+
; Port ; Type  ; Severity ; Details           ;
+------+-------+----------+-------------------+
; ci   ; Input ; Info     ; Stuck at GND      ;
+------+-------+----------+-------------------+


+-----------------------------------------------------+
; Post-Synthesis Netlist Statistics for Top Partition ;
+-----------------------+-----------------------------+
; Type                  ; Count                       ;
+-----------------------+-----------------------------+
; arriav_lcell_comb     ; 137                         ;
;     extend            ; 30                          ;
;         7 data inputs ; 30                          ;
;     normal            ; 107                         ;
;         2 data inputs ; 13                          ;
;         3 data inputs ; 13                          ;
;         4 data inputs ; 11                          ;
;         5 data inputs ; 52                          ;
;         6 data inputs ; 18                          ;
; boundary_port         ; 103                         ;
;                       ;                             ;
; Max LUT depth         ; 7.00                        ;
; Average LUT depth     ; 6.04                        ;
+-----------------------+-----------------------------+


+-------------------------------+
; Elapsed Time Per Partition    ;
+----------------+--------------+
; Partition Name ; Elapsed Time ;
+----------------+--------------+
; Top            ; 00:00:00     ;
+----------------+--------------+


+-------------------------------+
; Analysis & Synthesis Messages ;
+-------------------------------+
Info: *******************************************************************
Info: Running Quartus Prime Analysis & Synthesis
    Info: Version 15.1.0 Build 185 10/21/2015 SJ Lite Edition
    Info: Processing started: Mon Oct 05 21:54:33 2020
Info: Command: quartus_map --read_settings_files=on --write_settings_files=off alu32 -c alu32
Info (20030): Parallel compilation is enabled and will use 6 of the 6 processors detected
Info (12021): Found 1 design units, including 1 entities, in source file fa_v2.v
    Info (12023): Found entity 1: fa_v2 File: C:/Users/jjaa7/Desktop/22/fa_v2.v Line: 1
Info (12021): Found 1 design units, including 1 entities, in source file clb4.v
    Info (12023): Found entity 1: clb4 File: C:/Users/jjaa7/Desktop/22/clb4.v Line: 1
Info (12021): Found 1 design units, including 1 entities, in source file cla4_ov.v
    Info (12023): Found entity 1: cla4_ov File: C:/Users/jjaa7/Desktop/22/cla4_ov.v Line: 1
Info (12021): Found 1 design units, including 1 entities, in source file cla4.v
    Info (12023): Found entity 1: cla4 File: C:/Users/jjaa7/Desktop/22/cla4.v Line: 1
Info (12021): Found 21 design units, including 21 entities, in source file gates.v
    Info (12023): Found entity 1: _inv File: C:/Users/jjaa7/Desktop/22/gates.v Line: 1
    Info (12023): Found entity 2: _nand2 File: C:/Users/jjaa7/Desktop/22/gates.v Line: 7
    Info (12023): Found entity 3: _and2 File: C:/Users/jjaa7/Desktop/22/gates.v Line: 13
    Info (12023): Found entity 4: _or2 File: C:/Users/jjaa7/Desktop/22/gates.v Line: 19
    Info (12023): Found entity 5: _xor2 File: C:/Users/jjaa7/Desktop/22/gates.v Line: 25
    Info (12023): Found entity 6: _and3 File: C:/Users/jjaa7/Desktop/22/gates.v Line: 37
    Info (12023): Found entity 7: _and4 File: C:/Users/jjaa7/Desktop/22/gates.v Line: 43
    Info (12023): Found entity 8: _and5 File: C:/Users/jjaa7/Desktop/22/gates.v Line: 49
    Info (12023): Found entity 9: _or3 File: C:/Users/jjaa7/Desktop/22/gates.v Line: 55
    Info (12023): Found entity 10: _or4 File: C:/Users/jjaa7/Desktop/22/gates.v Line: 61
    Info (12023): Found entity 11: _or5 File: C:/Users/jjaa7/Desktop/22/gates.v Line: 67
    Info (12023): Found entity 12: _inv_4bits File: C:/Users/jjaa7/Desktop/22/gates.v Line: 73
    Info (12023): Found entity 13: _and2_4bits File: C:/Users/jjaa7/Desktop/22/gates.v Line: 79
    Info (12023): Found entity 14: _or2_4bits File: C:/Users/jjaa7/Desktop/22/gates.v Line: 85
    Info (12023): Found entity 15: _xor2_4bits File: C:/Users/jjaa7/Desktop/22/gates.v Line: 91
    Info (12023): Found entity 16: _xnor2_4bits File: C:/Users/jjaa7/Desktop/22/gates.v Line: 100
    Info (12023): Found entity 17: _inv_32bits File: C:/Users/jjaa7/Desktop/22/gates.v Line: 108
    Info (12023): Found entity 18: _and2_32bits File: C:/Users/jjaa7/Desktop/22/gates.v Line: 114
    Info (12023): Found entity 19: _or2_32bits File: C:/Users/jjaa7/Desktop/22/gates.v Line: 120
    Info (12023): Found entity 20: _xor2_32bits File: C:/Users/jjaa7/Desktop/22/gates.v Line: 126
    Info (12023): Found entity 21: _xnor2_32bits File: C:/Users/jjaa7/Desktop/22/gates.v Line: 139
Info (12021): Found 1 design units, including 1 entities, in source file cla32_ov.v
    Info (12023): Found entity 1: cla32_ov File: C:/Users/jjaa7/Desktop/22/cla32_ov.v Line: 1
Info (12021): Found 1 design units, including 1 entities, in source file mx2_32bits.v
    Info (12023): Found entity 1: mx2_32bits File: C:/Users/jjaa7/Desktop/22/mx2_32bits.v Line: 1
Info (12021): Found 1 design units, including 1 entities, in source file mx8_32bits.v
    Info (12023): Found entity 1: mx8_32bits File: C:/Users/jjaa7/Desktop/22/mx8_32bits.v Line: 1
Info (12021): Found 1 design units, including 1 entities, in source file cal_flags32.v
    Info (12023): Found entity 1: cal_flags32 File: C:/Users/jjaa7/Desktop/22/cal_flags32.v Line: 1
Info (12021): Found 1 design units, including 1 entities, in source file alu32.v
    Info (12023): Found entity 1: alu32 File: C:/Users/jjaa7/Desktop/22/alu32.v Line: 1
Warning (10229): Verilog HDL Expression warning at tb_alu32.v(11): truncated literal to match 4 bits File: C:/Users/jjaa7/Desktop/22/tb_alu32.v Line: 11
Warning (10229): Verilog HDL Expression warning at tb_alu32.v(17): truncated literal to match 4 bits File: C:/Users/jjaa7/Desktop/22/tb_alu32.v Line: 17
Warning (10229): Verilog HDL Expression warning at tb_alu32.v(25): truncated literal to match 4 bits File: C:/Users/jjaa7/Desktop/22/tb_alu32.v Line: 25
Warning (10229): Verilog HDL Expression warning at tb_alu32.v(53): truncated literal to match 4 bits File: C:/Users/jjaa7/Desktop/22/tb_alu32.v Line: 53
Warning (10229): Verilog HDL Expression warning at tb_alu32.v(66): truncated literal to match 4 bits File: C:/Users/jjaa7/Desktop/22/tb_alu32.v Line: 66
Warning (10229): Verilog HDL Expression warning at tb_alu32.v(102): truncated literal to match 4 bits File: C:/Users/jjaa7/Desktop/22/tb_alu32.v Line: 102
Warning (10229): Verilog HDL Expression warning at tb_alu32.v(109): truncated literal to match 4 bits File: C:/Users/jjaa7/Desktop/22/tb_alu32.v Line: 109
Info (12021): Found 1 design units, including 1 entities, in source file tb_alu32.v
    Info (12023): Found entity 1: tb_alu32 File: C:/Users/jjaa7/Desktop/22/tb_alu32.v Line: 2
Info (12127): Elaborating entity "alu32" for the top level hierarchy
Info (12128): Elaborating entity "_inv_32bits" for hierarchy "_inv_32bits:U0_inv_32bits" File: C:/Users/jjaa7/Desktop/22/alu32.v Line: 8
Info (12128): Elaborating entity "_and2_32bits" for hierarchy "_and2_32bits:U2_and2_32bits" File: C:/Users/jjaa7/Desktop/22/alu32.v Line: 10
Info (12128): Elaborating entity "_or2_32bits" for hierarchy "_or2_32bits:U3_or2_32bits" File: C:/Users/jjaa7/Desktop/22/alu32.v Line: 11
Info (12128): Elaborating entity "_xor2_32bits" for hierarchy "_xor2_32bits:U4_xor2_32bits" File: C:/Users/jjaa7/Desktop/22/alu32.v Line: 12
Info (12128): Elaborating entity "_xor2_4bits" for hierarchy "_xor2_32bits:U4_xor2_32bits|_xor2_4bits:U0_xor2_4bits" File: C:/Users/jjaa7/Desktop/22/gates.v Line: 129
Info (12128): Elaborating entity "_xor2" for hierarchy "_xor2_32bits:U4_xor2_32bits|_xor2_4bits:U0_xor2_4bits|_xor2:U0_xor2" File: C:/Users/jjaa7/Desktop/22/gates.v Line: 94
Info (12128): Elaborating entity "_inv" for hierarchy "_xor2_32bits:U4_xor2_32bits|_xor2_4bits:U0_xor2_4bits|_xor2:U0_xor2|_inv:U0_inv" File: C:/Users/jjaa7/Desktop/22/gates.v Line: 30
Info (12128): Elaborating entity "_and2" for hierarchy "_xor2_32bits:U4_xor2_32bits|_xor2_4bits:U0_xor2_4bits|_xor2:U0_xor2|_and2:U2_and2" File: C:/Users/jjaa7/Desktop/22/gates.v Line: 32
Info (12128): Elaborating entity "_or2" for hierarchy "_xor2_32bits:U4_xor2_32bits|_xor2_4bits:U0_xor2_4bits|_xor2:U0_xor2|_or2:U4_or2" File: C:/Users/jjaa7/Desktop/22/gates.v Line: 34
Info (12128): Elaborating entity "_xnor2_32bits" for hierarchy "_xnor2_32bits:U5_xnor2_32bits" File: C:/Users/jjaa7/Desktop/22/alu32.v Line: 13
Info (12128): Elaborating entity "_xnor2_4bits" for hierarchy "_xnor2_32bits:U5_xnor2_32bits|_xnor2_4bits:U0_xnor2_4bits" File: C:/Users/jjaa7/Desktop/22/gates.v Line: 142
Info (12128): Elaborating entity "_inv_4bits" for hierarchy "_xnor2_32bits:U5_xnor2_32bits|_xnor2_4bits:U0_xnor2_4bits|_inv_4bits:U1_inv_4bits" File: C:/Users/jjaa7/Desktop/22/gates.v Line: 105
Info (12128): Elaborating entity "cla32_ov" for hierarchy "cla32_ov:U6_add" File: C:/Users/jjaa7/Desktop/22/alu32.v Line: 14
Info (12128): Elaborating entity "cla4" for hierarchy "cla32_ov:U6_add|cla4:U0_cla4" File: C:/Users/jjaa7/Desktop/22/cla32_ov.v Line: 8
Info (12128): Elaborating entity "fa_v2" for hierarchy "cla32_ov:U6_add|cla4:U0_cla4|fa_v2:U0_fa" File: C:/Users/jjaa7/Desktop/22/cla4.v Line: 7
Info (12128): Elaborating entity "clb4" for hierarchy "cla32_ov:U6_add|cla4:U0_cla4|clb4:U4_clb4" File: C:/Users/jjaa7/Desktop/22/cla4.v Line: 11
Info (12128): Elaborating entity "_and3" for hierarchy "cla32_ov:U6_add|cla4:U0_cla4|clb4:U4_clb4|_and3:U10_and3" File: C:/Users/jjaa7/Desktop/22/clb4.v Line: 37
Info (12128): Elaborating entity "_or3" for hierarchy "cla32_ov:U6_add|cla4:U0_cla4|clb4:U4_clb4|_or3:U11_or3" File: C:/Users/jjaa7/Desktop/22/clb4.v Line: 38
Info (12128): Elaborating entity "_and4" for hierarchy "cla32_ov:U6_add|cla4:U0_cla4|clb4:U4_clb4|_and4:U14_and4" File: C:/Users/jjaa7/Desktop/22/clb4.v Line: 43
Info (12128): Elaborating entity "_or4" for hierarchy "cla32_ov:U6_add|cla4:U0_cla4|clb4:U4_clb4|_or4:U15_or4" File: C:/Users/jjaa7/Desktop/22/clb4.v Line: 44
Info (12128): Elaborating entity "_and5" for hierarchy "cla32_ov:U6_add|cla4:U0_cla4|clb4:U4_clb4|_and5:U19_and5" File: C:/Users/jjaa7/Desktop/22/clb4.v Line: 50
Info (12128): Elaborating entity "_or5" for hierarchy "cla32_ov:U6_add|cla4:U0_cla4|clb4:U4_clb4|_or5:U20_or5" File: C:/Users/jjaa7/Desktop/22/clb4.v Line: 51
Info (12128): Elaborating entity "cla4_ov" for hierarchy "cla32_ov:U6_add|cla4_ov:U7_cla4_ov" File: C:/Users/jjaa7/Desktop/22/cla32_ov.v Line: 15
Info (12128): Elaborating entity "mx8_32bits" for hierarchy "mx8_32bits:U8_mx8_32bits" File: C:/Users/jjaa7/Desktop/22/alu32.v Line: 16
Info (12128): Elaborating entity "mx2_32bits" for hierarchy "mx8_32bits:U8_mx8_32bits|mx2_32bits:U0_mx2_32bits" File: C:/Users/jjaa7/Desktop/22/mx8_32bits.v Line: 6
Info (12128): Elaborating entity "cal_flags32" for hierarchy "cal_flags32:U9_cal_flags32" File: C:/Users/jjaa7/Desktop/22/alu32.v Line: 18
Info (286030): Timing-Driven Synthesis is running
Info (16010): Generating hard_block partition "hard_block:auto_generated_inst"
    Info (16011): Adding 0 node(s), including 0 DDIO, 0 PLL, 0 transceiver and 0 LCELL
Info (21057): Implemented 240 device resources after synthesis - the final resource count might be different
    Info (21058): Implemented 67 input pins
    Info (21059): Implemented 36 output pins
    Info (21061): Implemented 137 logic cells
Info: Quartus Prime Analysis & Synthesis was successful. 0 errors, 7 warnings
    Info: Peak virtual memory: 5023 megabytes
    Info: Processing ended: Mon Oct 05 21:54:43 2020
    Info: Elapsed time: 00:00:10
    Info: Total CPU time (on all processors): 00:00:20


